CRITICAL - 2023-04-11 05:06:14 --> Call to undefined function form_open()
in APPPATH\Views\pages\user\index.php on line 379.
 1 SYSTEMPATH\View\View.php(213): include()
 2 SYSTEMPATH\View\View.php(216): CodeIgniter\View\View->CodeIgniter\View\{closure}()
 3 SYSTEMPATH\Common.php(1177): CodeIgniter\View\View->render('pages/user/index', [], true)
 4 APPPATH\Controllers\Home.php(40): view('pages/user/index', [...])
 5 SYSTEMPATH\CodeIgniter.php(934): App\Controllers\Home->index()
 6 SYSTEMPATH\CodeIgniter.php(499): CodeIgniter\CodeIgniter->runController(Object(App\Controllers\Home))
 7 SYSTEMPATH\CodeIgniter.php(368): CodeIgniter\CodeIgniter->handleRequest(null, Object(Config\Cache), false)
 8 FCPATH\index.php(67): CodeIgniter\CodeIgniter->run()
 9 SYSTEMPATH\Commands\Server\rewrite.php(47): require_once('FCPATH\\index.php')
CRITICAL - 2023-04-11 05:06:40 --> Undefined constant "form_close"
in APPPATH\Views\pages\user\index.php on line 395.
 1 SYSTEMPATH\View\View.php(213): include()
 2 SYSTEMPATH\View\View.php(216): CodeIgniter\View\View->CodeIgniter\View\{closure}()
 3 SYSTEMPATH\Common.php(1177): CodeIgniter\View\View->render('pages/user/index', [], true)
 4 APPPATH\Controllers\Home.php(41): view('pages/user/index', [...])
 5 SYSTEMPATH\CodeIgniter.php(934): App\Controllers\Home->index()
 6 SYSTEMPATH\CodeIgniter.php(499): CodeIgniter\CodeIgniter->runController(Object(App\Controllers\Home))
 7 SYSTEMPATH\CodeIgniter.php(368): CodeIgniter\CodeIgniter->handleRequest(null, Object(Config\Cache), false)
 8 FCPATH\index.php(67): CodeIgniter\CodeIgniter->run()
 9 SYSTEMPATH\Commands\Server\rewrite.php(47): require_once('FCPATH\\index.php')
CRITICAL - 2023-04-11 05:13:29 --> Array to string conversion
in APPPATH\Controllers\Home.php on line 116.
 1 APPPATH\Controllers\Home.php(116): CodeIgniter\Debug\Exceptions->errorHandler(2, 'Array to string conversion', 'APPPATH\\Controllers\\Home.php', 116)
 2 SYSTEMPATH\CodeIgniter.php(934): App\Controllers\Home->smart()
 3 SYSTEMPATH\CodeIgniter.php(499): CodeIgniter\CodeIgniter->runController(Object(App\Controllers\Home))
 4 SYSTEMPATH\CodeIgniter.php(368): CodeIgniter\CodeIgniter->handleRequest(null, Object(Config\Cache), false)
 5 FCPATH\index.php(67): CodeIgniter\CodeIgniter->run()
 6 SYSTEMPATH\Commands\Server\rewrite.php(47): require_once('FCPATH\\index.php')
ERROR - 2023-04-11 05:31:16 --> mysqli_sql_exception: Unknown column 'Fungsi' in 'where clause' in C:\Users\abiisaleh\Documents\ci4\CodeIgniter4\system\Database\MySQLi\Connection.php:295
Stack trace:
#0 C:\Users\abiisaleh\Documents\ci4\CodeIgniter4\system\Database\MySQLi\Connection.php(295): mysqli->query('SELECT *\nFROM `...', 0)
#1 C:\Users\abiisaleh\Documents\ci4\CodeIgniter4\system\Database\BaseConnection.php(691): CodeIgniter\Database\MySQLi\Connection->execute('SELECT *\nFROM `...')
#2 C:\Users\abiisaleh\Documents\ci4\CodeIgniter4\system\Database\BaseConnection.php(605): CodeIgniter\Database\BaseConnection->simpleQuery('SELECT *\nFROM `...')
#3 C:\Users\abiisaleh\Documents\ci4\CodeIgniter4\system\Database\BaseBuilder.php(1602): CodeIgniter\Database\BaseConnection->query('SELECT *\nFROM `...', Array, false)
#4 C:\Users\abiisaleh\Documents\ci4\CodeIgniter4\system\Model.php(202): CodeIgniter\Database\BaseBuilder->get()
#5 C:\Users\abiisaleh\Documents\ci4\CodeIgniter4\system\BaseModel.php(557): CodeIgniter\Model->doFind(false, NULL)
#6 C:\Users\abiisaleh\Documents\ci4\ranu\app\Controllers\Home.php(114): CodeIgniter\BaseModel->find()
#7 C:\Users\abiisaleh\Documents\ci4\CodeIgniter4\system\CodeIgniter.php(934): App\Controllers\Home->smart()
#8 C:\Users\abiisaleh\Documents\ci4\CodeIgniter4\system\CodeIgniter.php(499): CodeIgniter\CodeIgniter->runController(Object(App\Controllers\Home))
#9 C:\Users\abiisaleh\Documents\ci4\CodeIgniter4\system\CodeIgniter.php(368): CodeIgniter\CodeIgniter->handleRequest(NULL, Object(Config\Cache), false)
#10 C:\Users\abiisaleh\Documents\ci4\ranu\public\index.php(67): CodeIgniter\CodeIgniter->run()
#11 C:\Users\abiisaleh\Documents\ci4\CodeIgniter4\system\Commands\Server\rewrite.php(47): require_once('C:\\Users\\abiisa...')
#12 {main}
CRITICAL - 2023-04-11 05:31:16 --> Unknown column 'Fungsi' in 'where clause'
in SYSTEMPATH\Database\BaseConnection.php on line 645.
 1 SYSTEMPATH\Database\BaseBuilder.php(1602): CodeIgniter\Database\BaseConnection->query('SELECT *
FROM `produk`
JOIN `fitur` ON `fkProduk` = `produk`.`id`
WHERE `Fungsi` = :Fungsi:
AND `Harga` = :Harga:
AND `Kapasitas` = :Kapasitas:
AND `Ukuran` = :Ukuran:
AND `Merek` = :Merek:
GROUP BY `model`', [...], false)
 2 SYSTEMPATH\Model.php(202): CodeIgniter\Database\BaseBuilder->get()
 3 SYSTEMPATH\BaseModel.php(557): CodeIgniter\Model->doFind(false, null)
 4 APPPATH\Controllers\Home.php(114): CodeIgniter\BaseModel->find()
 5 SYSTEMPATH\CodeIgniter.php(934): App\Controllers\Home->smart()
 6 SYSTEMPATH\CodeIgniter.php(499): CodeIgniter\CodeIgniter->runController(Object(App\Controllers\Home))
 7 SYSTEMPATH\CodeIgniter.php(368): CodeIgniter\CodeIgniter->handleRequest(null, Object(Config\Cache), false)
 8 FCPATH\index.php(67): CodeIgniter\CodeIgniter->run()
 9 SYSTEMPATH\Commands\Server\rewrite.php(47): require_once('FCPATH\\index.php')
ERROR - 2023-04-11 05:32:22 --> mysqli_sql_exception: You have an error in your SQL syntax; check the manual that corresponds to your MariaDB server version for the right syntax to use near 'Listrik
GROUP BY `model`' at line 5 in C:\Users\abiisaleh\Documents\ci4\CodeIgniter4\system\Database\MySQLi\Connection.php:295
Stack trace:
#0 C:\Users\abiisaleh\Documents\ci4\CodeIgniter4\system\Database\MySQLi\Connection.php(295): mysqli->query('SELECT *\nFROM `...', 0)
#1 C:\Users\abiisaleh\Documents\ci4\CodeIgniter4\system\Database\BaseConnection.php(691): CodeIgniter\Database\MySQLi\Connection->execute('SELECT *\nFROM `...')
#2 C:\Users\abiisaleh\Documents\ci4\CodeIgniter4\system\Database\BaseConnection.php(605): CodeIgniter\Database\BaseConnection->simpleQuery('SELECT *\nFROM `...')
#3 C:\Users\abiisaleh\Documents\ci4\CodeIgniter4\system\Database\BaseBuilder.php(1602): CodeIgniter\Database\BaseConnection->query('SELECT *\nFROM `...', Array, false)
#4 C:\Users\abiisaleh\Documents\ci4\CodeIgniter4\system\Model.php(202): CodeIgniter\Database\BaseBuilder->get()
#5 C:\Users\abiisaleh\Documents\ci4\CodeIgniter4\system\BaseModel.php(557): CodeIgniter\Model->doFind(false, NULL)
#6 C:\Users\abiisaleh\Documents\ci4\ranu\app\Controllers\Home.php(114): CodeIgniter\BaseModel->find()
#7 C:\Users\abiisaleh\Documents\ci4\CodeIgniter4\system\CodeIgniter.php(934): App\Controllers\Home->smart()
#8 C:\Users\abiisaleh\Documents\ci4\CodeIgniter4\system\CodeIgniter.php(499): CodeIgniter\CodeIgniter->runController(Object(App\Controllers\Home))
#9 C:\Users\abiisaleh\Documents\ci4\CodeIgniter4\system\CodeIgniter.php(368): CodeIgniter\CodeIgniter->handleRequest(NULL, Object(Config\Cache), false)
#10 C:\Users\abiisaleh\Documents\ci4\ranu\public\index.php(67): CodeIgniter\CodeIgniter->run()
#11 C:\Users\abiisaleh\Documents\ci4\CodeIgniter4\system\Commands\Server\rewrite.php(47): require_once('C:\\Users\\abiisa...')
#12 {main}
CRITICAL - 2023-04-11 05:32:23 --> You have an error in your SQL syntax; check the manual that corresponds to your MariaDB server version for the right syntax to use near 'Listrik
GROUP BY `model`' at line 5
in SYSTEMPATH\Database\BaseConnection.php on line 645.
 1 SYSTEMPATH\Database\BaseBuilder.php(1602): CodeIgniter\Database\BaseConnection->query('SELECT *
FROM `produk`
JOIN `fitur` ON `fkProduk` = `produk`.`id`
WHERE `Fungsi` = :Fungsi:
AND Daya Listrik
GROUP BY `model`', [...], false)
 2 SYSTEMPATH\Model.php(202): CodeIgniter\Database\BaseBuilder->get()
 3 SYSTEMPATH\BaseModel.php(557): CodeIgniter\Model->doFind(false, null)
 4 APPPATH\Controllers\Home.php(114): CodeIgniter\BaseModel->find()
 5 SYSTEMPATH\CodeIgniter.php(934): App\Controllers\Home->smart()
 6 SYSTEMPATH\CodeIgniter.php(499): CodeIgniter\CodeIgniter->runController(Object(App\Controllers\Home))
 7 SYSTEMPATH\CodeIgniter.php(368): CodeIgniter\CodeIgniter->handleRequest(null, Object(Config\Cache), false)
 8 FCPATH\index.php(67): CodeIgniter\CodeIgniter->run()
 9 SYSTEMPATH\Commands\Server\rewrite.php(47): require_once('FCPATH\\index.php')
ERROR - 2023-04-11 05:34:16 --> mysqli_sql_exception: Unknown column 'Fungsi' in 'where clause' in C:\Users\abiisaleh\Documents\ci4\CodeIgniter4\system\Database\MySQLi\Connection.php:295
Stack trace:
#0 C:\Users\abiisaleh\Documents\ci4\CodeIgniter4\system\Database\MySQLi\Connection.php(295): mysqli->query('SELECT *\nFROM `...', 0)
#1 C:\Users\abiisaleh\Documents\ci4\CodeIgniter4\system\Database\BaseConnection.php(691): CodeIgniter\Database\MySQLi\Connection->execute('SELECT *\nFROM `...')
#2 C:\Users\abiisaleh\Documents\ci4\CodeIgniter4\system\Database\BaseConnection.php(605): CodeIgniter\Database\BaseConnection->simpleQuery('SELECT *\nFROM `...')
#3 C:\Users\abiisaleh\Documents\ci4\CodeIgniter4\system\Database\BaseBuilder.php(1602): CodeIgniter\Database\BaseConnection->query('SELECT *\nFROM `...', Array, false)
#4 C:\Users\abiisaleh\Documents\ci4\CodeIgniter4\system\Model.php(202): CodeIgniter\Database\BaseBuilder->get()
#5 C:\Users\abiisaleh\Documents\ci4\CodeIgniter4\system\BaseModel.php(557): CodeIgniter\Model->doFind(false, NULL)
#6 C:\Users\abiisaleh\Documents\ci4\ranu\app\Controllers\Home.php(116): CodeIgniter\BaseModel->find()
#7 C:\Users\abiisaleh\Documents\ci4\CodeIgniter4\system\CodeIgniter.php(934): App\Controllers\Home->smart()
#8 C:\Users\abiisaleh\Documents\ci4\CodeIgniter4\system\CodeIgniter.php(499): CodeIgniter\CodeIgniter->runController(Object(App\Controllers\Home))
#9 C:\Users\abiisaleh\Documents\ci4\CodeIgniter4\system\CodeIgniter.php(368): CodeIgniter\CodeIgniter->handleRequest(NULL, Object(Config\Cache), false)
#10 C:\Users\abiisaleh\Documents\ci4\ranu\public\index.php(67): CodeIgniter\CodeIgniter->run()
#11 C:\Users\abiisaleh\Documents\ci4\CodeIgniter4\system\Commands\Server\rewrite.php(47): require_once('C:\\Users\\abiisa...')
#12 {main}
CRITICAL - 2023-04-11 05:34:16 --> Unknown column 'Fungsi' in 'where clause'
in SYSTEMPATH\Database\BaseConnection.php on line 645.
 1 SYSTEMPATH\Database\BaseBuilder.php(1602): CodeIgniter\Database\BaseConnection->query('SELECT *
FROM `produk`
JOIN `fitur` ON `fkProduk` = `produk`.`id`
WHERE `Fungsi` = :Fungsi:
GROUP BY `model`', [...], false)
 2 SYSTEMPATH\Model.php(202): CodeIgniter\Database\BaseBuilder->get()
 3 SYSTEMPATH\BaseModel.php(557): CodeIgniter\Model->doFind(false, null)
 4 APPPATH\Controllers\Home.php(116): CodeIgniter\BaseModel->find()
 5 SYSTEMPATH\CodeIgniter.php(934): App\Controllers\Home->smart()
 6 SYSTEMPATH\CodeIgniter.php(499): CodeIgniter\CodeIgniter->runController(Object(App\Controllers\Home))
 7 SYSTEMPATH\CodeIgniter.php(368): CodeIgniter\CodeIgniter->handleRequest(null, Object(Config\Cache), false)
 8 FCPATH\index.php(67): CodeIgniter\CodeIgniter->run()
 9 SYSTEMPATH\Commands\Server\rewrite.php(47): require_once('FCPATH\\index.php')
CRITICAL - 2023-04-11 05:49:34 --> syntax error, unexpected token "=", expecting ")"
in APPPATH\Controllers\Home.php on line 117.
 1 SYSTEMPATH\Autoloader\Autoloader.php(289): CodeIgniter\Autoloader\Autoloader->includeFile('APPPATH\\Controllers\\Home.php')
 2 SYSTEMPATH\Autoloader\Autoloader.php(267): CodeIgniter\Autoloader\Autoloader->loadInNamespace('App\\Controllers\\Home')
 3 [internal function]: CodeIgniter\Autoloader\Autoloader->loadClass('App\\Controllers\\Home')
 4 SYSTEMPATH\CodeIgniter.php(892): class_exists('\\App\\Controllers\\Home', true)
 5 SYSTEMPATH\CodeIgniter.php(486): CodeIgniter\CodeIgniter->startController()
 6 SYSTEMPATH\CodeIgniter.php(368): CodeIgniter\CodeIgniter->handleRequest(null, Object(Config\Cache), false)
 7 FCPATH\index.php(67): CodeIgniter\CodeIgniter->run()
 8 SYSTEMPATH\Commands\Server\rewrite.php(47): require_once('FCPATH\\index.php')
CRITICAL - 2023-04-11 05:49:39 --> syntax error, unexpected token "=", expecting ")"
in APPPATH\Controllers\Home.php on line 117.
 1 SYSTEMPATH\Autoloader\Autoloader.php(289): CodeIgniter\Autoloader\Autoloader->includeFile('APPPATH\\Controllers\\Home.php')
 2 SYSTEMPATH\Autoloader\Autoloader.php(267): CodeIgniter\Autoloader\Autoloader->loadInNamespace('App\\Controllers\\Home')
 3 [internal function]: CodeIgniter\Autoloader\Autoloader->loadClass('App\\Controllers\\Home')
 4 SYSTEMPATH\CodeIgniter.php(892): class_exists('\\App\\Controllers\\Home', true)
 5 SYSTEMPATH\CodeIgniter.php(486): CodeIgniter\CodeIgniter->startController()
 6 SYSTEMPATH\CodeIgniter.php(368): CodeIgniter\CodeIgniter->handleRequest(null, Object(Config\Cache), false)
 7 FCPATH\index.php(67): CodeIgniter\CodeIgniter->run()
 8 SYSTEMPATH\Commands\Server\rewrite.php(47): require_once('FCPATH\\index.php')
ERROR - 2023-04-11 05:50:03 --> mysqli_sql_exception: Unknown column 'nilia' in 'where clause' in C:\Users\abiisaleh\Documents\ci4\CodeIgniter4\system\Database\MySQLi\Connection.php:295
Stack trace:
#0 C:\Users\abiisaleh\Documents\ci4\CodeIgniter4\system\Database\MySQLi\Connection.php(295): mysqli->query('SELECT *\nFROM `...', 0)
#1 C:\Users\abiisaleh\Documents\ci4\CodeIgniter4\system\Database\BaseConnection.php(691): CodeIgniter\Database\MySQLi\Connection->execute('SELECT *\nFROM `...')
#2 C:\Users\abiisaleh\Documents\ci4\CodeIgniter4\system\Database\BaseConnection.php(605): CodeIgniter\Database\BaseConnection->simpleQuery('SELECT *\nFROM `...')
#3 C:\Users\abiisaleh\Documents\ci4\CodeIgniter4\system\Database\BaseBuilder.php(1602): CodeIgniter\Database\BaseConnection->query('SELECT *\nFROM `...', Array, false)
#4 C:\Users\abiisaleh\Documents\ci4\CodeIgniter4\system\Model.php(202): CodeIgniter\Database\BaseBuilder->get()
#5 C:\Users\abiisaleh\Documents\ci4\CodeIgniter4\system\BaseModel.php(557): CodeIgniter\Model->doFind(false, NULL)
#6 C:\Users\abiisaleh\Documents\ci4\ranu\app\Controllers\Home.php(117): CodeIgniter\BaseModel->find()
#7 C:\Users\abiisaleh\Documents\ci4\CodeIgniter4\system\CodeIgniter.php(934): App\Controllers\Home->smart()
#8 C:\Users\abiisaleh\Documents\ci4\CodeIgniter4\system\CodeIgniter.php(499): CodeIgniter\CodeIgniter->runController(Object(App\Controllers\Home))
#9 C:\Users\abiisaleh\Documents\ci4\CodeIgniter4\system\CodeIgniter.php(368): CodeIgniter\CodeIgniter->handleRequest(NULL, Object(Config\Cache), false)
#10 C:\Users\abiisaleh\Documents\ci4\ranu\public\index.php(67): CodeIgniter\CodeIgniter->run()
#11 C:\Users\abiisaleh\Documents\ci4\CodeIgniter4\system\Commands\Server\rewrite.php(47): require_once('C:\\Users\\abiisa...')
#12 {main}
CRITICAL - 2023-04-11 05:50:03 --> Unknown column 'nilia' in 'where clause'
in SYSTEMPATH\Database\BaseConnection.php on line 645.
 1 SYSTEMPATH\Database\BaseBuilder.php(1602): CodeIgniter\Database\BaseConnection->query('SELECT *
FROM `produk`
JOIN `fitur` ON `fkProduk` = `produk`.`id`
WHERE `nilia` = :nilia:
GROUP BY `model`', [...], false)
 2 SYSTEMPATH\Model.php(202): CodeIgniter\Database\BaseBuilder->get()
 3 SYSTEMPATH\BaseModel.php(557): CodeIgniter\Model->doFind(false, null)
 4 APPPATH\Controllers\Home.php(117): CodeIgniter\BaseModel->find()
 5 SYSTEMPATH\CodeIgniter.php(934): App\Controllers\Home->smart()
 6 SYSTEMPATH\CodeIgniter.php(499): CodeIgniter\CodeIgniter->runController(Object(App\Controllers\Home))
 7 SYSTEMPATH\CodeIgniter.php(368): CodeIgniter\CodeIgniter->handleRequest(null, Object(Config\Cache), false)
 8 FCPATH\index.php(67): CodeIgniter\CodeIgniter->run()
 9 SYSTEMPATH\Commands\Server\rewrite.php(47): require_once('FCPATH\\index.php')
ERROR - 2023-04-11 05:50:32 --> mysqli_sql_exception: Illegal parameter data types varchar and row for operation '=' in C:\Users\abiisaleh\Documents\ci4\CodeIgniter4\system\Database\MySQLi\Connection.php:295
Stack trace:
#0 C:\Users\abiisaleh\Documents\ci4\CodeIgniter4\system\Database\MySQLi\Connection.php(295): mysqli->query('SELECT *\nFROM `...', 0)
#1 C:\Users\abiisaleh\Documents\ci4\CodeIgniter4\system\Database\BaseConnection.php(691): CodeIgniter\Database\MySQLi\Connection->execute('SELECT *\nFROM `...')
#2 C:\Users\abiisaleh\Documents\ci4\CodeIgniter4\system\Database\BaseConnection.php(605): CodeIgniter\Database\BaseConnection->simpleQuery('SELECT *\nFROM `...')
#3 C:\Users\abiisaleh\Documents\ci4\CodeIgniter4\system\Database\BaseBuilder.php(1602): CodeIgniter\Database\BaseConnection->query('SELECT *\nFROM `...', Array, false)
#4 C:\Users\abiisaleh\Documents\ci4\CodeIgniter4\system\Model.php(202): CodeIgniter\Database\BaseBuilder->get()
#5 C:\Users\abiisaleh\Documents\ci4\CodeIgniter4\system\BaseModel.php(557): CodeIgniter\Model->doFind(false, NULL)
#6 C:\Users\abiisaleh\Documents\ci4\ranu\app\Controllers\Home.php(117): CodeIgniter\BaseModel->find()
#7 C:\Users\abiisaleh\Documents\ci4\CodeIgniter4\system\CodeIgniter.php(934): App\Controllers\Home->smart()
#8 C:\Users\abiisaleh\Documents\ci4\CodeIgniter4\system\CodeIgniter.php(499): CodeIgniter\CodeIgniter->runController(Object(App\Controllers\Home))
#9 C:\Users\abiisaleh\Documents\ci4\CodeIgniter4\system\CodeIgniter.php(368): CodeIgniter\CodeIgniter->handleRequest(NULL, Object(Config\Cache), false)
#10 C:\Users\abiisaleh\Documents\ci4\ranu\public\index.php(67): CodeIgniter\CodeIgniter->run()
#11 C:\Users\abiisaleh\Documents\ci4\CodeIgniter4\system\Commands\Server\rewrite.php(47): require_once('C:\\Users\\abiisa...')
#12 {main}
CRITICAL - 2023-04-11 05:50:32 --> Illegal parameter data types varchar and row for operation '='
in SYSTEMPATH\Database\BaseConnection.php on line 645.
 1 SYSTEMPATH\Database\BaseBuilder.php(1602): CodeIgniter\Database\BaseConnection->query('SELECT *
FROM `produk`
JOIN `fitur` ON `fkProduk` = `produk`.`id`
WHERE `nilai` = :nilai:
GROUP BY `model`', [...], false)
 2 SYSTEMPATH\Model.php(202): CodeIgniter\Database\BaseBuilder->get()
 3 SYSTEMPATH\BaseModel.php(557): CodeIgniter\Model->doFind(false, null)
 4 APPPATH\Controllers\Home.php(117): CodeIgniter\BaseModel->find()
 5 SYSTEMPATH\CodeIgniter.php(934): App\Controllers\Home->smart()
 6 SYSTEMPATH\CodeIgniter.php(499): CodeIgniter\CodeIgniter->runController(Object(App\Controllers\Home))
 7 SYSTEMPATH\CodeIgniter.php(368): CodeIgniter\CodeIgniter->handleRequest(null, Object(Config\Cache), false)
 8 FCPATH\index.php(67): CodeIgniter\CodeIgniter->run()
 9 SYSTEMPATH\Commands\Server\rewrite.php(47): require_once('FCPATH\\index.php')
