CRITICAL - 2023-03-03 07:08:55 --> Undefined variable $Jenis
in APPPATH\Views\pages\admin\kriteria.php on line 13.
 1 APPPATH\Views\pages\admin\kriteria.php(13): CodeIgniter\Debug\Exceptions->errorHandler(2, 'Undefined variable $Jenis', 'APPPATH\\Views\\pages\\admin\\kriteria.php', 13)
 2 SYSTEMPATH\View\View.php(213): include('APPPATH\\Views\\pages\\admin\\kriteria.php')
 3 SYSTEMPATH\View\View.php(216): CodeIgniter\View\View->CodeIgniter\View\{closure}()
 4 SYSTEMPATH\Common.php(1177): CodeIgniter\View\View->render('pages/admin/kriteria', [], true)
 5 APPPATH\Controllers\admin\Kriteria.php(27): view('pages/admin/kriteria', [...])
 6 SYSTEMPATH\CodeIgniter.php(934): App\Controllers\Admin\Kriteria->index()
 7 SYSTEMPATH\CodeIgniter.php(499): CodeIgniter\CodeIgniter->runController(Object(App\Controllers\Admin\Kriteria))
 8 SYSTEMPATH\CodeIgniter.php(368): CodeIgniter\CodeIgniter->handleRequest(null, Object(Config\Cache), false)
 9 FCPATH\index.php(67): CodeIgniter\CodeIgniter->run()
10 SYSTEMPATH\Commands\Server\rewrite.php(47): require_once('FCPATH\\index.php')
CRITICAL - 2023-03-03 09:49:12 --> Call to a member function countAll() on null
in APPPATH\Controllers\admin\Dashboard.php on line 14.
 1 SYSTEMPATH\CodeIgniter.php(934): App\Controllers\Admin\Dashboard->index()
 2 SYSTEMPATH\CodeIgniter.php(499): CodeIgniter\CodeIgniter->runController(Object(App\Controllers\Admin\Dashboard))
 3 SYSTEMPATH\CodeIgniter.php(368): CodeIgniter\CodeIgniter->handleRequest(null, Object(Config\Cache), false)
 4 FCPATH\index.php(67): CodeIgniter\CodeIgniter->run()
 5 SYSTEMPATH\Commands\Server\rewrite.php(47): require_once('FCPATH\\index.php')
CRITICAL - 2023-03-03 09:49:24 --> Call to a member function countAll() on null
in APPPATH\Controllers\admin\Dashboard.php on line 14.
 1 SYSTEMPATH\CodeIgniter.php(934): App\Controllers\Admin\Dashboard->index()
 2 SYSTEMPATH\CodeIgniter.php(499): CodeIgniter\CodeIgniter->runController(Object(App\Controllers\Admin\Dashboard))
 3 SYSTEMPATH\CodeIgniter.php(368): CodeIgniter\CodeIgniter->handleRequest(null, Object(Config\Cache), false)
 4 FCPATH\index.php(67): CodeIgniter\CodeIgniter->run()
 5 SYSTEMPATH\Commands\Server\rewrite.php(47): require_once('FCPATH\\index.php')
CRITICAL - 2023-03-03 09:49:29 --> Call to a member function countAll() on null
in APPPATH\Controllers\admin\Dashboard.php on line 14.
 1 SYSTEMPATH\CodeIgniter.php(934): App\Controllers\Admin\Dashboard->index()
 2 SYSTEMPATH\CodeIgniter.php(499): CodeIgniter\CodeIgniter->runController(Object(App\Controllers\Admin\Dashboard))
 3 SYSTEMPATH\CodeIgniter.php(368): CodeIgniter\CodeIgniter->handleRequest(null, Object(Config\Cache), false)
 4 FCPATH\index.php(67): CodeIgniter\CodeIgniter->run()
 5 SYSTEMPATH\Commands\Server\rewrite.php(47): require_once('FCPATH\\index.php')
CRITICAL - 2023-03-03 09:49:30 --> Call to a member function countAll() on null
in APPPATH\Controllers\admin\Dashboard.php on line 14.
 1 SYSTEMPATH\CodeIgniter.php(934): App\Controllers\Admin\Dashboard->index()
 2 SYSTEMPATH\CodeIgniter.php(499): CodeIgniter\CodeIgniter->runController(Object(App\Controllers\Admin\Dashboard))
 3 SYSTEMPATH\CodeIgniter.php(368): CodeIgniter\CodeIgniter->handleRequest(null, Object(Config\Cache), false)
 4 FCPATH\index.php(67): CodeIgniter\CodeIgniter->run()
 5 SYSTEMPATH\Commands\Server\rewrite.php(47): require_once('FCPATH\\index.php')
