CRITICAL - 2023-04-27 00:25:16 --> Call to undefined function form_open()
in APPPATH\Views\pages\user\pembayaran.php on line 69.
 1 SYSTEMPATH\View\View.php(213): include()
 2 SYSTEMPATH\View\View.php(216): CodeIgniter\View\View->CodeIgniter\View\{closure}()
 3 SYSTEMPATH\Common.php(1177): CodeIgniter\View\View->render('pages/user/pembayaran', [], true)
 4 APPPATH\Controllers\Home.php(94): view('pages/user/pembayaran', [...])
 5 SYSTEMPATH\CodeIgniter.php(934): App\Controllers\Home->pembayaran('2')
 6 SYSTEMPATH\CodeIgniter.php(499): CodeIgniter\CodeIgniter->runController(Object(App\Controllers\Home))
 7 SYSTEMPATH\CodeIgniter.php(368): CodeIgniter\CodeIgniter->handleRequest(null, Object(Config\Cache), false)
 8 FCPATH\index.php(67): CodeIgniter\CodeIgniter->run()
 9 SYSTEMPATH\Commands\Server\rewrite.php(47): require_once('FCPATH\\index.php')
CRITICAL - 2023-04-27 00:30:06 --> Undefined variable $idPesanan
in APPPATH\Views\pages\user\pembayaran.php on line 70.
 1 APPPATH\Views\pages\user\pembayaran.php(70): CodeIgniter\Debug\Exceptions->errorHandler(2, 'Undefined variable $idPesanan', 'APPPATH\\Views\\pages\\user\\pembayaran.php', 70)
 2 SYSTEMPATH\View\View.php(213): include('APPPATH\\Views\\pages\\user\\pembayaran.php')
 3 SYSTEMPATH\View\View.php(216): CodeIgniter\View\View->CodeIgniter\View\{closure}()
 4 SYSTEMPATH\Common.php(1177): CodeIgniter\View\View->render('pages/user/pembayaran', [], true)
 5 APPPATH\Controllers\Home.php(95): view('pages/user/pembayaran', [...])
 6 SYSTEMPATH\CodeIgniter.php(934): App\Controllers\Home->pembayaran('2')
 7 SYSTEMPATH\CodeIgniter.php(499): CodeIgniter\CodeIgniter->runController(Object(App\Controllers\Home))
 8 SYSTEMPATH\CodeIgniter.php(368): CodeIgniter\CodeIgniter->handleRequest(null, Object(Config\Cache), false)
 9 FCPATH\index.php(67): CodeIgniter\CodeIgniter->run()
10 SYSTEMPATH\Commands\Server\rewrite.php(47): require_once('FCPATH\\index.php')
CRITICAL - 2023-04-27 08:05:59 --> Undefined array key 0
in APPPATH\Controllers\Home.php on line 160.
 1 APPPATH\Controllers\Home.php(160): CodeIgniter\Debug\Exceptions->errorHandler(2, 'Undefined array key 0', 'APPPATH\\Controllers\\Home.php', 160)
 2 SYSTEMPATH\CodeIgniter.php(934): App\Controllers\Home->smart()
 3 SYSTEMPATH\CodeIgniter.php(499): CodeIgniter\CodeIgniter->runController(Object(App\Controllers\Home))
 4 SYSTEMPATH\CodeIgniter.php(368): CodeIgniter\CodeIgniter->handleRequest(null, Object(Config\Cache), false)
 5 FCPATH\index.php(67): CodeIgniter\CodeIgniter->run()
 6 SYSTEMPATH\Commands\Server\rewrite.php(47): require_once('FCPATH\\index.php')
CRITICAL - 2023-04-27 08:06:14 --> Undefined array key 0
in APPPATH\Controllers\Home.php on line 160.
 1 APPPATH\Controllers\Home.php(160): CodeIgniter\Debug\Exceptions->errorHandler(2, 'Undefined array key 0', 'APPPATH\\Controllers\\Home.php', 160)
 2 SYSTEMPATH\CodeIgniter.php(934): App\Controllers\Home->smart()
 3 SYSTEMPATH\CodeIgniter.php(499): CodeIgniter\CodeIgniter->runController(Object(App\Controllers\Home))
 4 SYSTEMPATH\CodeIgniter.php(368): CodeIgniter\CodeIgniter->handleRequest(null, Object(Config\Cache), false)
 5 FCPATH\index.php(67): CodeIgniter\CodeIgniter->run()
 6 SYSTEMPATH\Commands\Server\rewrite.php(47): require_once('FCPATH\\index.php')
CRITICAL - 2023-04-27 08:17:26 --> Undefined array key "utility_Merek"
in APPPATH\Views\pages\user\rekomendasi.php on line 131.
 1 APPPATH\Views\pages\user\rekomendasi.php(131): CodeIgniter\Debug\Exceptions->errorHandler(2, 'Undefined array key "utility_Merek"', 'APPPATH\\Views\\pages\\user\\rekomendasi.php', 131)
 2 SYSTEMPATH\View\View.php(213): include('APPPATH\\Views\\pages\\user\\rekomendasi.php')
 3 SYSTEMPATH\View\View.php(216): CodeIgniter\View\View->CodeIgniter\View\{closure}()
 4 SYSTEMPATH\Common.php(1177): CodeIgniter\View\View->render('pages/user/rekomendasi', [], true)
 5 APPPATH\Controllers\Home.php(225): view('pages/user/rekomendasi', [...])
 6 SYSTEMPATH\CodeIgniter.php(934): App\Controllers\Home->smart()
 7 SYSTEMPATH\CodeIgniter.php(499): CodeIgniter\CodeIgniter->runController(Object(App\Controllers\Home))
 8 SYSTEMPATH\CodeIgniter.php(368): CodeIgniter\CodeIgniter->handleRequest(null, Object(Config\Cache), false)
 9 FCPATH\index.php(67): CodeIgniter\CodeIgniter->run()
10 SYSTEMPATH\Commands\Server\rewrite.php(47): require_once('FCPATH\\index.php')
CRITICAL - 2023-04-27 08:18:24 --> Undefined array key "utility_Merek"
in APPPATH\Views\pages\user\rekomendasi.php on line 131.
 1 APPPATH\Views\pages\user\rekomendasi.php(131): CodeIgniter\Debug\Exceptions->errorHandler(2, 'Undefined array key "utility_Merek"', 'APPPATH\\Views\\pages\\user\\rekomendasi.php', 131)
 2 SYSTEMPATH\View\View.php(213): include('APPPATH\\Views\\pages\\user\\rekomendasi.php')
 3 SYSTEMPATH\View\View.php(216): CodeIgniter\View\View->CodeIgniter\View\{closure}()
 4 SYSTEMPATH\Common.php(1177): CodeIgniter\View\View->render('pages/user/rekomendasi', [], true)
 5 APPPATH\Controllers\Home.php(223): view('pages/user/rekomendasi', [...])
 6 SYSTEMPATH\CodeIgniter.php(934): App\Controllers\Home->smart()
 7 SYSTEMPATH\CodeIgniter.php(499): CodeIgniter\CodeIgniter->runController(Object(App\Controllers\Home))
 8 SYSTEMPATH\CodeIgniter.php(368): CodeIgniter\CodeIgniter->handleRequest(null, Object(Config\Cache), false)
 9 FCPATH\index.php(67): CodeIgniter\CodeIgniter->run()
10 SYSTEMPATH\Commands\Server\rewrite.php(47): require_once('FCPATH\\index.php')
CRITICAL - 2023-04-27 08:19:39 --> Undefined array key "normalisasi"
in APPPATH\Views\pages\user\rekomendasi.php on line 81.
 1 APPPATH\Views\pages\user\rekomendasi.php(81): CodeIgniter\Debug\Exceptions->errorHandler(2, 'Undefined array key "normalisasi"', 'APPPATH\\Views\\pages\\user\\rekomendasi.php', 81)
 2 SYSTEMPATH\View\View.php(213): include('APPPATH\\Views\\pages\\user\\rekomendasi.php')
 3 SYSTEMPATH\View\View.php(216): CodeIgniter\View\View->CodeIgniter\View\{closure}()
 4 SYSTEMPATH\Common.php(1177): CodeIgniter\View\View->render('pages/user/rekomendasi', [], true)
 5 APPPATH\Controllers\Home.php(223): view('pages/user/rekomendasi', [...])
 6 SYSTEMPATH\CodeIgniter.php(934): App\Controllers\Home->smart()
 7 SYSTEMPATH\CodeIgniter.php(499): CodeIgniter\CodeIgniter->runController(Object(App\Controllers\Home))
 8 SYSTEMPATH\CodeIgniter.php(368): CodeIgniter\CodeIgniter->handleRequest(null, Object(Config\Cache), false)
 9 FCPATH\index.php(67): CodeIgniter\CodeIgniter->run()
10 SYSTEMPATH\Commands\Server\rewrite.php(47): require_once('FCPATH\\index.php')
CRITICAL - 2023-04-27 08:20:24 --> Undefined array key "normalisasi"
in APPPATH\Views\pages\user\rekomendasi.php on line 81.
 1 APPPATH\Views\pages\user\rekomendasi.php(81): CodeIgniter\Debug\Exceptions->errorHandler(2, 'Undefined array key "normalisasi"', 'APPPATH\\Views\\pages\\user\\rekomendasi.php', 81)
 2 SYSTEMPATH\View\View.php(213): include('APPPATH\\Views\\pages\\user\\rekomendasi.php')
 3 SYSTEMPATH\View\View.php(216): CodeIgniter\View\View->CodeIgniter\View\{closure}()
 4 SYSTEMPATH\Common.php(1177): CodeIgniter\View\View->render('pages/user/rekomendasi', [], true)
 5 APPPATH\Controllers\Home.php(223): view('pages/user/rekomendasi', [...])
 6 SYSTEMPATH\CodeIgniter.php(934): App\Controllers\Home->smart()
 7 SYSTEMPATH\CodeIgniter.php(499): CodeIgniter\CodeIgniter->runController(Object(App\Controllers\Home))
 8 SYSTEMPATH\CodeIgniter.php(368): CodeIgniter\CodeIgniter->handleRequest(null, Object(Config\Cache), false)
 9 FCPATH\index.php(67): CodeIgniter\CodeIgniter->run()
10 SYSTEMPATH\Commands\Server\rewrite.php(47): require_once('FCPATH\\index.php')
CRITICAL - 2023-04-27 08:20:56 --> syntax error, unexpected token ";"
in APPPATH\Views\pages\user\rekomendasi.php on line 81.
 1 SYSTEMPATH\View\View.php(216): CodeIgniter\View\View->CodeIgniter\View\{closure}()
 2 SYSTEMPATH\Common.php(1177): CodeIgniter\View\View->render('pages/user/rekomendasi', [], true)
 3 APPPATH\Controllers\Home.php(223): view('pages/user/rekomendasi', [...])
 4 SYSTEMPATH\CodeIgniter.php(934): App\Controllers\Home->smart()
 5 SYSTEMPATH\CodeIgniter.php(499): CodeIgniter\CodeIgniter->runController(Object(App\Controllers\Home))
 6 SYSTEMPATH\CodeIgniter.php(368): CodeIgniter\CodeIgniter->handleRequest(null, Object(Config\Cache), false)
 7 FCPATH\index.php(67): CodeIgniter\CodeIgniter->run()
 8 SYSTEMPATH\Commands\Server\rewrite.php(47): require_once('FCPATH\\index.php')
CRITICAL - 2023-04-27 08:21:26 --> Undefined array key "utility_Merek"
in APPPATH\Views\pages\user\rekomendasi.php on line 131.
 1 APPPATH\Views\pages\user\rekomendasi.php(131): CodeIgniter\Debug\Exceptions->errorHandler(2, 'Undefined array key "utility_Merek"', 'APPPATH\\Views\\pages\\user\\rekomendasi.php', 131)
 2 SYSTEMPATH\View\View.php(213): include('APPPATH\\Views\\pages\\user\\rekomendasi.php')
 3 SYSTEMPATH\View\View.php(216): CodeIgniter\View\View->CodeIgniter\View\{closure}()
 4 SYSTEMPATH\Common.php(1177): CodeIgniter\View\View->render('pages/user/rekomendasi', [], true)
 5 APPPATH\Controllers\Home.php(223): view('pages/user/rekomendasi', [...])
 6 SYSTEMPATH\CodeIgniter.php(934): App\Controllers\Home->smart()
 7 SYSTEMPATH\CodeIgniter.php(499): CodeIgniter\CodeIgniter->runController(Object(App\Controllers\Home))
 8 SYSTEMPATH\CodeIgniter.php(368): CodeIgniter\CodeIgniter->handleRequest(null, Object(Config\Cache), false)
 9 FCPATH\index.php(67): CodeIgniter\CodeIgniter->run()
10 SYSTEMPATH\Commands\Server\rewrite.php(47): require_once('FCPATH\\index.php')
CRITICAL - 2023-04-27 11:01:58 --> Unsupported operand types: null + string
in APPPATH\Controllers\Home.php on line 104.
 1 SYSTEMPATH\CodeIgniter.php(934): App\Controllers\Home->upload()
 2 SYSTEMPATH\CodeIgniter.php(499): CodeIgniter\CodeIgniter->runController(Object(App\Controllers\Home))
 3 SYSTEMPATH\CodeIgniter.php(368): CodeIgniter\CodeIgniter->handleRequest(null, Object(Config\Cache), false)
 4 FCPATH\index.php(67): CodeIgniter\CodeIgniter->run()
 5 SYSTEMPATH\Commands\Server\rewrite.php(47): require_once('FCPATH\\index.php')
CRITICAL - 2023-04-27 11:02:24 --> Unsupported operand types: null + string
in APPPATH\Controllers\Home.php on line 104.
 1 SYSTEMPATH\CodeIgniter.php(934): App\Controllers\Home->upload()
 2 SYSTEMPATH\CodeIgniter.php(499): CodeIgniter\CodeIgniter->runController(Object(App\Controllers\Home))
 3 SYSTEMPATH\CodeIgniter.php(368): CodeIgniter\CodeIgniter->handleRequest(null, Object(Config\Cache), false)
 4 FCPATH\index.php(67): CodeIgniter\CodeIgniter->run()
 5 SYSTEMPATH\Commands\Server\rewrite.php(47): require_once('FCPATH\\index.php')
