CRITICAL - 2023-03-05 05:33:30 --> Undefined variable $jenisID
in APPPATH\Views\pages\admin\produkForm.php on line 14.
 1 APPPATH\Views\pages\admin\produkForm.php(14): CodeIgniter\Debug\Exceptions->errorHandler(2, 'Undefined variable $jenisID', 'APPPATH\\Views\\pages\\admin\\produkForm.php', 14)
 2 SYSTEMPATH\View\View.php(213): include('APPPATH\\Views\\pages\\admin\\produkForm.php')
 3 SYSTEMPATH\View\View.php(216): CodeIgniter\View\View->CodeIgniter\View\{closure}()
 4 SYSTEMPATH\Common.php(1177): CodeIgniter\View\View->render('pages/admin/produkForm', [], true)
 5 APPPATH\Controllers\admin\Produk.php(85): view('pages/admin/produkForm', [...])
 6 SYSTEMPATH\CodeIgniter.php(934): App\Controllers\Admin\Produk->update('1')
 7 SYSTEMPATH\CodeIgniter.php(499): CodeIgniter\CodeIgniter->runController(Object(App\Controllers\Admin\Produk))
 8 SYSTEMPATH\CodeIgniter.php(368): CodeIgniter\CodeIgniter->handleRequest(null, Object(Config\Cache), false)
 9 FCPATH\index.php(67): CodeIgniter\CodeIgniter->run()
10 SYSTEMPATH\Commands\Server\rewrite.php(47): require_once('FCPATH\\index.php')
ERROR - 2023-03-05 05:46:44 --> mysqli_sql_exception: Unknown column '$id' in 'on clause' in C:\xampp\htdocs\ci4\CodeIgniter4\system\Database\MySQLi\Connection.php:295
Stack trace:
#0 C:\xampp\htdocs\ci4\CodeIgniter4\system\Database\MySQLi\Connection.php(295): mysqli->query('SELECT *\nFROM `...', 0)
#1 C:\xampp\htdocs\ci4\CodeIgniter4\system\Database\BaseConnection.php(691): CodeIgniter\Database\MySQLi\Connection->execute('SELECT *\nFROM `...')
#2 C:\xampp\htdocs\ci4\CodeIgniter4\system\Database\BaseConnection.php(605): CodeIgniter\Database\BaseConnection->simpleQuery('SELECT *\nFROM `...')
#3 C:\xampp\htdocs\ci4\CodeIgniter4\system\Database\BaseBuilder.php(1602): CodeIgniter\Database\BaseConnection->query('SELECT *\nFROM `...', Array, false)
#4 C:\xampp\htdocs\ci4\CodeIgniter4\system\Model.php(202): CodeIgniter\Database\BaseBuilder->get()
#5 C:\xampp\htdocs\ci4\CodeIgniter4\system\BaseModel.php(557): CodeIgniter\Model->doFind(false, NULL)
#6 C:\xampp\htdocs\ci4\ranu\app\Models\ProdukModel.php(47): CodeIgniter\BaseModel->find()
#7 C:\xampp\htdocs\ci4\ranu\app\Controllers\admin\Produk.php(43): App\Models\ProdukModel->produkFitur('1')
#8 C:\xampp\htdocs\ci4\CodeIgniter4\system\CodeIgniter.php(934): App\Controllers\Admin\Produk->form('1', '1')
#9 C:\xampp\htdocs\ci4\CodeIgniter4\system\CodeIgniter.php(499): CodeIgniter\CodeIgniter->runController(Object(App\Controllers\Admin\Produk))
#10 C:\xampp\htdocs\ci4\CodeIgniter4\system\CodeIgniter.php(368): CodeIgniter\CodeIgniter->handleRequest(NULL, Object(Config\Cache), false)
#11 C:\xampp\htdocs\ci4\ranu\public\index.php(67): CodeIgniter\CodeIgniter->run()
#12 C:\xampp\htdocs\ci4\CodeIgniter4\system\Commands\Server\rewrite.php(47): require_once('C:\\xampp\\htdocs...')
#13 {main}
CRITICAL - 2023-03-05 05:46:44 --> Unknown column '$id' in 'on clause'
in SYSTEMPATH\Database\BaseConnection.php on line 645.
 1 SYSTEMPATH\Database\BaseBuilder.php(1602): CodeIgniter\Database\BaseConnection->query('SELECT *
FROM `produk`
JOIN `fitur` ON `fkProduk` = `$id`', [], false)
 2 SYSTEMPATH\Model.php(202): CodeIgniter\Database\BaseBuilder->get()
 3 SYSTEMPATH\BaseModel.php(557): CodeIgniter\Model->doFind(false, null)
 4 APPPATH\Models\ProdukModel.php(47): CodeIgniter\BaseModel->find()
 5 APPPATH\Controllers\admin\Produk.php(43): App\Models\ProdukModel->produkFitur('1')
 6 SYSTEMPATH\CodeIgniter.php(934): App\Controllers\Admin\Produk->form('1', '1')
 7 SYSTEMPATH\CodeIgniter.php(499): CodeIgniter\CodeIgniter->runController(Object(App\Controllers\Admin\Produk))
 8 SYSTEMPATH\CodeIgniter.php(368): CodeIgniter\CodeIgniter->handleRequest(null, Object(Config\Cache), false)
 9 FCPATH\index.php(67): CodeIgniter\CodeIgniter->run()
10 SYSTEMPATH\Commands\Server\rewrite.php(47): require_once('FCPATH\\index.php')
ERROR - 2023-03-05 05:46:59 --> mysqli_sql_exception: Unknown column 'fkProduk' in 'from clause' in C:\xampp\htdocs\ci4\CodeIgniter4\system\Database\MySQLi\Connection.php:295
Stack trace:
#0 C:\xampp\htdocs\ci4\CodeIgniter4\system\Database\MySQLi\Connection.php(295): mysqli->query('SELECT *\nFROM `...', 0)
#1 C:\xampp\htdocs\ci4\CodeIgniter4\system\Database\BaseConnection.php(691): CodeIgniter\Database\MySQLi\Connection->execute('SELECT *\nFROM `...')
#2 C:\xampp\htdocs\ci4\CodeIgniter4\system\Database\BaseConnection.php(605): CodeIgniter\Database\BaseConnection->simpleQuery('SELECT *\nFROM `...')
#3 C:\xampp\htdocs\ci4\CodeIgniter4\system\Database\BaseBuilder.php(1602): CodeIgniter\Database\BaseConnection->query('SELECT *\nFROM `...', Array, false)
#4 C:\xampp\htdocs\ci4\CodeIgniter4\system\Model.php(202): CodeIgniter\Database\BaseBuilder->get()
#5 C:\xampp\htdocs\ci4\CodeIgniter4\system\BaseModel.php(557): CodeIgniter\Model->doFind(false, NULL)
#6 C:\xampp\htdocs\ci4\ranu\app\Models\ProdukModel.php(47): CodeIgniter\BaseModel->find()
#7 C:\xampp\htdocs\ci4\ranu\app\Controllers\admin\Produk.php(43): App\Models\ProdukModel->produkFitur('1')
#8 C:\xampp\htdocs\ci4\CodeIgniter4\system\CodeIgniter.php(934): App\Controllers\Admin\Produk->form('1', '1')
#9 C:\xampp\htdocs\ci4\CodeIgniter4\system\CodeIgniter.php(499): CodeIgniter\CodeIgniter->runController(Object(App\Controllers\Admin\Produk))
#10 C:\xampp\htdocs\ci4\CodeIgniter4\system\CodeIgniter.php(368): CodeIgniter\CodeIgniter->handleRequest(NULL, Object(Config\Cache), false)
#11 C:\xampp\htdocs\ci4\ranu\public\index.php(67): CodeIgniter\CodeIgniter->run()
#12 C:\xampp\htdocs\ci4\CodeIgniter4\system\Commands\Server\rewrite.php(47): require_once('C:\\xampp\\htdocs...')
#13 {main}
CRITICAL - 2023-03-05 05:46:59 --> Unknown column 'fkProduk' in 'from clause'
in SYSTEMPATH\Database\BaseConnection.php on line 645.
 1 SYSTEMPATH\Database\BaseBuilder.php(1602): CodeIgniter\Database\BaseConnection->query('SELECT *
FROM `produk`
JOIN `fitur` USING (`fkProduk`)', [], false)
 2 SYSTEMPATH\Model.php(202): CodeIgniter\Database\BaseBuilder->get()
 3 SYSTEMPATH\BaseModel.php(557): CodeIgniter\Model->doFind(false, null)
 4 APPPATH\Models\ProdukModel.php(47): CodeIgniter\BaseModel->find()
 5 APPPATH\Controllers\admin\Produk.php(43): App\Models\ProdukModel->produkFitur('1')
 6 SYSTEMPATH\CodeIgniter.php(934): App\Controllers\Admin\Produk->form('1', '1')
 7 SYSTEMPATH\CodeIgniter.php(499): CodeIgniter\CodeIgniter->runController(Object(App\Controllers\Admin\Produk))
 8 SYSTEMPATH\CodeIgniter.php(368): CodeIgniter\CodeIgniter->handleRequest(null, Object(Config\Cache), false)
 9 FCPATH\index.php(67): CodeIgniter\CodeIgniter->run()
10 SYSTEMPATH\Commands\Server\rewrite.php(47): require_once('FCPATH\\index.php')
ERROR - 2023-03-05 05:47:14 --> mysqli_sql_exception: You have an error in your SQL syntax; check the manual that corresponds to your MariaDB server version for the right syntax to use near '.`fitur`.`fkProduk`)' at line 3 in C:\xampp\htdocs\ci4\CodeIgniter4\system\Database\MySQLi\Connection.php:295
Stack trace:
#0 C:\xampp\htdocs\ci4\CodeIgniter4\system\Database\MySQLi\Connection.php(295): mysqli->query('SELECT *\nFROM `...', 0)
#1 C:\xampp\htdocs\ci4\CodeIgniter4\system\Database\BaseConnection.php(691): CodeIgniter\Database\MySQLi\Connection->execute('SELECT *\nFROM `...')
#2 C:\xampp\htdocs\ci4\CodeIgniter4\system\Database\BaseConnection.php(605): CodeIgniter\Database\BaseConnection->simpleQuery('SELECT *\nFROM `...')
#3 C:\xampp\htdocs\ci4\CodeIgniter4\system\Database\BaseBuilder.php(1602): CodeIgniter\Database\BaseConnection->query('SELECT *\nFROM `...', Array, false)
#4 C:\xampp\htdocs\ci4\CodeIgniter4\system\Model.php(202): CodeIgniter\Database\BaseBuilder->get()
#5 C:\xampp\htdocs\ci4\CodeIgniter4\system\BaseModel.php(557): CodeIgniter\Model->doFind(false, NULL)
#6 C:\xampp\htdocs\ci4\ranu\app\Models\ProdukModel.php(47): CodeIgniter\BaseModel->find()
#7 C:\xampp\htdocs\ci4\ranu\app\Controllers\admin\Produk.php(43): App\Models\ProdukModel->produkFitur('1')
#8 C:\xampp\htdocs\ci4\CodeIgniter4\system\CodeIgniter.php(934): App\Controllers\Admin\Produk->form('1', '1')
#9 C:\xampp\htdocs\ci4\CodeIgniter4\system\CodeIgniter.php(499): CodeIgniter\CodeIgniter->runController(Object(App\Controllers\Admin\Produk))
#10 C:\xampp\htdocs\ci4\CodeIgniter4\system\CodeIgniter.php(368): CodeIgniter\CodeIgniter->handleRequest(NULL, Object(Config\Cache), false)
#11 C:\xampp\htdocs\ci4\ranu\public\index.php(67): CodeIgniter\CodeIgniter->run()
#12 C:\xampp\htdocs\ci4\CodeIgniter4\system\Commands\Server\rewrite.php(47): require_once('C:\\xampp\\htdocs...')
#13 {main}
CRITICAL - 2023-03-05 05:47:14 --> You have an error in your SQL syntax; check the manual that corresponds to your MariaDB server version for the right syntax to use near '.`fitur`.`fkProduk`)' at line 3
in SYSTEMPATH\Database\BaseConnection.php on line 645.
 1 SYSTEMPATH\Database\BaseBuilder.php(1602): CodeIgniter\Database\BaseConnection->query('SELECT *
FROM `produk`
JOIN `fitur` USING (.`fitur`.`fkProduk`)', [], false)
 2 SYSTEMPATH\Model.php(202): CodeIgniter\Database\BaseBuilder->get()
 3 SYSTEMPATH\BaseModel.php(557): CodeIgniter\Model->doFind(false, null)
 4 APPPATH\Models\ProdukModel.php(47): CodeIgniter\BaseModel->find()
 5 APPPATH\Controllers\admin\Produk.php(43): App\Models\ProdukModel->produkFitur('1')
 6 SYSTEMPATH\CodeIgniter.php(934): App\Controllers\Admin\Produk->form('1', '1')
 7 SYSTEMPATH\CodeIgniter.php(499): CodeIgniter\CodeIgniter->runController(Object(App\Controllers\Admin\Produk))
 8 SYSTEMPATH\CodeIgniter.php(368): CodeIgniter\CodeIgniter->handleRequest(null, Object(Config\Cache), false)
 9 FCPATH\index.php(67): CodeIgniter\CodeIgniter->run()
10 SYSTEMPATH\Commands\Server\rewrite.php(47): require_once('FCPATH\\index.php')
ERROR - 2023-03-05 05:47:30 --> mysqli_sql_exception: You have an error in your SQL syntax; check the manual that corresponds to your MariaDB server version for the right syntax to use near '= 1' at line 3 in C:\xampp\htdocs\ci4\CodeIgniter4\system\Database\MySQLi\Connection.php:295
Stack trace:
#0 C:\xampp\htdocs\ci4\CodeIgniter4\system\Database\MySQLi\Connection.php(295): mysqli->query('SELECT *\nFROM `...', 0)
#1 C:\xampp\htdocs\ci4\CodeIgniter4\system\Database\BaseConnection.php(691): CodeIgniter\Database\MySQLi\Connection->execute('SELECT *\nFROM `...')
#2 C:\xampp\htdocs\ci4\CodeIgniter4\system\Database\BaseConnection.php(605): CodeIgniter\Database\BaseConnection->simpleQuery('SELECT *\nFROM `...')
#3 C:\xampp\htdocs\ci4\CodeIgniter4\system\Database\BaseBuilder.php(1602): CodeIgniter\Database\BaseConnection->query('SELECT *\nFROM `...', Array, false)
#4 C:\xampp\htdocs\ci4\CodeIgniter4\system\Model.php(202): CodeIgniter\Database\BaseBuilder->get()
#5 C:\xampp\htdocs\ci4\CodeIgniter4\system\BaseModel.php(557): CodeIgniter\Model->doFind(false, NULL)
#6 C:\xampp\htdocs\ci4\ranu\app\Models\ProdukModel.php(47): CodeIgniter\BaseModel->find()
#7 C:\xampp\htdocs\ci4\ranu\app\Controllers\admin\Produk.php(43): App\Models\ProdukModel->produkFitur('1')
#8 C:\xampp\htdocs\ci4\CodeIgniter4\system\CodeIgniter.php(934): App\Controllers\Admin\Produk->form('1', '1')
#9 C:\xampp\htdocs\ci4\CodeIgniter4\system\CodeIgniter.php(499): CodeIgniter\CodeIgniter->runController(Object(App\Controllers\Admin\Produk))
#10 C:\xampp\htdocs\ci4\CodeIgniter4\system\CodeIgniter.php(368): CodeIgniter\CodeIgniter->handleRequest(NULL, Object(Config\Cache), false)
#11 C:\xampp\htdocs\ci4\ranu\public\index.php(67): CodeIgniter\CodeIgniter->run()
#12 C:\xampp\htdocs\ci4\CodeIgniter4\system\Commands\Server\rewrite.php(47): require_once('C:\\xampp\\htdocs...')
#13 {main}
CRITICAL - 2023-03-05 05:47:30 --> You have an error in your SQL syntax; check the manual that corresponds to your MariaDB server version for the right syntax to use near '= 1' at line 3
in SYSTEMPATH\Database\BaseConnection.php on line 645.
 1 SYSTEMPATH\Database\BaseBuilder.php(1602): CodeIgniter\Database\BaseConnection->query('SELECT *
FROM `produk`
JOIN `fitur` ON .`fkProduk` = 1', [], false)
 2 SYSTEMPATH\Model.php(202): CodeIgniter\Database\BaseBuilder->get()
 3 SYSTEMPATH\BaseModel.php(557): CodeIgniter\Model->doFind(false, null)
 4 APPPATH\Models\ProdukModel.php(47): CodeIgniter\BaseModel->find()
 5 APPPATH\Controllers\admin\Produk.php(43): App\Models\ProdukModel->produkFitur('1')
 6 SYSTEMPATH\CodeIgniter.php(934): App\Controllers\Admin\Produk->form('1', '1')
 7 SYSTEMPATH\CodeIgniter.php(499): CodeIgniter\CodeIgniter->runController(Object(App\Controllers\Admin\Produk))
 8 SYSTEMPATH\CodeIgniter.php(368): CodeIgniter\CodeIgniter->handleRequest(null, Object(Config\Cache), false)
 9 FCPATH\index.php(67): CodeIgniter\CodeIgniter->run()
10 SYSTEMPATH\Commands\Server\rewrite.php(47): require_once('FCPATH\\index.php')
ERROR - 2023-03-05 05:48:13 --> mysqli_sql_exception: Unknown column '$id' in 'on clause' in C:\xampp\htdocs\ci4\CodeIgniter4\system\Database\MySQLi\Connection.php:295
Stack trace:
#0 C:\xampp\htdocs\ci4\CodeIgniter4\system\Database\MySQLi\Connection.php(295): mysqli->query('SELECT *\nFROM `...', 0)
#1 C:\xampp\htdocs\ci4\CodeIgniter4\system\Database\BaseConnection.php(691): CodeIgniter\Database\MySQLi\Connection->execute('SELECT *\nFROM `...')
#2 C:\xampp\htdocs\ci4\CodeIgniter4\system\Database\BaseConnection.php(605): CodeIgniter\Database\BaseConnection->simpleQuery('SELECT *\nFROM `...')
#3 C:\xampp\htdocs\ci4\CodeIgniter4\system\Database\BaseBuilder.php(1602): CodeIgniter\Database\BaseConnection->query('SELECT *\nFROM `...', Array, false)
#4 C:\xampp\htdocs\ci4\CodeIgniter4\system\Model.php(202): CodeIgniter\Database\BaseBuilder->get()
#5 C:\xampp\htdocs\ci4\CodeIgniter4\system\BaseModel.php(557): CodeIgniter\Model->doFind(false, NULL)
#6 C:\xampp\htdocs\ci4\ranu\app\Models\ProdukModel.php(48): CodeIgniter\BaseModel->find()
#7 C:\xampp\htdocs\ci4\ranu\app\Controllers\admin\Produk.php(43): App\Models\ProdukModel->produkFitur('1')
#8 C:\xampp\htdocs\ci4\CodeIgniter4\system\CodeIgniter.php(934): App\Controllers\Admin\Produk->form('1', '1')
#9 C:\xampp\htdocs\ci4\CodeIgniter4\system\CodeIgniter.php(499): CodeIgniter\CodeIgniter->runController(Object(App\Controllers\Admin\Produk))
#10 C:\xampp\htdocs\ci4\CodeIgniter4\system\CodeIgniter.php(368): CodeIgniter\CodeIgniter->handleRequest(NULL, Object(Config\Cache), false)
#11 C:\xampp\htdocs\ci4\ranu\public\index.php(67): CodeIgniter\CodeIgniter->run()
#12 C:\xampp\htdocs\ci4\CodeIgniter4\system\Commands\Server\rewrite.php(47): require_once('C:\\xampp\\htdocs...')
#13 {main}
CRITICAL - 2023-03-05 05:48:13 --> Unknown column '$id' in 'on clause'
in SYSTEMPATH\Database\BaseConnection.php on line 645.
 1 SYSTEMPATH\Database\BaseBuilder.php(1602): CodeIgniter\Database\BaseConnection->query('SELECT *
FROM `produk`
JOIN `fitur` ON `fkProduk` = `$id`
WHERE `produk`.`id` = :produk.id:', [...], false)
 2 SYSTEMPATH\Model.php(202): CodeIgniter\Database\BaseBuilder->get()
 3 SYSTEMPATH\BaseModel.php(557): CodeIgniter\Model->doFind(false, null)
 4 APPPATH\Models\ProdukModel.php(48): CodeIgniter\BaseModel->find()
 5 APPPATH\Controllers\admin\Produk.php(43): App\Models\ProdukModel->produkFitur('1')
 6 SYSTEMPATH\CodeIgniter.php(934): App\Controllers\Admin\Produk->form('1', '1')
 7 SYSTEMPATH\CodeIgniter.php(499): CodeIgniter\CodeIgniter->runController(Object(App\Controllers\Admin\Produk))
 8 SYSTEMPATH\CodeIgniter.php(368): CodeIgniter\CodeIgniter->handleRequest(null, Object(Config\Cache), false)
 9 FCPATH\index.php(67): CodeIgniter\CodeIgniter->run()
10 SYSTEMPATH\Commands\Server\rewrite.php(47): require_once('FCPATH\\index.php')
ERROR - 2023-03-05 05:48:14 --> mysqli_sql_exception: Unknown column '$id' in 'on clause' in C:\xampp\htdocs\ci4\CodeIgniter4\system\Database\MySQLi\Connection.php:295
Stack trace:
#0 C:\xampp\htdocs\ci4\CodeIgniter4\system\Database\MySQLi\Connection.php(295): mysqli->query('SELECT *\nFROM `...', 0)
#1 C:\xampp\htdocs\ci4\CodeIgniter4\system\Database\BaseConnection.php(691): CodeIgniter\Database\MySQLi\Connection->execute('SELECT *\nFROM `...')
#2 C:\xampp\htdocs\ci4\CodeIgniter4\system\Database\BaseConnection.php(605): CodeIgniter\Database\BaseConnection->simpleQuery('SELECT *\nFROM `...')
#3 C:\xampp\htdocs\ci4\CodeIgniter4\system\Database\BaseBuilder.php(1602): CodeIgniter\Database\BaseConnection->query('SELECT *\nFROM `...', Array, false)
#4 C:\xampp\htdocs\ci4\CodeIgniter4\system\Model.php(202): CodeIgniter\Database\BaseBuilder->get()
#5 C:\xampp\htdocs\ci4\CodeIgniter4\system\BaseModel.php(557): CodeIgniter\Model->doFind(false, NULL)
#6 C:\xampp\htdocs\ci4\ranu\app\Models\ProdukModel.php(48): CodeIgniter\BaseModel->find()
#7 C:\xampp\htdocs\ci4\ranu\app\Controllers\admin\Produk.php(43): App\Models\ProdukModel->produkFitur('1')
#8 C:\xampp\htdocs\ci4\CodeIgniter4\system\CodeIgniter.php(934): App\Controllers\Admin\Produk->form('1', '1')
#9 C:\xampp\htdocs\ci4\CodeIgniter4\system\CodeIgniter.php(499): CodeIgniter\CodeIgniter->runController(Object(App\Controllers\Admin\Produk))
#10 C:\xampp\htdocs\ci4\CodeIgniter4\system\CodeIgniter.php(368): CodeIgniter\CodeIgniter->handleRequest(NULL, Object(Config\Cache), false)
#11 C:\xampp\htdocs\ci4\ranu\public\index.php(67): CodeIgniter\CodeIgniter->run()
#12 C:\xampp\htdocs\ci4\CodeIgniter4\system\Commands\Server\rewrite.php(47): require_once('C:\\xampp\\htdocs...')
#13 {main}
CRITICAL - 2023-03-05 05:48:14 --> Unknown column '$id' in 'on clause'
in SYSTEMPATH\Database\BaseConnection.php on line 645.
 1 SYSTEMPATH\Database\BaseBuilder.php(1602): CodeIgniter\Database\BaseConnection->query('SELECT *
FROM `produk`
JOIN `fitur` ON `fkProduk` = `$id`
WHERE `produk`.`id` = :produk.id:', [...], false)
 2 SYSTEMPATH\Model.php(202): CodeIgniter\Database\BaseBuilder->get()
 3 SYSTEMPATH\BaseModel.php(557): CodeIgniter\Model->doFind(false, null)
 4 APPPATH\Models\ProdukModel.php(48): CodeIgniter\BaseModel->find()
 5 APPPATH\Controllers\admin\Produk.php(43): App\Models\ProdukModel->produkFitur('1')
 6 SYSTEMPATH\CodeIgniter.php(934): App\Controllers\Admin\Produk->form('1', '1')
 7 SYSTEMPATH\CodeIgniter.php(499): CodeIgniter\CodeIgniter->runController(Object(App\Controllers\Admin\Produk))
 8 SYSTEMPATH\CodeIgniter.php(368): CodeIgniter\CodeIgniter->handleRequest(null, Object(Config\Cache), false)
 9 FCPATH\index.php(67): CodeIgniter\CodeIgniter->run()
10 SYSTEMPATH\Commands\Server\rewrite.php(47): require_once('FCPATH\\index.php')
ERROR - 2023-03-05 05:48:34 --> mysqli_sql_exception: Unknown column '$id' in 'on clause' in C:\xampp\htdocs\ci4\CodeIgniter4\system\Database\MySQLi\Connection.php:295
Stack trace:
#0 C:\xampp\htdocs\ci4\CodeIgniter4\system\Database\MySQLi\Connection.php(295): mysqli->query('SELECT *\nFROM `...', 0)
#1 C:\xampp\htdocs\ci4\CodeIgniter4\system\Database\BaseConnection.php(691): CodeIgniter\Database\MySQLi\Connection->execute('SELECT *\nFROM `...')
#2 C:\xampp\htdocs\ci4\CodeIgniter4\system\Database\BaseConnection.php(605): CodeIgniter\Database\BaseConnection->simpleQuery('SELECT *\nFROM `...')
#3 C:\xampp\htdocs\ci4\CodeIgniter4\system\Database\BaseBuilder.php(1602): CodeIgniter\Database\BaseConnection->query('SELECT *\nFROM `...', Array, false)
#4 C:\xampp\htdocs\ci4\CodeIgniter4\system\Model.php(202): CodeIgniter\Database\BaseBuilder->get()
#5 C:\xampp\htdocs\ci4\CodeIgniter4\system\BaseModel.php(557): CodeIgniter\Model->doFind(false, NULL)
#6 C:\xampp\htdocs\ci4\ranu\app\Models\ProdukModel.php(48): CodeIgniter\BaseModel->find()
#7 C:\xampp\htdocs\ci4\ranu\app\Controllers\admin\Produk.php(43): App\Models\ProdukModel->produkFitur('1')
#8 C:\xampp\htdocs\ci4\CodeIgniter4\system\CodeIgniter.php(934): App\Controllers\Admin\Produk->form('1', '1')
#9 C:\xampp\htdocs\ci4\CodeIgniter4\system\CodeIgniter.php(499): CodeIgniter\CodeIgniter->runController(Object(App\Controllers\Admin\Produk))
#10 C:\xampp\htdocs\ci4\CodeIgniter4\system\CodeIgniter.php(368): CodeIgniter\CodeIgniter->handleRequest(NULL, Object(Config\Cache), false)
#11 C:\xampp\htdocs\ci4\ranu\public\index.php(67): CodeIgniter\CodeIgniter->run()
#12 C:\xampp\htdocs\ci4\CodeIgniter4\system\Commands\Server\rewrite.php(47): require_once('C:\\xampp\\htdocs...')
#13 {main}
CRITICAL - 2023-03-05 05:48:34 --> Unknown column '$id' in 'on clause'
in SYSTEMPATH\Database\BaseConnection.php on line 645.
 1 SYSTEMPATH\Database\BaseBuilder.php(1602): CodeIgniter\Database\BaseConnection->query('SELECT *
FROM `produk`
JOIN `fitur` ON `fkProduk` = `$id`
WHERE `produk`.`id` = 1', [], false)
 2 SYSTEMPATH\Model.php(202): CodeIgniter\Database\BaseBuilder->get()
 3 SYSTEMPATH\BaseModel.php(557): CodeIgniter\Model->doFind(false, null)
 4 APPPATH\Models\ProdukModel.php(48): CodeIgniter\BaseModel->find()
 5 APPPATH\Controllers\admin\Produk.php(43): App\Models\ProdukModel->produkFitur('1')
 6 SYSTEMPATH\CodeIgniter.php(934): App\Controllers\Admin\Produk->form('1', '1')
 7 SYSTEMPATH\CodeIgniter.php(499): CodeIgniter\CodeIgniter->runController(Object(App\Controllers\Admin\Produk))
 8 SYSTEMPATH\CodeIgniter.php(368): CodeIgniter\CodeIgniter->handleRequest(null, Object(Config\Cache), false)
 9 FCPATH\index.php(67): CodeIgniter\CodeIgniter->run()
10 SYSTEMPATH\Commands\Server\rewrite.php(47): require_once('FCPATH\\index.php')
CRITICAL - 2023-03-05 05:50:32 --> Too few arguments to function App\Controllers\Admin\Produk::form(), 1 passed in C:\xampp\htdocs\ci4\CodeIgniter4\system\CodeIgniter.php on line 934 and exactly 2 expected
in APPPATH\Controllers\admin\Produk.php on line 37.
 1 SYSTEMPATH\CodeIgniter.php(934): App\Controllers\Admin\Produk->form('1')
 2 SYSTEMPATH\CodeIgniter.php(499): CodeIgniter\CodeIgniter->runController(Object(App\Controllers\Admin\Produk))
 3 SYSTEMPATH\CodeIgniter.php(368): CodeIgniter\CodeIgniter->handleRequest(null, Object(Config\Cache), false)
 4 FCPATH\index.php(67): CodeIgniter\CodeIgniter->run()
 5 SYSTEMPATH\Commands\Server\rewrite.php(47): require_once('FCPATH\\index.php')
INFO - 2023-03-05 05:53:15 --> Session: Class initialized using 'CodeIgniter\Session\Handlers\FileHandler' driver.
CRITICAL - 2023-03-05 05:53:19 --> Undefined array key "model"
in APPPATH\Views\pages\admin\produkForm.php on line 17.
 1 APPPATH\Views\pages\admin\produkForm.php(17): CodeIgniter\Debug\Exceptions->errorHandler(2, 'Undefined array key "model"', 'APPPATH\\Views\\pages\\admin\\produkForm.php', 17)
 2 SYSTEMPATH\View\View.php(213): include('APPPATH\\Views\\pages\\admin\\produkForm.php')
 3 SYSTEMPATH\View\View.php(216): CodeIgniter\View\View->CodeIgniter\View\{closure}()
 4 SYSTEMPATH\Common.php(1177): CodeIgniter\View\View->render('pages/admin/produkForm', [], true)
 5 APPPATH\Controllers\admin\Produk.php(53): view('pages/admin/produkForm', [...])
 6 SYSTEMPATH\CodeIgniter.php(934): App\Controllers\Admin\Produk->form('1', [...])
 7 SYSTEMPATH\CodeIgniter.php(499): CodeIgniter\CodeIgniter->runController(Object(App\Controllers\Admin\Produk))
 8 SYSTEMPATH\CodeIgniter.php(368): CodeIgniter\CodeIgniter->handleRequest(null, Object(Config\Cache), false)
 9 FCPATH\index.php(67): CodeIgniter\CodeIgniter->run()
10 SYSTEMPATH\Commands\Server\rewrite.php(47): require_once('FCPATH\\index.php')
CRITICAL - 2023-03-05 05:53:47 --> Undefined array key "model"
in APPPATH\Views\pages\admin\produkForm.php on line 17.
 1 APPPATH\Views\pages\admin\produkForm.php(17): CodeIgniter\Debug\Exceptions->errorHandler(2, 'Undefined array key "model"', 'APPPATH\\Views\\pages\\admin\\produkForm.php', 17)
 2 SYSTEMPATH\View\View.php(213): include('APPPATH\\Views\\pages\\admin\\produkForm.php')
 3 SYSTEMPATH\View\View.php(216): CodeIgniter\View\View->CodeIgniter\View\{closure}()
 4 SYSTEMPATH\Common.php(1177): CodeIgniter\View\View->render('pages/admin/produkForm', [], true)
 5 APPPATH\Controllers\admin\Produk.php(54): view('pages/admin/produkForm', [...])
 6 SYSTEMPATH\CodeIgniter.php(934): App\Controllers\Admin\Produk->form('1', [...])
 7 SYSTEMPATH\CodeIgniter.php(499): CodeIgniter\CodeIgniter->runController(Object(App\Controllers\Admin\Produk))
 8 SYSTEMPATH\CodeIgniter.php(368): CodeIgniter\CodeIgniter->handleRequest(null, Object(Config\Cache), false)
 9 FCPATH\index.php(67): CodeIgniter\CodeIgniter->run()
10 SYSTEMPATH\Commands\Server\rewrite.php(47): require_once('FCPATH\\index.php')
CRITICAL - 2023-03-05 05:54:49 --> Call to a member function find() on array
in APPPATH\Controllers\admin\Produk.php on line 43.
 1 SYSTEMPATH\CodeIgniter.php(934): App\Controllers\Admin\Produk->form('1', '13')
 2 SYSTEMPATH\CodeIgniter.php(499): CodeIgniter\CodeIgniter->runController(Object(App\Controllers\Admin\Produk))
 3 SYSTEMPATH\CodeIgniter.php(368): CodeIgniter\CodeIgniter->handleRequest(null, Object(Config\Cache), false)
 4 FCPATH\index.php(67): CodeIgniter\CodeIgniter->run()
 5 SYSTEMPATH\Commands\Server\rewrite.php(47): require_once('FCPATH\\index.php')
CRITICAL - 2023-03-05 05:55:45 --> Undefined array key "model"
in APPPATH\Views\pages\admin\produkForm.php on line 17.
 1 APPPATH\Views\pages\admin\produkForm.php(17): CodeIgniter\Debug\Exceptions->errorHandler(2, 'Undefined array key "model"', 'APPPATH\\Views\\pages\\admin\\produkForm.php', 17)
 2 SYSTEMPATH\View\View.php(213): include('APPPATH\\Views\\pages\\admin\\produkForm.php')
 3 SYSTEMPATH\View\View.php(216): CodeIgniter\View\View->CodeIgniter\View\{closure}()
 4 SYSTEMPATH\Common.php(1177): CodeIgniter\View\View->render('pages/admin/produkForm', [], true)
 5 APPPATH\Controllers\admin\Produk.php(54): view('pages/admin/produkForm', [...])
 6 SYSTEMPATH\CodeIgniter.php(934): App\Controllers\Admin\Produk->form('1', [...])
 7 SYSTEMPATH\CodeIgniter.php(499): CodeIgniter\CodeIgniter->runController(Object(App\Controllers\Admin\Produk))
 8 SYSTEMPATH\CodeIgniter.php(368): CodeIgniter\CodeIgniter->handleRequest(null, Object(Config\Cache), false)
 9 FCPATH\index.php(67): CodeIgniter\CodeIgniter->run()
10 SYSTEMPATH\Commands\Server\rewrite.php(47): require_once('FCPATH\\index.php')
CRITICAL - 2023-03-05 05:59:06 --> Undefined array key "model"
in APPPATH\Views\pages\admin\produkForm.php on line 17.
 1 APPPATH\Views\pages\admin\produkForm.php(17): CodeIgniter\Debug\Exceptions->errorHandler(2, 'Undefined array key "model"', 'APPPATH\\Views\\pages\\admin\\produkForm.php', 17)
 2 SYSTEMPATH\View\View.php(213): include('APPPATH\\Views\\pages\\admin\\produkForm.php')
 3 SYSTEMPATH\View\View.php(216): CodeIgniter\View\View->CodeIgniter\View\{closure}()
 4 SYSTEMPATH\Common.php(1177): CodeIgniter\View\View->render('pages/admin/produkForm', [], true)
 5 APPPATH\Controllers\admin\Produk.php(54): view('pages/admin/produkForm', [...])
 6 SYSTEMPATH\CodeIgniter.php(934): App\Controllers\Admin\Produk->form('1', [...])
 7 SYSTEMPATH\CodeIgniter.php(499): CodeIgniter\CodeIgniter->runController(Object(App\Controllers\Admin\Produk))
 8 SYSTEMPATH\CodeIgniter.php(368): CodeIgniter\CodeIgniter->handleRequest(null, Object(Config\Cache), false)
 9 FCPATH\index.php(67): CodeIgniter\CodeIgniter->run()
10 SYSTEMPATH\Commands\Server\rewrite.php(47): require_once('FCPATH\\index.php')
CRITICAL - 2023-03-05 06:05:25 --> Undefined variable $aksi
in APPPATH\Views\pages\admin\produkForm.php on line 12.
 1 APPPATH\Views\pages\admin\produkForm.php(12): CodeIgniter\Debug\Exceptions->errorHandler(2, 'Undefined variable $aksi', 'APPPATH\\Views\\pages\\admin\\produkForm.php', 12)
 2 SYSTEMPATH\View\View.php(213): include('APPPATH\\Views\\pages\\admin\\produkForm.php')
 3 SYSTEMPATH\View\View.php(216): CodeIgniter\View\View->CodeIgniter\View\{closure}()
 4 SYSTEMPATH\Common.php(1177): CodeIgniter\View\View->render('pages/admin/produkForm', [], true)
 5 APPPATH\Controllers\admin\Produk.php(94): view('pages/admin/produkForm', [...])
 6 SYSTEMPATH\CodeIgniter.php(934): App\Controllers\Admin\Produk->update('13')
 7 SYSTEMPATH\CodeIgniter.php(499): CodeIgniter\CodeIgniter->runController(Object(App\Controllers\Admin\Produk))
 8 SYSTEMPATH\CodeIgniter.php(368): CodeIgniter\CodeIgniter->handleRequest(null, Object(Config\Cache), false)
 9 FCPATH\index.php(67): CodeIgniter\CodeIgniter->run()
10 SYSTEMPATH\Commands\Server\rewrite.php(47): require_once('FCPATH\\index.php')
ERROR - 2023-03-05 06:08:02 --> mysqli_sql_exception: Cannot add or update a child row: a foreign key constraint fails (`ranu`.`fitur`, CONSTRAINT `fitur_fkProduk_foreign` FOREIGN KEY (`fkProduk`) REFERENCES `produk` (`id`) ON DELETE CASCADE) in C:\xampp\htdocs\ci4\CodeIgniter4\system\Database\MySQLi\Connection.php:295
Stack trace:
#0 C:\xampp\htdocs\ci4\CodeIgniter4\system\Database\MySQLi\Connection.php(295): mysqli->query('INSERT INTO `fi...', 0)
#1 C:\xampp\htdocs\ci4\CodeIgniter4\system\Database\BaseConnection.php(691): CodeIgniter\Database\MySQLi\Connection->execute('INSERT INTO `fi...')
#2 C:\xampp\htdocs\ci4\CodeIgniter4\system\Database\BaseConnection.php(605): CodeIgniter\Database\BaseConnection->simpleQuery('INSERT INTO `fi...')
#3 C:\xampp\htdocs\ci4\CodeIgniter4\system\Database\BaseBuilder.php(2295): CodeIgniter\Database\BaseConnection->query('INSERT INTO `fi...', Array, false)
#4 C:\xampp\htdocs\ci4\CodeIgniter4\system\Model.php(329): CodeIgniter\Database\BaseBuilder->insert()
#5 C:\xampp\htdocs\ci4\CodeIgniter4\system\BaseModel.php(782): CodeIgniter\Model->doInsert(Array)
#6 C:\xampp\htdocs\ci4\CodeIgniter4\system\Model.php(729): CodeIgniter\BaseModel->insert(Array, true)
#7 C:\xampp\htdocs\ci4\ranu\app\Controllers\admin\Produk.php(97): CodeIgniter\Model->insert(Array)
#8 C:\xampp\htdocs\ci4\CodeIgniter4\system\CodeIgniter.php(934): App\Controllers\Admin\Produk->update()
#9 C:\xampp\htdocs\ci4\CodeIgniter4\system\CodeIgniter.php(499): CodeIgniter\CodeIgniter->runController(Object(App\Controllers\Admin\Produk))
#10 C:\xampp\htdocs\ci4\CodeIgniter4\system\CodeIgniter.php(368): CodeIgniter\CodeIgniter->handleRequest(NULL, Object(Config\Cache), false)
#11 C:\xampp\htdocs\ci4\ranu\public\index.php(67): CodeIgniter\CodeIgniter->run()
#12 C:\xampp\htdocs\ci4\CodeIgniter4\system\Commands\Server\rewrite.php(47): require_once('C:\\xampp\\htdocs...')
#13 {main}
CRITICAL - 2023-03-05 06:08:02 --> Cannot add or update a child row: a foreign key constraint fails (`ranu`.`fitur`, CONSTRAINT `fitur_fkProduk_foreign` FOREIGN KEY (`fkProduk`) REFERENCES `produk` (`id`) ON DELETE CASCADE)
in SYSTEMPATH\Database\BaseConnection.php on line 645.
 1 SYSTEMPATH\Database\BaseBuilder.php(2295): CodeIgniter\Database\BaseConnection->query('INSERT INTO `fitur` (`nilai`, `fkProduk`, `fkKriteria`) VALUES (:nilai:, :fkProduk:, :fkKriteria:)', [...], false)
 2 SYSTEMPATH\Model.php(329): CodeIgniter\Database\BaseBuilder->insert()
 3 SYSTEMPATH\BaseModel.php(782): CodeIgniter\Model->doInsert([...])
 4 SYSTEMPATH\Model.php(729): CodeIgniter\BaseModel->insert([...], true)
 5 APPPATH\Controllers\admin\Produk.php(97): CodeIgniter\Model->insert([...])
 6 SYSTEMPATH\CodeIgniter.php(934): App\Controllers\Admin\Produk->update()
 7 SYSTEMPATH\CodeIgniter.php(499): CodeIgniter\CodeIgniter->runController(Object(App\Controllers\Admin\Produk))
 8 SYSTEMPATH\CodeIgniter.php(368): CodeIgniter\CodeIgniter->handleRequest(null, Object(Config\Cache), false)
 9 FCPATH\index.php(67): CodeIgniter\CodeIgniter->run()
10 SYSTEMPATH\Commands\Server\rewrite.php(47): require_once('FCPATH\\index.php')
INFO - 2023-03-05 06:09:15 --> Session: Class initialized using 'CodeIgniter\Session\Handlers\FileHandler' driver.
INFO - 2023-03-05 06:09:22 --> Session: Class initialized using 'CodeIgniter\Session\Handlers\FileHandler' driver.
INFO - 2023-03-05 06:09:36 --> Session: Class initialized using 'CodeIgniter\Session\Handlers\FileHandler' driver.
CRITICAL - 2023-03-05 06:12:28 --> whereIn() expects $values to be of type array or closure
in SYSTEMPATH\Database\BaseBuilder.php on line 926.
 1 SYSTEMPATH\Database\BaseBuilder.php(813): CodeIgniter\Database\BaseBuilder->_whereIn('fitur.id', Object(App\Models\FiturModel), false, 'AND ', null)
 2 SYSTEMPATH\Model.php(381): CodeIgniter\Database\BaseBuilder->whereIn('fitur.id', Object(App\Models\FiturModel))
 3 SYSTEMPATH\BaseModel.php(943): CodeIgniter\Model->doUpdate(Object(App\Models\FiturModel), [...])
 4 SYSTEMPATH\Model.php(755): CodeIgniter\BaseModel->update(Object(App\Models\FiturModel), [...])
 5 SYSTEMPATH\BaseModel.php(690): CodeIgniter\Model->update(Object(App\Models\FiturModel), [...])
 6 APPPATH\Controllers\admin\Produk.php(98): CodeIgniter\BaseModel->save([...])
 7 SYSTEMPATH\CodeIgniter.php(934): App\Controllers\Admin\Produk->update()
 8 SYSTEMPATH\CodeIgniter.php(499): CodeIgniter\CodeIgniter->runController(Object(App\Controllers\Admin\Produk))
 9 SYSTEMPATH\CodeIgniter.php(368): CodeIgniter\CodeIgniter->handleRequest(null, Object(Config\Cache), false)
10 FCPATH\index.php(67): CodeIgniter\CodeIgniter->run()
11 SYSTEMPATH\Commands\Server\rewrite.php(47): require_once('FCPATH\\index.php')
ERROR - 2023-03-05 06:13:22 --> mysqli_sql_exception: Unknown column 'fkProduk13' in 'where clause' in C:\xampp\htdocs\ci4\CodeIgniter4\system\Database\MySQLi\Connection.php:295
Stack trace:
#0 C:\xampp\htdocs\ci4\CodeIgniter4\system\Database\MySQLi\Connection.php(295): mysqli->query('SELECT *\nFROM `...', 0)
#1 C:\xampp\htdocs\ci4\CodeIgniter4\system\Database\BaseConnection.php(691): CodeIgniter\Database\MySQLi\Connection->execute('SELECT *\nFROM `...')
#2 C:\xampp\htdocs\ci4\CodeIgniter4\system\Database\BaseConnection.php(605): CodeIgniter\Database\BaseConnection->simpleQuery('SELECT *\nFROM `...')
#3 C:\xampp\htdocs\ci4\CodeIgniter4\system\Database\BaseBuilder.php(1602): CodeIgniter\Database\BaseConnection->query('SELECT *\nFROM `...', Array, false)
#4 C:\xampp\htdocs\ci4\CodeIgniter4\system\Model.php(202): CodeIgniter\Database\BaseBuilder->get()
#5 C:\xampp\htdocs\ci4\CodeIgniter4\system\BaseModel.php(557): CodeIgniter\Model->doFind(false, NULL)
#6 C:\xampp\htdocs\ci4\ranu\app\Controllers\admin\Produk.php(95): CodeIgniter\BaseModel->find()
#7 C:\xampp\htdocs\ci4\CodeIgniter4\system\CodeIgniter.php(934): App\Controllers\Admin\Produk->update()
#8 C:\xampp\htdocs\ci4\CodeIgniter4\system\CodeIgniter.php(499): CodeIgniter\CodeIgniter->runController(Object(App\Controllers\Admin\Produk))
#9 C:\xampp\htdocs\ci4\CodeIgniter4\system\CodeIgniter.php(368): CodeIgniter\CodeIgniter->handleRequest(NULL, Object(Config\Cache), false)
#10 C:\xampp\htdocs\ci4\ranu\public\index.php(67): CodeIgniter\CodeIgniter->run()
#11 C:\xampp\htdocs\ci4\CodeIgniter4\system\Commands\Server\rewrite.php(47): require_once('C:\\xampp\\htdocs...')
#12 {main}
CRITICAL - 2023-03-05 06:13:22 --> Unknown column 'fkProduk13' in 'where clause'
in SYSTEMPATH\Database\BaseConnection.php on line 645.
 1 SYSTEMPATH\Database\BaseBuilder.php(1602): CodeIgniter\Database\BaseConnection->query('SELECT *
FROM `fitur`
WHERE `fkProduk13` IS NULL
AND `fkKriteria` = 1', [], false)
 2 SYSTEMPATH\Model.php(202): CodeIgniter\Database\BaseBuilder->get()
 3 SYSTEMPATH\BaseModel.php(557): CodeIgniter\Model->doFind(false, null)
 4 APPPATH\Controllers\admin\Produk.php(95): CodeIgniter\BaseModel->find()
 5 SYSTEMPATH\CodeIgniter.php(934): App\Controllers\Admin\Produk->update()
 6 SYSTEMPATH\CodeIgniter.php(499): CodeIgniter\CodeIgniter->runController(Object(App\Controllers\Admin\Produk))
 7 SYSTEMPATH\CodeIgniter.php(368): CodeIgniter\CodeIgniter->handleRequest(null, Object(Config\Cache), false)
 8 FCPATH\index.php(67): CodeIgniter\CodeIgniter->run()
 9 SYSTEMPATH\Commands\Server\rewrite.php(47): require_once('FCPATH\\index.php')
ERROR - 2023-03-05 06:14:14 --> mysqli_sql_exception: Unknown column 'fkProduk13' in 'where clause' in C:\xampp\htdocs\ci4\CodeIgniter4\system\Database\MySQLi\Connection.php:295
Stack trace:
#0 C:\xampp\htdocs\ci4\CodeIgniter4\system\Database\MySQLi\Connection.php(295): mysqli->query('SELECT *\nFROM `...', 0)
#1 C:\xampp\htdocs\ci4\CodeIgniter4\system\Database\BaseConnection.php(691): CodeIgniter\Database\MySQLi\Connection->execute('SELECT *\nFROM `...')
#2 C:\xampp\htdocs\ci4\CodeIgniter4\system\Database\BaseConnection.php(605): CodeIgniter\Database\BaseConnection->simpleQuery('SELECT *\nFROM `...')
#3 C:\xampp\htdocs\ci4\CodeIgniter4\system\Database\BaseBuilder.php(1602): CodeIgniter\Database\BaseConnection->query('SELECT *\nFROM `...', Array, false)
#4 C:\xampp\htdocs\ci4\CodeIgniter4\system\Model.php(202): CodeIgniter\Database\BaseBuilder->get()
#5 C:\xampp\htdocs\ci4\CodeIgniter4\system\BaseModel.php(557): CodeIgniter\Model->doFind(false, NULL)
#6 C:\xampp\htdocs\ci4\ranu\app\Controllers\admin\Produk.php(94): CodeIgniter\BaseModel->find()
#7 C:\xampp\htdocs\ci4\CodeIgniter4\system\CodeIgniter.php(934): App\Controllers\Admin\Produk->update()
#8 C:\xampp\htdocs\ci4\CodeIgniter4\system\CodeIgniter.php(499): CodeIgniter\CodeIgniter->runController(Object(App\Controllers\Admin\Produk))
#9 C:\xampp\htdocs\ci4\CodeIgniter4\system\CodeIgniter.php(368): CodeIgniter\CodeIgniter->handleRequest(NULL, Object(Config\Cache), false)
#10 C:\xampp\htdocs\ci4\ranu\public\index.php(67): CodeIgniter\CodeIgniter->run()
#11 C:\xampp\htdocs\ci4\CodeIgniter4\system\Commands\Server\rewrite.php(47): require_once('C:\\xampp\\htdocs...')
#12 {main}
CRITICAL - 2023-03-05 06:14:14 --> Unknown column 'fkProduk13' in 'where clause'
in SYSTEMPATH\Database\BaseConnection.php on line 645.
 1 SYSTEMPATH\Database\BaseBuilder.php(1602): CodeIgniter\Database\BaseConnection->query('SELECT *
FROM `fitur`
WHERE `fkProduk13` IS NULL
AND `fkKriteria` = 1', [], false)
 2 SYSTEMPATH\Model.php(202): CodeIgniter\Database\BaseBuilder->get()
 3 SYSTEMPATH\BaseModel.php(557): CodeIgniter\Model->doFind(false, null)
 4 APPPATH\Controllers\admin\Produk.php(94): CodeIgniter\BaseModel->find()
 5 SYSTEMPATH\CodeIgniter.php(934): App\Controllers\Admin\Produk->update()
 6 SYSTEMPATH\CodeIgniter.php(499): CodeIgniter\CodeIgniter->runController(Object(App\Controllers\Admin\Produk))
 7 SYSTEMPATH\CodeIgniter.php(368): CodeIgniter\CodeIgniter->handleRequest(null, Object(Config\Cache), false)
 8 FCPATH\index.php(67): CodeIgniter\CodeIgniter->run()
 9 SYSTEMPATH\Commands\Server\rewrite.php(47): require_once('FCPATH\\index.php')
ERROR - 2023-03-05 06:14:22 --> mysqli_sql_exception: Unknown column 'fkProduk13' in 'where clause' in C:\xampp\htdocs\ci4\CodeIgniter4\system\Database\MySQLi\Connection.php:295
Stack trace:
#0 C:\xampp\htdocs\ci4\CodeIgniter4\system\Database\MySQLi\Connection.php(295): mysqli->query('SELECT *\nFROM `...', 0)
#1 C:\xampp\htdocs\ci4\CodeIgniter4\system\Database\BaseConnection.php(691): CodeIgniter\Database\MySQLi\Connection->execute('SELECT *\nFROM `...')
#2 C:\xampp\htdocs\ci4\CodeIgniter4\system\Database\BaseConnection.php(605): CodeIgniter\Database\BaseConnection->simpleQuery('SELECT *\nFROM `...')
#3 C:\xampp\htdocs\ci4\CodeIgniter4\system\Database\BaseBuilder.php(1602): CodeIgniter\Database\BaseConnection->query('SELECT *\nFROM `...', Array, false)
#4 C:\xampp\htdocs\ci4\CodeIgniter4\system\Model.php(202): CodeIgniter\Database\BaseBuilder->get()
#5 C:\xampp\htdocs\ci4\CodeIgniter4\system\BaseModel.php(557): CodeIgniter\Model->doFind(false, NULL)
#6 C:\xampp\htdocs\ci4\ranu\app\Controllers\admin\Produk.php(94): CodeIgniter\BaseModel->find()
#7 C:\xampp\htdocs\ci4\CodeIgniter4\system\CodeIgniter.php(934): App\Controllers\Admin\Produk->update()
#8 C:\xampp\htdocs\ci4\CodeIgniter4\system\CodeIgniter.php(499): CodeIgniter\CodeIgniter->runController(Object(App\Controllers\Admin\Produk))
#9 C:\xampp\htdocs\ci4\CodeIgniter4\system\CodeIgniter.php(368): CodeIgniter\CodeIgniter->handleRequest(NULL, Object(Config\Cache), false)
#10 C:\xampp\htdocs\ci4\ranu\public\index.php(67): CodeIgniter\CodeIgniter->run()
#11 C:\xampp\htdocs\ci4\CodeIgniter4\system\Commands\Server\rewrite.php(47): require_once('C:\\xampp\\htdocs...')
#12 {main}
CRITICAL - 2023-03-05 06:14:22 --> Unknown column 'fkProduk13' in 'where clause'
in SYSTEMPATH\Database\BaseConnection.php on line 645.
 1 SYSTEMPATH\Database\BaseBuilder.php(1602): CodeIgniter\Database\BaseConnection->query('SELECT *
FROM `fitur`
WHERE `fkProduk13` IS NULL
AND `fkKriteria` = 1', [], false)
 2 SYSTEMPATH\Model.php(202): CodeIgniter\Database\BaseBuilder->get()
 3 SYSTEMPATH\BaseModel.php(557): CodeIgniter\Model->doFind(false, null)
 4 APPPATH\Controllers\admin\Produk.php(94): CodeIgniter\BaseModel->find()
 5 SYSTEMPATH\CodeIgniter.php(934): App\Controllers\Admin\Produk->update()
 6 SYSTEMPATH\CodeIgniter.php(499): CodeIgniter\CodeIgniter->runController(Object(App\Controllers\Admin\Produk))
 7 SYSTEMPATH\CodeIgniter.php(368): CodeIgniter\CodeIgniter->handleRequest(null, Object(Config\Cache), false)
 8 FCPATH\index.php(67): CodeIgniter\CodeIgniter->run()
 9 SYSTEMPATH\Commands\Server\rewrite.php(47): require_once('FCPATH\\index.php')
ERROR - 2023-03-05 06:15:04 --> mysqli_sql_exception: Unknown column 'fkProduk13' in 'where clause' in C:\xampp\htdocs\ci4\CodeIgniter4\system\Database\MySQLi\Connection.php:295
Stack trace:
#0 C:\xampp\htdocs\ci4\CodeIgniter4\system\Database\MySQLi\Connection.php(295): mysqli->query('SELECT *\nFROM `...', 0)
#1 C:\xampp\htdocs\ci4\CodeIgniter4\system\Database\BaseConnection.php(691): CodeIgniter\Database\MySQLi\Connection->execute('SELECT *\nFROM `...')
#2 C:\xampp\htdocs\ci4\CodeIgniter4\system\Database\BaseConnection.php(605): CodeIgniter\Database\BaseConnection->simpleQuery('SELECT *\nFROM `...')
#3 C:\xampp\htdocs\ci4\CodeIgniter4\system\Database\BaseBuilder.php(1602): CodeIgniter\Database\BaseConnection->query('SELECT *\nFROM `...', Array, false)
#4 C:\xampp\htdocs\ci4\CodeIgniter4\system\Model.php(202): CodeIgniter\Database\BaseBuilder->get()
#5 C:\xampp\htdocs\ci4\CodeIgniter4\system\BaseModel.php(557): CodeIgniter\Model->doFind(false, NULL)
#6 C:\xampp\htdocs\ci4\ranu\app\Controllers\admin\Produk.php(94): CodeIgniter\BaseModel->find()
#7 C:\xampp\htdocs\ci4\CodeIgniter4\system\CodeIgniter.php(934): App\Controllers\Admin\Produk->update()
#8 C:\xampp\htdocs\ci4\CodeIgniter4\system\CodeIgniter.php(499): CodeIgniter\CodeIgniter->runController(Object(App\Controllers\Admin\Produk))
#9 C:\xampp\htdocs\ci4\CodeIgniter4\system\CodeIgniter.php(368): CodeIgniter\CodeIgniter->handleRequest(NULL, Object(Config\Cache), false)
#10 C:\xampp\htdocs\ci4\ranu\public\index.php(67): CodeIgniter\CodeIgniter->run()
#11 C:\xampp\htdocs\ci4\CodeIgniter4\system\Commands\Server\rewrite.php(47): require_once('C:\\xampp\\htdocs...')
#12 {main}
CRITICAL - 2023-03-05 06:15:04 --> Unknown column 'fkProduk13' in 'where clause'
in SYSTEMPATH\Database\BaseConnection.php on line 645.
 1 SYSTEMPATH\Database\BaseBuilder.php(1602): CodeIgniter\Database\BaseConnection->query('SELECT *
FROM `fitur`
WHERE `fkProduk13` IS NULL
AND `fkKriteria` = :fkKriteria:', [...], false)
 2 SYSTEMPATH\Model.php(202): CodeIgniter\Database\BaseBuilder->get()
 3 SYSTEMPATH\BaseModel.php(557): CodeIgniter\Model->doFind(false, null)
 4 APPPATH\Controllers\admin\Produk.php(94): CodeIgniter\BaseModel->find()
 5 SYSTEMPATH\CodeIgniter.php(934): App\Controllers\Admin\Produk->update()
 6 SYSTEMPATH\CodeIgniter.php(499): CodeIgniter\CodeIgniter->runController(Object(App\Controllers\Admin\Produk))
 7 SYSTEMPATH\CodeIgniter.php(368): CodeIgniter\CodeIgniter->handleRequest(null, Object(Config\Cache), false)
 8 FCPATH\index.php(67): CodeIgniter\CodeIgniter->run()
 9 SYSTEMPATH\Commands\Server\rewrite.php(47): require_once('FCPATH\\index.php')
CRITICAL - 2023-03-05 06:15:19 --> Undefined array key "id"
in APPPATH\Controllers\admin\Produk.php on line 94.
 1 APPPATH\Controllers\admin\Produk.php(94): CodeIgniter\Debug\Exceptions->errorHandler(2, 'Undefined array key "id"', 'APPPATH\\Controllers\\admin\\Produk.php', 94)
 2 SYSTEMPATH\CodeIgniter.php(934): App\Controllers\Admin\Produk->update()
 3 SYSTEMPATH\CodeIgniter.php(499): CodeIgniter\CodeIgniter->runController(Object(App\Controllers\Admin\Produk))
 4 SYSTEMPATH\CodeIgniter.php(368): CodeIgniter\CodeIgniter->handleRequest(null, Object(Config\Cache), false)
 5 FCPATH\index.php(67): CodeIgniter\CodeIgniter->run()
 6 SYSTEMPATH\Commands\Server\rewrite.php(47): require_once('FCPATH\\index.php')
CRITICAL - 2023-03-05 06:16:33 --> Undefined array key "id"
in APPPATH\Controllers\admin\Produk.php on line 94.
 1 APPPATH\Controllers\admin\Produk.php(94): CodeIgniter\Debug\Exceptions->errorHandler(2, 'Undefined array key "id"', 'APPPATH\\Controllers\\admin\\Produk.php', 94)
 2 SYSTEMPATH\CodeIgniter.php(934): App\Controllers\Admin\Produk->update()
 3 SYSTEMPATH\CodeIgniter.php(499): CodeIgniter\CodeIgniter->runController(Object(App\Controllers\Admin\Produk))
 4 SYSTEMPATH\CodeIgniter.php(368): CodeIgniter\CodeIgniter->handleRequest(null, Object(Config\Cache), false)
 5 FCPATH\index.php(67): CodeIgniter\CodeIgniter->run()
 6 SYSTEMPATH\Commands\Server\rewrite.php(47): require_once('FCPATH\\index.php')
INFO - 2023-03-05 06:17:19 --> Session: Class initialized using 'CodeIgniter\Session\Handlers\FileHandler' driver.
CRITICAL - 2023-03-05 06:17:40 --> Undefined array key 0
in APPPATH\Views\pages\admin\produkForm.php on line 15.
 1 APPPATH\Views\pages\admin\produkForm.php(15): CodeIgniter\Debug\Exceptions->errorHandler(2, 'Undefined array key 0', 'APPPATH\\Views\\pages\\admin\\produkForm.php', 15)
 2 SYSTEMPATH\View\View.php(213): include('APPPATH\\Views\\pages\\admin\\produkForm.php')
 3 SYSTEMPATH\View\View.php(216): CodeIgniter\View\View->CodeIgniter\View\{closure}()
 4 SYSTEMPATH\Common.php(1177): CodeIgniter\View\View->render('pages/admin/produkForm', [], true)
 5 APPPATH\Controllers\admin\Produk.php(56): view('pages/admin/produkForm', [...])
 6 SYSTEMPATH\CodeIgniter.php(934): App\Controllers\Admin\Produk->form('1', [])
 7 SYSTEMPATH\CodeIgniter.php(499): CodeIgniter\CodeIgniter->runController(Object(App\Controllers\Admin\Produk))
 8 SYSTEMPATH\CodeIgniter.php(368): CodeIgniter\CodeIgniter->handleRequest(null, Object(Config\Cache), false)
 9 FCPATH\index.php(67): CodeIgniter\CodeIgniter->run()
10 SYSTEMPATH\Commands\Server\rewrite.php(47): require_once('FCPATH\\index.php')
CRITICAL - 2023-03-05 09:25:45 --> Trying to access array offset on value of type null
in APPPATH\Views\pages\admin\produkForm.php on line 15.
 1 APPPATH\Views\pages\admin\produkForm.php(15): CodeIgniter\Debug\Exceptions->errorHandler(2, 'Trying to access array offset on value of type null', 'APPPATH\\Views\\pages\\admin\\produkForm.php', 15)
 2 SYSTEMPATH\View\View.php(213): include('APPPATH\\Views\\pages\\admin\\produkForm.php')
 3 SYSTEMPATH\View\View.php(216): CodeIgniter\View\View->CodeIgniter\View\{closure}()
 4 SYSTEMPATH\Common.php(1177): CodeIgniter\View\View->render('pages/admin/produkForm', [], true)
 5 APPPATH\Controllers\admin\Produk.php(56): view('pages/admin/produkForm', [...])
 6 SYSTEMPATH\CodeIgniter.php(934): App\Controllers\Admin\Produk->form('1')
 7 SYSTEMPATH\CodeIgniter.php(499): CodeIgniter\CodeIgniter->runController(Object(App\Controllers\Admin\Produk))
 8 SYSTEMPATH\CodeIgniter.php(368): CodeIgniter\CodeIgniter->handleRequest(null, Object(Config\Cache), false)
 9 FCPATH\index.php(67): CodeIgniter\CodeIgniter->run()
10 SYSTEMPATH\Commands\Server\rewrite.php(47): require_once('FCPATH\\index.php')
CRITICAL - 2023-03-05 09:26:20 --> Trying to access array offset on value of type null
in APPPATH\Views\pages\admin\produkForm.php on line 15.
 1 APPPATH\Views\pages\admin\produkForm.php(15): CodeIgniter\Debug\Exceptions->errorHandler(2, 'Trying to access array offset on value of type null', 'APPPATH\\Views\\pages\\admin\\produkForm.php', 15)
 2 SYSTEMPATH\View\View.php(213): include('APPPATH\\Views\\pages\\admin\\produkForm.php')
 3 SYSTEMPATH\View\View.php(216): CodeIgniter\View\View->CodeIgniter\View\{closure}()
 4 SYSTEMPATH\Common.php(1177): CodeIgniter\View\View->render('pages/admin/produkForm', [], true)
 5 APPPATH\Controllers\admin\Produk.php(56): view('pages/admin/produkForm', [...])
 6 SYSTEMPATH\CodeIgniter.php(934): App\Controllers\Admin\Produk->form('1')
 7 SYSTEMPATH\CodeIgniter.php(499): CodeIgniter\CodeIgniter->runController(Object(App\Controllers\Admin\Produk))
 8 SYSTEMPATH\CodeIgniter.php(368): CodeIgniter\CodeIgniter->handleRequest(null, Object(Config\Cache), false)
 9 FCPATH\index.php(67): CodeIgniter\CodeIgniter->run()
10 SYSTEMPATH\Commands\Server\rewrite.php(47): require_once('FCPATH\\index.php')
CRITICAL - 2023-03-05 09:29:16 --> Undefined array key 0
in APPPATH\Views\pages\admin\produkForm.php on line 15.
 1 APPPATH\Views\pages\admin\produkForm.php(15): CodeIgniter\Debug\Exceptions->errorHandler(2, 'Undefined array key 0', 'APPPATH\\Views\\pages\\admin\\produkForm.php', 15)
 2 SYSTEMPATH\View\View.php(213): include('APPPATH\\Views\\pages\\admin\\produkForm.php')
 3 SYSTEMPATH\View\View.php(216): CodeIgniter\View\View->CodeIgniter\View\{closure}()
 4 SYSTEMPATH\Common.php(1177): CodeIgniter\View\View->render('pages/admin/produkForm', [], true)
 5 APPPATH\Controllers\admin\Produk.php(59): view('pages/admin/produkForm', [...])
 6 SYSTEMPATH\CodeIgniter.php(934): App\Controllers\Admin\Produk->form('1', [...])
 7 SYSTEMPATH\CodeIgniter.php(499): CodeIgniter\CodeIgniter->runController(Object(App\Controllers\Admin\Produk))
 8 SYSTEMPATH\CodeIgniter.php(368): CodeIgniter\CodeIgniter->handleRequest(null, Object(Config\Cache), false)
 9 FCPATH\index.php(67): CodeIgniter\CodeIgniter->run()
10 SYSTEMPATH\Commands\Server\rewrite.php(47): require_once('FCPATH\\index.php')
CRITICAL - 2023-03-05 09:29:46 --> Undefined array key 0
in APPPATH\Views\pages\admin\produkForm.php on line 18.
 1 APPPATH\Views\pages\admin\produkForm.php(18): CodeIgniter\Debug\Exceptions->errorHandler(2, 'Undefined array key 0', 'APPPATH\\Views\\pages\\admin\\produkForm.php', 18)
 2 SYSTEMPATH\View\View.php(213): include('APPPATH\\Views\\pages\\admin\\produkForm.php')
 3 SYSTEMPATH\View\View.php(216): CodeIgniter\View\View->CodeIgniter\View\{closure}()
 4 SYSTEMPATH\Common.php(1177): CodeIgniter\View\View->render('pages/admin/produkForm', [], true)
 5 APPPATH\Controllers\admin\Produk.php(59): view('pages/admin/produkForm', [...])
 6 SYSTEMPATH\CodeIgniter.php(934): App\Controllers\Admin\Produk->form('1', [...])
 7 SYSTEMPATH\CodeIgniter.php(499): CodeIgniter\CodeIgniter->runController(Object(App\Controllers\Admin\Produk))
 8 SYSTEMPATH\CodeIgniter.php(368): CodeIgniter\CodeIgniter->handleRequest(null, Object(Config\Cache), false)
 9 FCPATH\index.php(67): CodeIgniter\CodeIgniter->run()
10 SYSTEMPATH\Commands\Server\rewrite.php(47): require_once('FCPATH\\index.php')
CRITICAL - 2023-03-05 09:30:03 --> Undefined array key 0
in APPPATH\Views\pages\admin\produkForm.php on line 18.
 1 APPPATH\Views\pages\admin\produkForm.php(18): CodeIgniter\Debug\Exceptions->errorHandler(2, 'Undefined array key 0', 'APPPATH\\Views\\pages\\admin\\produkForm.php', 18)
 2 SYSTEMPATH\View\View.php(213): include('APPPATH\\Views\\pages\\admin\\produkForm.php')
 3 SYSTEMPATH\View\View.php(216): CodeIgniter\View\View->CodeIgniter\View\{closure}()
 4 SYSTEMPATH\Common.php(1177): CodeIgniter\View\View->render('pages/admin/produkForm', [], true)
 5 APPPATH\Controllers\admin\Produk.php(59): view('pages/admin/produkForm', [...])
 6 SYSTEMPATH\CodeIgniter.php(934): App\Controllers\Admin\Produk->form('1', [...])
 7 SYSTEMPATH\CodeIgniter.php(499): CodeIgniter\CodeIgniter->runController(Object(App\Controllers\Admin\Produk))
 8 SYSTEMPATH\CodeIgniter.php(368): CodeIgniter\CodeIgniter->handleRequest(null, Object(Config\Cache), false)
 9 FCPATH\index.php(67): CodeIgniter\CodeIgniter->run()
10 SYSTEMPATH\Commands\Server\rewrite.php(47): require_once('FCPATH\\index.php')
CRITICAL - 2023-03-05 09:30:12 --> Undefined array key 0
in APPPATH\Views\pages\admin\produkForm.php on line 27.
 1 APPPATH\Views\pages\admin\produkForm.php(27): CodeIgniter\Debug\Exceptions->errorHandler(2, 'Undefined array key 0', 'APPPATH\\Views\\pages\\admin\\produkForm.php', 27)
 2 SYSTEMPATH\View\View.php(213): include('APPPATH\\Views\\pages\\admin\\produkForm.php')
 3 SYSTEMPATH\View\View.php(216): CodeIgniter\View\View->CodeIgniter\View\{closure}()
 4 SYSTEMPATH\Common.php(1177): CodeIgniter\View\View->render('pages/admin/produkForm', [], true)
 5 APPPATH\Controllers\admin\Produk.php(59): view('pages/admin/produkForm', [...])
 6 SYSTEMPATH\CodeIgniter.php(934): App\Controllers\Admin\Produk->form('1', [...])
 7 SYSTEMPATH\CodeIgniter.php(499): CodeIgniter\CodeIgniter->runController(Object(App\Controllers\Admin\Produk))
 8 SYSTEMPATH\CodeIgniter.php(368): CodeIgniter\CodeIgniter->handleRequest(null, Object(Config\Cache), false)
 9 FCPATH\index.php(67): CodeIgniter\CodeIgniter->run()
10 SYSTEMPATH\Commands\Server\rewrite.php(47): require_once('FCPATH\\index.php')
CRITICAL - 2023-03-05 09:30:59 --> Undefined array key 0
in APPPATH\Views\pages\admin\produkForm.php on line 27.
 1 APPPATH\Views\pages\admin\produkForm.php(27): CodeIgniter\Debug\Exceptions->errorHandler(2, 'Undefined array key 0', 'APPPATH\\Views\\pages\\admin\\produkForm.php', 27)
 2 SYSTEMPATH\View\View.php(213): include('APPPATH\\Views\\pages\\admin\\produkForm.php')
 3 SYSTEMPATH\View\View.php(216): CodeIgniter\View\View->CodeIgniter\View\{closure}()
 4 SYSTEMPATH\Common.php(1177): CodeIgniter\View\View->render('pages/admin/produkForm', [], true)
 5 APPPATH\Controllers\admin\Produk.php(60): view('pages/admin/produkForm', [...])
 6 SYSTEMPATH\CodeIgniter.php(934): App\Controllers\Admin\Produk->form('1', [...])
 7 SYSTEMPATH\CodeIgniter.php(499): CodeIgniter\CodeIgniter->runController(Object(App\Controllers\Admin\Produk))
 8 SYSTEMPATH\CodeIgniter.php(368): CodeIgniter\CodeIgniter->handleRequest(null, Object(Config\Cache), false)
 9 FCPATH\index.php(67): CodeIgniter\CodeIgniter->run()
10 SYSTEMPATH\Commands\Server\rewrite.php(47): require_once('FCPATH\\index.php')
CRITICAL - 2023-03-05 09:36:26 --> Undefined array key 0
in APPPATH\Views\pages\admin\produkForm.php on line 27.
 1 APPPATH\Views\pages\admin\produkForm.php(27): CodeIgniter\Debug\Exceptions->errorHandler(2, 'Undefined array key 0', 'APPPATH\\Views\\pages\\admin\\produkForm.php', 27)
 2 SYSTEMPATH\View\View.php(213): include('APPPATH\\Views\\pages\\admin\\produkForm.php')
 3 SYSTEMPATH\View\View.php(216): CodeIgniter\View\View->CodeIgniter\View\{closure}()
 4 SYSTEMPATH\Common.php(1177): CodeIgniter\View\View->render('pages/admin/produkForm', [], true)
 5 APPPATH\Controllers\admin\Produk.php(58): view('pages/admin/produkForm', [...])
 6 SYSTEMPATH\CodeIgniter.php(934): App\Controllers\Admin\Produk->form('1', [...])
 7 SYSTEMPATH\CodeIgniter.php(499): CodeIgniter\CodeIgniter->runController(Object(App\Controllers\Admin\Produk))
 8 SYSTEMPATH\CodeIgniter.php(368): CodeIgniter\CodeIgniter->handleRequest(null, Object(Config\Cache), false)
 9 FCPATH\index.php(67): CodeIgniter\CodeIgniter->run()
10 SYSTEMPATH\Commands\Server\rewrite.php(47): require_once('FCPATH\\index.php')
CRITICAL - 2023-03-05 09:36:48 --> "addFitur" is not a valid Model Event callback.
in SYSTEMPATH\BaseModel.php on line 1559.
 1 SYSTEMPATH\BaseModel.php(1559): CodeIgniter\Database\Exceptions\DataException::forInvalidMethodTriggered('addFitur')
 2 SYSTEMPATH\BaseModel.php(792): CodeIgniter\BaseModel->trigger('afterInsert', [...])
 3 SYSTEMPATH\Model.php(729): CodeIgniter\BaseModel->insert([...], false)
 4 SYSTEMPATH\BaseModel.php(692): CodeIgniter\Model->insert([...], false)
 5 APPPATH\Controllers\admin\Produk.php(75): CodeIgniter\BaseModel->save([...])
 6 SYSTEMPATH\CodeIgniter.php(934): App\Controllers\Admin\Produk->create()
 7 SYSTEMPATH\CodeIgniter.php(499): CodeIgniter\CodeIgniter->runController(Object(App\Controllers\Admin\Produk))
 8 SYSTEMPATH\CodeIgniter.php(368): CodeIgniter\CodeIgniter->handleRequest(null, Object(Config\Cache), false)
 9 FCPATH\index.php(67): CodeIgniter\CodeIgniter->run()
10 SYSTEMPATH\Commands\Server\rewrite.php(47): require_once('FCPATH\\index.php')
INFO - 2023-03-05 09:37:10 --> Session: Class initialized using 'CodeIgniter\Session\Handlers\FileHandler' driver.
CRITICAL - 2023-03-05 09:37:14 --> Call to undefined method App\Models\ProdukModel::produkFitur
in SYSTEMPATH\Model.php on line 841.
 1 APPPATH\Controllers\admin\Produk.php(44): CodeIgniter\Model->__call('produkFitur', [...])
 2 SYSTEMPATH\CodeIgniter.php(934): App\Controllers\Admin\Produk->form('1', '15')
 3 SYSTEMPATH\CodeIgniter.php(499): CodeIgniter\CodeIgniter->runController(Object(App\Controllers\Admin\Produk))
 4 SYSTEMPATH\CodeIgniter.php(368): CodeIgniter\CodeIgniter->handleRequest(null, Object(Config\Cache), false)
 5 FCPATH\index.php(67): CodeIgniter\CodeIgniter->run()
 6 SYSTEMPATH\Commands\Server\rewrite.php(47): require_once('FCPATH\\index.php')
CRITICAL - 2023-03-05 09:37:34 --> Undefined array key "id"
in APPPATH\Controllers\admin\Produk.php on line 96.
 1 APPPATH\Controllers\admin\Produk.php(96): CodeIgniter\Debug\Exceptions->errorHandler(2, 'Undefined array key "id"', 'APPPATH\\Controllers\\admin\\Produk.php', 96)
 2 SYSTEMPATH\CodeIgniter.php(934): App\Controllers\Admin\Produk->update()
 3 SYSTEMPATH\CodeIgniter.php(499): CodeIgniter\CodeIgniter->runController(Object(App\Controllers\Admin\Produk))
 4 SYSTEMPATH\CodeIgniter.php(368): CodeIgniter\CodeIgniter->handleRequest(null, Object(Config\Cache), false)
 5 FCPATH\index.php(67): CodeIgniter\CodeIgniter->run()
 6 SYSTEMPATH\Commands\Server\rewrite.php(47): require_once('FCPATH\\index.php')
INFO - 2023-03-05 09:39:32 --> Session: Class initialized using 'CodeIgniter\Session\Handlers\FileHandler' driver.
INFO - 2023-03-05 09:39:40 --> Session: Class initialized using 'CodeIgniter\Session\Handlers\FileHandler' driver.
INFO - 2023-03-05 09:39:51 --> Session: Class initialized using 'CodeIgniter\Session\Handlers\FileHandler' driver.
CRITICAL - 2023-03-05 09:46:17 --> syntax error, unexpected token "endfor"
in APPPATH\Views\pages\user\index.php on line 83.
 1 SYSTEMPATH\View\View.php(216): CodeIgniter\View\View->CodeIgniter\View\{closure}()
 2 SYSTEMPATH\Common.php(1177): CodeIgniter\View\View->render('pages/user/index', [], true)
 3 APPPATH\Controllers\Home.php(31): view('pages/user/index', [...])
 4 SYSTEMPATH\CodeIgniter.php(934): App\Controllers\Home->index()
 5 SYSTEMPATH\CodeIgniter.php(499): CodeIgniter\CodeIgniter->runController(Object(App\Controllers\Home))
 6 SYSTEMPATH\CodeIgniter.php(368): CodeIgniter\CodeIgniter->handleRequest(null, Object(Config\Cache), false)
 7 FCPATH\index.php(67): CodeIgniter\CodeIgniter->run()
 8 SYSTEMPATH\Commands\Server\rewrite.php(47): require_once('FCPATH\\index.php')
CRITICAL - 2023-03-05 09:50:31 --> Undefined array key "fkJenis"
in APPPATH\Views\pages\user\index.php on line 72.
 1 APPPATH\Views\pages\user\index.php(72): CodeIgniter\Debug\Exceptions->errorHandler(2, 'Undefined array key "fkJenis"', 'APPPATH\\Views\\pages\\user\\index.php', 72)
 2 SYSTEMPATH\View\View.php(213): include('APPPATH\\Views\\pages\\user\\index.php')
 3 SYSTEMPATH\View\View.php(216): CodeIgniter\View\View->CodeIgniter\View\{closure}()
 4 SYSTEMPATH\Common.php(1177): CodeIgniter\View\View->render('pages/user/index', [], true)
 5 APPPATH\Controllers\Home.php(31): view('pages/user/index', [...])
 6 SYSTEMPATH\CodeIgniter.php(934): App\Controllers\Home->index()
 7 SYSTEMPATH\CodeIgniter.php(499): CodeIgniter\CodeIgniter->runController(Object(App\Controllers\Home))
 8 SYSTEMPATH\CodeIgniter.php(368): CodeIgniter\CodeIgniter->handleRequest(null, Object(Config\Cache), false)
 9 FCPATH\index.php(67): CodeIgniter\CodeIgniter->run()
10 SYSTEMPATH\Commands\Server\rewrite.php(47): require_once('FCPATH\\index.php')
CRITICAL - 2023-03-05 09:52:10 --> Undefined array key 0
in APPPATH\Views\pages\admin\produkForm.php on line 27.
 1 APPPATH\Views\pages\admin\produkForm.php(27): CodeIgniter\Debug\Exceptions->errorHandler(2, 'Undefined array key 0', 'APPPATH\\Views\\pages\\admin\\produkForm.php', 27)
 2 SYSTEMPATH\View\View.php(213): include('APPPATH\\Views\\pages\\admin\\produkForm.php')
 3 SYSTEMPATH\View\View.php(216): CodeIgniter\View\View->CodeIgniter\View\{closure}()
 4 SYSTEMPATH\Common.php(1177): CodeIgniter\View\View->render('pages/admin/produkForm', [], true)
 5 APPPATH\Controllers\admin\Produk.php(58): view('pages/admin/produkForm', [...])
 6 SYSTEMPATH\CodeIgniter.php(934): App\Controllers\Admin\Produk->form('1', [...])
 7 SYSTEMPATH\CodeIgniter.php(499): CodeIgniter\CodeIgniter->runController(Object(App\Controllers\Admin\Produk))
 8 SYSTEMPATH\CodeIgniter.php(368): CodeIgniter\CodeIgniter->handleRequest(null, Object(Config\Cache), false)
 9 FCPATH\index.php(67): CodeIgniter\CodeIgniter->run()
10 SYSTEMPATH\Commands\Server\rewrite.php(47): require_once('FCPATH\\index.php')
CRITICAL - 2023-03-05 09:52:13 --> Undefined array key 0
in APPPATH\Views\pages\admin\produkForm.php on line 27.
 1 APPPATH\Views\pages\admin\produkForm.php(27): CodeIgniter\Debug\Exceptions->errorHandler(2, 'Undefined array key 0', 'APPPATH\\Views\\pages\\admin\\produkForm.php', 27)
 2 SYSTEMPATH\View\View.php(213): include('APPPATH\\Views\\pages\\admin\\produkForm.php')
 3 SYSTEMPATH\View\View.php(216): CodeIgniter\View\View->CodeIgniter\View\{closure}()
 4 SYSTEMPATH\Common.php(1177): CodeIgniter\View\View->render('pages/admin/produkForm', [], true)
 5 APPPATH\Controllers\admin\Produk.php(58): view('pages/admin/produkForm', [...])
 6 SYSTEMPATH\CodeIgniter.php(934): App\Controllers\Admin\Produk->form('1', [...])
 7 SYSTEMPATH\CodeIgniter.php(499): CodeIgniter\CodeIgniter->runController(Object(App\Controllers\Admin\Produk))
 8 SYSTEMPATH\CodeIgniter.php(368): CodeIgniter\CodeIgniter->handleRequest(null, Object(Config\Cache), false)
 9 FCPATH\index.php(67): CodeIgniter\CodeIgniter->run()
10 SYSTEMPATH\Commands\Server\rewrite.php(47): require_once('FCPATH\\index.php')
INFO - 2023-03-05 09:52:16 --> Session: Class initialized using 'CodeIgniter\Session\Handlers\FileHandler' driver.
INFO - 2023-03-05 09:52:18 --> Session: Class initialized using 'CodeIgniter\Session\Handlers\FileHandler' driver.
INFO - 2023-03-05 09:52:20 --> Session: Class initialized using 'CodeIgniter\Session\Handlers\FileHandler' driver.
INFO - 2023-03-05 11:09:37 --> Session: Class initialized using 'CodeIgniter\Session\Handlers\FileHandler' driver.
