CRITICAL - 2023-04-01 03:42:29 --> Undefined array key 0
in APPPATH\Views\pages\admin\produk\form.php on line 27.
 1 APPPATH\Views\pages\admin\produk\form.php(27): CodeIgniter\Debug\Exceptions->errorHandler(2, 'Undefined array key 0', 'APPPATH\\Views\\pages\\admin\\produk\\form.php', 27)
 2 SYSTEMPATH\View\View.php(213): include('APPPATH\\Views\\pages\\admin\\produk\\form.php')
 3 SYSTEMPATH\View\View.php(216): CodeIgniter\View\View->CodeIgniter\View\{closure}()
 4 SYSTEMPATH\Common.php(1177): CodeIgniter\View\View->render('pages/admin/produk/form', [], true)
 5 APPPATH\Controllers\admin\Produk.php(59): view('pages/admin/produk/form', [...])
 6 SYSTEMPATH\CodeIgniter.php(934): App\Controllers\Admin\Produk->form('1', [...])
 7 SYSTEMPATH\CodeIgniter.php(499): CodeIgniter\CodeIgniter->runController(Object(App\Controllers\Admin\Produk))
 8 SYSTEMPATH\CodeIgniter.php(368): CodeIgniter\CodeIgniter->handleRequest(null, Object(Config\Cache), false)
 9 FCPATH\index.php(67): CodeIgniter\CodeIgniter->run()
10 SYSTEMPATH\Commands\Server\rewrite.php(47): require_once('FCPATH\\index.php')
CRITICAL - 2023-04-01 06:37:50 --> Undefined array key "jenis"
in APPPATH\Views\pages\user\produkDetail.php on line 10.
 1 APPPATH\Views\pages\user\produkDetail.php(10): CodeIgniter\Debug\Exceptions->errorHandler(2, 'Undefined array key "jenis"', 'APPPATH\\Views\\pages\\user\\produkDetail.php', 10)
 2 SYSTEMPATH\View\View.php(213): include('APPPATH\\Views\\pages\\user\\produkDetail.php')
 3 SYSTEMPATH\View\View.php(216): CodeIgniter\View\View->CodeIgniter\View\{closure}()
 4 SYSTEMPATH\Common.php(1177): CodeIgniter\View\View->render('pages/user/produkDetail', [], true)
 5 APPPATH\Controllers\Home.php(44): view('pages/user/produkDetail', [...])
 6 SYSTEMPATH\CodeIgniter.php(934): App\Controllers\Home->produk('220')
 7 SYSTEMPATH\CodeIgniter.php(499): CodeIgniter\CodeIgniter->runController(Object(App\Controllers\Home))
 8 SYSTEMPATH\CodeIgniter.php(368): CodeIgniter\CodeIgniter->handleRequest(null, Object(Config\Cache), false)
 9 FCPATH\index.php(67): CodeIgniter\CodeIgniter->run()
10 SYSTEMPATH\Commands\Server\rewrite.php(47): require_once('FCPATH\\index.php')
CRITICAL - 2023-04-01 08:01:56 --> Call to undefined function form_open()
in APPPATH\Views\pages\user\produkDetail.php on line 35.
 1 SYSTEMPATH\View\View.php(213): include()
 2 SYSTEMPATH\View\View.php(216): CodeIgniter\View\View->CodeIgniter\View\{closure}()
 3 SYSTEMPATH\Common.php(1177): CodeIgniter\View\View->render('pages/user/produkDetail', [], true)
 4 APPPATH\Controllers\Home.php(49): view('pages/user/produkDetail', [...])
 5 SYSTEMPATH\CodeIgniter.php(934): App\Controllers\Home->produk('15')
 6 SYSTEMPATH\CodeIgniter.php(499): CodeIgniter\CodeIgniter->runController(Object(App\Controllers\Home))
 7 SYSTEMPATH\CodeIgniter.php(368): CodeIgniter\CodeIgniter->handleRequest(null, Object(Config\Cache), false)
 8 FCPATH\index.php(67): CodeIgniter\CodeIgniter->run()
 9 SYSTEMPATH\Commands\Server\rewrite.php(47): require_once('FCPATH\\index.php')
ERROR - 2023-04-01 08:06:42 --> mysqli_sql_exception: Unknown column 'updated_at' in 'field list' in C:\Users\abiisaleh\Documents\ci4\CodeIgniter4\system\Database\MySQLi\Connection.php:295
Stack trace:
#0 C:\Users\abiisaleh\Documents\ci4\CodeIgniter4\system\Database\MySQLi\Connection.php(295): mysqli->query('INSERT INTO `pe...', 0)
#1 C:\Users\abiisaleh\Documents\ci4\CodeIgniter4\system\Database\BaseConnection.php(691): CodeIgniter\Database\MySQLi\Connection->execute('INSERT INTO `pe...')
#2 C:\Users\abiisaleh\Documents\ci4\CodeIgniter4\system\Database\BaseConnection.php(605): CodeIgniter\Database\BaseConnection->simpleQuery('INSERT INTO `pe...')
#3 C:\Users\abiisaleh\Documents\ci4\CodeIgniter4\system\Database\BaseBuilder.php(2295): CodeIgniter\Database\BaseConnection->query('INSERT INTO `pe...', Array, false)
#4 C:\Users\abiisaleh\Documents\ci4\CodeIgniter4\system\Model.php(329): CodeIgniter\Database\BaseBuilder->insert()
#5 C:\Users\abiisaleh\Documents\ci4\CodeIgniter4\system\BaseModel.php(782): CodeIgniter\Model->doInsert(Array)
#6 C:\Users\abiisaleh\Documents\ci4\CodeIgniter4\system\Model.php(729): CodeIgniter\BaseModel->insert(Array, true)
#7 C:\Users\abiisaleh\Documents\ci4\ranu\app\Controllers\Home.php(83): CodeIgniter\Model->insert(Array)
#8 C:\Users\abiisaleh\Documents\ci4\CodeIgniter4\system\CodeIgniter.php(934): App\Controllers\Home->pesan()
#9 C:\Users\abiisaleh\Documents\ci4\CodeIgniter4\system\CodeIgniter.php(499): CodeIgniter\CodeIgniter->runController(Object(App\Controllers\Home))
#10 C:\Users\abiisaleh\Documents\ci4\CodeIgniter4\system\CodeIgniter.php(368): CodeIgniter\CodeIgniter->handleRequest(NULL, Object(Config\Cache), false)
#11 C:\Users\abiisaleh\Documents\ci4\ranu\public\index.php(67): CodeIgniter\CodeIgniter->run()
#12 C:\Users\abiisaleh\Documents\ci4\CodeIgniter4\system\Commands\Server\rewrite.php(47): require_once('C:\\Users\\abiisa...')
#13 {main}
CRITICAL - 2023-04-01 08:06:42 --> Unknown column 'updated_at' in 'field list'
in SYSTEMPATH\Database\BaseConnection.php on line 645.
 1 SYSTEMPATH\Database\BaseBuilder.php(2295): CodeIgniter\Database\BaseConnection->query('INSERT INTO `pesanan` (`status`, `fkProduk`, `fkKonsumen`, `tanggal`, `updated_at`) VALUES (:status:, :fkProduk:, :fkKonsumen:, :tanggal:, :updated_at:)', [...], false)
 2 SYSTEMPATH\Model.php(329): CodeIgniter\Database\BaseBuilder->insert()
 3 SYSTEMPATH\BaseModel.php(782): CodeIgniter\Model->doInsert([...])
 4 SYSTEMPATH\Model.php(729): CodeIgniter\BaseModel->insert([...], true)
 5 APPPATH\Controllers\Home.php(83): CodeIgniter\Model->insert([...])
 6 SYSTEMPATH\CodeIgniter.php(934): App\Controllers\Home->pesan()
 7 SYSTEMPATH\CodeIgniter.php(499): CodeIgniter\CodeIgniter->runController(Object(App\Controllers\Home))
 8 SYSTEMPATH\CodeIgniter.php(368): CodeIgniter\CodeIgniter->handleRequest(null, Object(Config\Cache), false)
 9 FCPATH\index.php(67): CodeIgniter\CodeIgniter->run()
10 SYSTEMPATH\Commands\Server\rewrite.php(47): require_once('FCPATH\\index.php')
ERROR - 2023-04-01 08:06:52 --> mysqli_sql_exception: Unknown column 'updated_at' in 'field list' in C:\Users\abiisaleh\Documents\ci4\CodeIgniter4\system\Database\MySQLi\Connection.php:295
Stack trace:
#0 C:\Users\abiisaleh\Documents\ci4\CodeIgniter4\system\Database\MySQLi\Connection.php(295): mysqli->query('INSERT INTO `pe...', 0)
#1 C:\Users\abiisaleh\Documents\ci4\CodeIgniter4\system\Database\BaseConnection.php(691): CodeIgniter\Database\MySQLi\Connection->execute('INSERT INTO `pe...')
#2 C:\Users\abiisaleh\Documents\ci4\CodeIgniter4\system\Database\BaseConnection.php(605): CodeIgniter\Database\BaseConnection->simpleQuery('INSERT INTO `pe...')
#3 C:\Users\abiisaleh\Documents\ci4\CodeIgniter4\system\Database\BaseBuilder.php(2295): CodeIgniter\Database\BaseConnection->query('INSERT INTO `pe...', Array, false)
#4 C:\Users\abiisaleh\Documents\ci4\CodeIgniter4\system\Model.php(329): CodeIgniter\Database\BaseBuilder->insert()
#5 C:\Users\abiisaleh\Documents\ci4\CodeIgniter4\system\BaseModel.php(782): CodeIgniter\Model->doInsert(Array)
#6 C:\Users\abiisaleh\Documents\ci4\CodeIgniter4\system\Model.php(729): CodeIgniter\BaseModel->insert(Array, true)
#7 C:\Users\abiisaleh\Documents\ci4\ranu\app\Controllers\Home.php(83): CodeIgniter\Model->insert(Array)
#8 C:\Users\abiisaleh\Documents\ci4\CodeIgniter4\system\CodeIgniter.php(934): App\Controllers\Home->pesan()
#9 C:\Users\abiisaleh\Documents\ci4\CodeIgniter4\system\CodeIgniter.php(499): CodeIgniter\CodeIgniter->runController(Object(App\Controllers\Home))
#10 C:\Users\abiisaleh\Documents\ci4\CodeIgniter4\system\CodeIgniter.php(368): CodeIgniter\CodeIgniter->handleRequest(NULL, Object(Config\Cache), false)
#11 C:\Users\abiisaleh\Documents\ci4\ranu\public\index.php(67): CodeIgniter\CodeIgniter->run()
#12 C:\Users\abiisaleh\Documents\ci4\CodeIgniter4\system\Commands\Server\rewrite.php(47): require_once('C:\\Users\\abiisa...')
#13 {main}
CRITICAL - 2023-04-01 08:06:52 --> Unknown column 'updated_at' in 'field list'
in SYSTEMPATH\Database\BaseConnection.php on line 645.
 1 SYSTEMPATH\Database\BaseBuilder.php(2295): CodeIgniter\Database\BaseConnection->query('INSERT INTO `pesanan` (`status`, `fkProduk`, `fkKonsumen`, `tanggal`, `updated_at`) VALUES (:status:, :fkProduk:, :fkKonsumen:, :tanggal:, :updated_at:)', [...], false)
 2 SYSTEMPATH\Model.php(329): CodeIgniter\Database\BaseBuilder->insert()
 3 SYSTEMPATH\BaseModel.php(782): CodeIgniter\Model->doInsert([...])
 4 SYSTEMPATH\Model.php(729): CodeIgniter\BaseModel->insert([...], true)
 5 APPPATH\Controllers\Home.php(83): CodeIgniter\Model->insert([...])
 6 SYSTEMPATH\CodeIgniter.php(934): App\Controllers\Home->pesan()
 7 SYSTEMPATH\CodeIgniter.php(499): CodeIgniter\CodeIgniter->runController(Object(App\Controllers\Home))
 8 SYSTEMPATH\CodeIgniter.php(368): CodeIgniter\CodeIgniter->handleRequest(null, Object(Config\Cache), false)
 9 FCPATH\index.php(67): CodeIgniter\CodeIgniter->run()
10 SYSTEMPATH\Commands\Server\rewrite.php(47): require_once('FCPATH\\index.php')
ERROR - 2023-04-01 08:07:11 --> mysqli_sql_exception: Unknown column 'updated_at' in 'field list' in C:\Users\abiisaleh\Documents\ci4\CodeIgniter4\system\Database\MySQLi\Connection.php:295
Stack trace:
#0 C:\Users\abiisaleh\Documents\ci4\CodeIgniter4\system\Database\MySQLi\Connection.php(295): mysqli->query('INSERT INTO `pe...', 0)
#1 C:\Users\abiisaleh\Documents\ci4\CodeIgniter4\system\Database\BaseConnection.php(691): CodeIgniter\Database\MySQLi\Connection->execute('INSERT INTO `pe...')
#2 C:\Users\abiisaleh\Documents\ci4\CodeIgniter4\system\Database\BaseConnection.php(605): CodeIgniter\Database\BaseConnection->simpleQuery('INSERT INTO `pe...')
#3 C:\Users\abiisaleh\Documents\ci4\CodeIgniter4\system\Database\BaseBuilder.php(2295): CodeIgniter\Database\BaseConnection->query('INSERT INTO `pe...', Array, false)
#4 C:\Users\abiisaleh\Documents\ci4\CodeIgniter4\system\Model.php(329): CodeIgniter\Database\BaseBuilder->insert()
#5 C:\Users\abiisaleh\Documents\ci4\CodeIgniter4\system\BaseModel.php(782): CodeIgniter\Model->doInsert(Array)
#6 C:\Users\abiisaleh\Documents\ci4\CodeIgniter4\system\Model.php(729): CodeIgniter\BaseModel->insert(Array, true)
#7 C:\Users\abiisaleh\Documents\ci4\ranu\app\Controllers\Home.php(83): CodeIgniter\Model->insert(Array)
#8 C:\Users\abiisaleh\Documents\ci4\CodeIgniter4\system\CodeIgniter.php(934): App\Controllers\Home->pesan()
#9 C:\Users\abiisaleh\Documents\ci4\CodeIgniter4\system\CodeIgniter.php(499): CodeIgniter\CodeIgniter->runController(Object(App\Controllers\Home))
#10 C:\Users\abiisaleh\Documents\ci4\CodeIgniter4\system\CodeIgniter.php(368): CodeIgniter\CodeIgniter->handleRequest(NULL, Object(Config\Cache), false)
#11 C:\Users\abiisaleh\Documents\ci4\ranu\public\index.php(67): CodeIgniter\CodeIgniter->run()
#12 C:\Users\abiisaleh\Documents\ci4\CodeIgniter4\system\Commands\Server\rewrite.php(47): require_once('C:\\Users\\abiisa...')
#13 {main}
CRITICAL - 2023-04-01 08:07:11 --> Unknown column 'updated_at' in 'field list'
in SYSTEMPATH\Database\BaseConnection.php on line 645.
 1 SYSTEMPATH\Database\BaseBuilder.php(2295): CodeIgniter\Database\BaseConnection->query('INSERT INTO `pesanan` (`status`, `fkProduk`, `fkKonsumen`, `tanggal`, `updated_at`) VALUES (:status:, :fkProduk:, :fkKonsumen:, :tanggal:, :updated_at:)', [...], false)
 2 SYSTEMPATH\Model.php(329): CodeIgniter\Database\BaseBuilder->insert()
 3 SYSTEMPATH\BaseModel.php(782): CodeIgniter\Model->doInsert([...])
 4 SYSTEMPATH\Model.php(729): CodeIgniter\BaseModel->insert([...], true)
 5 APPPATH\Controllers\Home.php(83): CodeIgniter\Model->insert([...])
 6 SYSTEMPATH\CodeIgniter.php(934): App\Controllers\Home->pesan()
 7 SYSTEMPATH\CodeIgniter.php(499): CodeIgniter\CodeIgniter->runController(Object(App\Controllers\Home))
 8 SYSTEMPATH\CodeIgniter.php(368): CodeIgniter\CodeIgniter->handleRequest(null, Object(Config\Cache), false)
 9 FCPATH\index.php(67): CodeIgniter\CodeIgniter->run()
10 SYSTEMPATH\Commands\Server\rewrite.php(47): require_once('FCPATH\\index.php')
CRITICAL - 2023-04-01 08:09:04 --> date_timestamp_get() expects exactly 1 argument, 0 given
in APPPATH\Controllers\Home.php on line 79.
 1 APPPATH\Controllers\Home.php(79): date_timestamp_get()
 2 SYSTEMPATH\CodeIgniter.php(934): App\Controllers\Home->pesan()
 3 SYSTEMPATH\CodeIgniter.php(499): CodeIgniter\CodeIgniter->runController(Object(App\Controllers\Home))
 4 SYSTEMPATH\CodeIgniter.php(368): CodeIgniter\CodeIgniter->handleRequest(null, Object(Config\Cache), false)
 5 FCPATH\index.php(67): CodeIgniter\CodeIgniter->run()
 6 SYSTEMPATH\Commands\Server\rewrite.php(47): require_once('FCPATH\\index.php')
CRITICAL - 2023-04-01 08:09:09 --> date_timestamp_get() expects exactly 1 argument, 0 given
in APPPATH\Controllers\Home.php on line 79.
 1 APPPATH\Controllers\Home.php(79): date_timestamp_get()
 2 SYSTEMPATH\CodeIgniter.php(934): App\Controllers\Home->pesan()
 3 SYSTEMPATH\CodeIgniter.php(499): CodeIgniter\CodeIgniter->runController(Object(App\Controllers\Home))
 4 SYSTEMPATH\CodeIgniter.php(368): CodeIgniter\CodeIgniter->handleRequest(null, Object(Config\Cache), false)
 5 FCPATH\index.php(67): CodeIgniter\CodeIgniter->run()
 6 SYSTEMPATH\Commands\Server\rewrite.php(47): require_once('FCPATH\\index.php')
CRITICAL - 2023-04-01 08:12:21 --> Undefined variable $Produk
in APPPATH\Views\pages\admin\pesanan\tabel.php on line 13.
 1 APPPATH\Views\pages\admin\pesanan\tabel.php(13): CodeIgniter\Debug\Exceptions->errorHandler(2, 'Undefined variable $Produk', 'APPPATH\\Views\\pages\\admin\\pesanan\\tabel.php', 13)
 2 SYSTEMPATH\View\View.php(213): include('APPPATH\\Views\\pages\\admin\\pesanan\\tabel.php')
 3 SYSTEMPATH\View\View.php(216): CodeIgniter\View\View->CodeIgniter\View\{closure}()
 4 SYSTEMPATH\Common.php(1177): CodeIgniter\View\View->render('pages/admin/pesanan/tabel', [], true)
 5 APPPATH\Controllers\admin\Pesanan.php(33): view('pages/admin/pesanan/tabel', [...])
 6 SYSTEMPATH\CodeIgniter.php(934): App\Controllers\Admin\Pesanan->get_data()
 7 SYSTEMPATH\CodeIgniter.php(499): CodeIgniter\CodeIgniter->runController(Object(App\Controllers\Admin\Pesanan))
 8 SYSTEMPATH\CodeIgniter.php(368): CodeIgniter\CodeIgniter->handleRequest(null, Object(Config\Cache), false)
 9 FCPATH\index.php(67): CodeIgniter\CodeIgniter->run()
10 SYSTEMPATH\Commands\Server\rewrite.php(47): require_once('FCPATH\\index.php')
CRITICAL - 2023-04-01 08:13:03 --> Undefined variable $Produk
in APPPATH\Views\pages\admin\pesanan\tabel.php on line 13.
 1 APPPATH\Views\pages\admin\pesanan\tabel.php(13): CodeIgniter\Debug\Exceptions->errorHandler(2, 'Undefined variable $Produk', 'APPPATH\\Views\\pages\\admin\\pesanan\\tabel.php', 13)
 2 SYSTEMPATH\View\View.php(213): include('APPPATH\\Views\\pages\\admin\\pesanan\\tabel.php')
 3 SYSTEMPATH\View\View.php(216): CodeIgniter\View\View->CodeIgniter\View\{closure}()
 4 SYSTEMPATH\Common.php(1177): CodeIgniter\View\View->render('pages/admin/pesanan/tabel', [], true)
 5 APPPATH\Controllers\admin\Pesanan.php(33): view('pages/admin/pesanan/tabel', [...])
 6 SYSTEMPATH\CodeIgniter.php(934): App\Controllers\Admin\Pesanan->get_data()
 7 SYSTEMPATH\CodeIgniter.php(499): CodeIgniter\CodeIgniter->runController(Object(App\Controllers\Admin\Pesanan))
 8 SYSTEMPATH\CodeIgniter.php(368): CodeIgniter\CodeIgniter->handleRequest(null, Object(Config\Cache), false)
 9 FCPATH\index.php(67): CodeIgniter\CodeIgniter->run()
10 SYSTEMPATH\Commands\Server\rewrite.php(47): require_once('FCPATH\\index.php')
