CRITICAL - 2023-04-10 01:51:30 --> Undefined array key 0
in APPPATH\Views\pages\admin\produk\form.php on line 27.
 1 APPPATH\Views\pages\admin\produk\form.php(27): CodeIgniter\Debug\Exceptions->errorHandler(2, 'Undefined array key 0', 'APPPATH\\Views\\pages\\admin\\produk\\form.php', 27)
 2 SYSTEMPATH\View\View.php(213): include('APPPATH\\Views\\pages\\admin\\produk\\form.php')
 3 SYSTEMPATH\View\View.php(216): CodeIgniter\View\View->CodeIgniter\View\{closure}()
 4 SYSTEMPATH\Common.php(1177): CodeIgniter\View\View->render('pages/admin/produk/form', [], true)
 5 APPPATH\Controllers\admin\Produk.php(60): view('pages/admin/produk/form', [...])
 6 SYSTEMPATH\CodeIgniter.php(934): App\Controllers\Admin\Produk->form('3', [...])
 7 SYSTEMPATH\CodeIgniter.php(499): CodeIgniter\CodeIgniter->runController(Object(App\Controllers\Admin\Produk))
 8 SYSTEMPATH\CodeIgniter.php(368): CodeIgniter\CodeIgniter->handleRequest(null, Object(Config\Cache), false)
 9 FCPATH\index.php(67): CodeIgniter\CodeIgniter->run()
10 SYSTEMPATH\Commands\Server\rewrite.php(47): require_once('FCPATH\\index.php')
CRITICAL - 2023-04-10 12:47:53 --> Undefined array key 4
in APPPATH\Views\pages\admin\produk\form.php on line 27.
 1 APPPATH\Views\pages\admin\produk\form.php(27): CodeIgniter\Debug\Exceptions->errorHandler(2, 'Undefined array key 4', 'APPPATH\\Views\\pages\\admin\\produk\\form.php', 27)
 2 SYSTEMPATH\View\View.php(213): include('APPPATH\\Views\\pages\\admin\\produk\\form.php')
 3 SYSTEMPATH\View\View.php(216): CodeIgniter\View\View->CodeIgniter\View\{closure}()
 4 SYSTEMPATH\Common.php(1177): CodeIgniter\View\View->render('pages/admin/produk/form', [], true)
 5 APPPATH\Controllers\admin\Produk.php(60): view('pages/admin/produk/form', [...])
 6 SYSTEMPATH\CodeIgniter.php(934): App\Controllers\Admin\Produk->form('1', [...])
 7 SYSTEMPATH\CodeIgniter.php(499): CodeIgniter\CodeIgniter->runController(Object(App\Controllers\Admin\Produk))
 8 SYSTEMPATH\CodeIgniter.php(368): CodeIgniter\CodeIgniter->handleRequest(null, Object(Config\Cache), false)
 9 FCPATH\index.php(67): CodeIgniter\CodeIgniter->run()
10 SYSTEMPATH\Commands\Server\rewrite.php(47): require_once('FCPATH\\index.php')
CRITICAL - 2023-04-10 12:48:29 --> Undefined array key 4
in APPPATH\Views\pages\admin\produk\form.php on line 27.
 1 APPPATH\Views\pages\admin\produk\form.php(27): CodeIgniter\Debug\Exceptions->errorHandler(2, 'Undefined array key 4', 'APPPATH\\Views\\pages\\admin\\produk\\form.php', 27)
 2 SYSTEMPATH\View\View.php(213): include('APPPATH\\Views\\pages\\admin\\produk\\form.php')
 3 SYSTEMPATH\View\View.php(216): CodeIgniter\View\View->CodeIgniter\View\{closure}()
 4 SYSTEMPATH\Common.php(1177): CodeIgniter\View\View->render('pages/admin/produk/form', [], true)
 5 APPPATH\Controllers\admin\Produk.php(60): view('pages/admin/produk/form', [...])
 6 SYSTEMPATH\CodeIgniter.php(934): App\Controllers\Admin\Produk->form('1', [...])
 7 SYSTEMPATH\CodeIgniter.php(499): CodeIgniter\CodeIgniter->runController(Object(App\Controllers\Admin\Produk))
 8 SYSTEMPATH\CodeIgniter.php(368): CodeIgniter\CodeIgniter->handleRequest(null, Object(Config\Cache), false)
 9 FCPATH\index.php(67): CodeIgniter\CodeIgniter->run()
10 SYSTEMPATH\Commands\Server\rewrite.php(47): require_once('FCPATH\\index.php')
