CRITICAL - 2023-04-26 00:55:35 --> Undefined array key "merek"
in APPPATH\Views\pages\user\produkDetail.php on line 11.
 1 APPPATH\Views\pages\user\produkDetail.php(11): CodeIgniter\Debug\Exceptions->errorHandler(2, 'Undefined array key "merek"', 'APPPATH\\Views\\pages\\user\\produkDetail.php', 11)
 2 SYSTEMPATH\View\View.php(213): include('APPPATH\\Views\\pages\\user\\produkDetail.php')
 3 SYSTEMPATH\View\View.php(216): CodeIgniter\View\View->CodeIgniter\View\{closure}()
 4 SYSTEMPATH\Common.php(1177): CodeIgniter\View\View->render('pages/user/produkDetail', [], true)
 5 APPPATH\Controllers\Home.php(53): view('pages/user/produkDetail', [...])
 6 SYSTEMPATH\CodeIgniter.php(934): App\Controllers\Home->produk('100')
 7 SYSTEMPATH\CodeIgniter.php(499): CodeIgniter\CodeIgniter->runController(Object(App\Controllers\Home))
 8 SYSTEMPATH\CodeIgniter.php(368): CodeIgniter\CodeIgniter->handleRequest(null, Object(Config\Cache), false)
 9 FCPATH\index.php(67): CodeIgniter\CodeIgniter->run()
10 SYSTEMPATH\Commands\Server\rewrite.php(47): require_once('FCPATH\\index.php')
CRITICAL - 2023-04-26 00:55:51 --> Undefined array key "merek"
in APPPATH\Views\pages\user\produkDetail.php on line 11.
 1 APPPATH\Views\pages\user\produkDetail.php(11): CodeIgniter\Debug\Exceptions->errorHandler(2, 'Undefined array key "merek"', 'APPPATH\\Views\\pages\\user\\produkDetail.php', 11)
 2 SYSTEMPATH\View\View.php(213): include('APPPATH\\Views\\pages\\user\\produkDetail.php')
 3 SYSTEMPATH\View\View.php(216): CodeIgniter\View\View->CodeIgniter\View\{closure}()
 4 SYSTEMPATH\Common.php(1177): CodeIgniter\View\View->render('pages/user/produkDetail', [], true)
 5 APPPATH\Controllers\Home.php(55): view('pages/user/produkDetail', [...])
 6 SYSTEMPATH\CodeIgniter.php(934): App\Controllers\Home->produk('100')
 7 SYSTEMPATH\CodeIgniter.php(499): CodeIgniter\CodeIgniter->runController(Object(App\Controllers\Home))
 8 SYSTEMPATH\CodeIgniter.php(368): CodeIgniter\CodeIgniter->handleRequest(null, Object(Config\Cache), false)
 9 FCPATH\index.php(67): CodeIgniter\CodeIgniter->run()
10 SYSTEMPATH\Commands\Server\rewrite.php(47): require_once('FCPATH\\index.php')
CRITICAL - 2023-04-26 01:03:01 --> Unparenthesized `a ? b : c ? d : e` is not supported. Use either `(a ? b : c) ? d : e` or `a ? b : (c ? d : e)`
in APPPATH\Views\pages\user\produkDetail.php on line 18.
 1 [internal function]: CodeIgniter\Debug\Exceptions->shutdownHandler()
CRITICAL - 2023-04-26 01:11:29 --> Undefined variable $Produk
in APPPATH\Views\pages\user\produkDetail.php on line 8.
 1 APPPATH\Views\pages\user\produkDetail.php(8): CodeIgniter\Debug\Exceptions->errorHandler(2, 'Undefined variable $Produk', 'APPPATH\\Views\\pages\\user\\produkDetail.php', 8)
 2 SYSTEMPATH\View\View.php(213): include('APPPATH\\Views\\pages\\user\\produkDetail.php')
 3 SYSTEMPATH\View\View.php(216): CodeIgniter\View\View->CodeIgniter\View\{closure}()
 4 SYSTEMPATH\Common.php(1177): CodeIgniter\View\View->render('pages/user/produkDetail', [], true)
 5 APPPATH\Controllers\Home.php(54): view('pages/user/produkDetail', [...])
 6 SYSTEMPATH\CodeIgniter.php(934): App\Controllers\Home->produk('972')
 7 SYSTEMPATH\CodeIgniter.php(499): CodeIgniter\CodeIgniter->runController(Object(App\Controllers\Home))
 8 SYSTEMPATH\CodeIgniter.php(368): CodeIgniter\CodeIgniter->handleRequest(null, Object(Config\Cache), false)
 9 FCPATH\index.php(67): CodeIgniter\CodeIgniter->run()
10 SYSTEMPATH\Commands\Server\rewrite.php(47): require_once('FCPATH\\index.php')
CRITICAL - 2023-04-26 01:11:43 --> Undefined array key "jenis"
in APPPATH\Views\pages\user\produkDetail.php on line 8.
 1 APPPATH\Views\pages\user\produkDetail.php(8): CodeIgniter\Debug\Exceptions->errorHandler(2, 'Undefined array key "jenis"', 'APPPATH\\Views\\pages\\user\\produkDetail.php', 8)
 2 SYSTEMPATH\View\View.php(213): include('APPPATH\\Views\\pages\\user\\produkDetail.php')
 3 SYSTEMPATH\View\View.php(216): CodeIgniter\View\View->CodeIgniter\View\{closure}()
 4 SYSTEMPATH\Common.php(1177): CodeIgniter\View\View->render('pages/user/produkDetail', [], true)
 5 APPPATH\Controllers\Home.php(54): view('pages/user/produkDetail', [...])
 6 SYSTEMPATH\CodeIgniter.php(934): App\Controllers\Home->produk('972')
 7 SYSTEMPATH\CodeIgniter.php(499): CodeIgniter\CodeIgniter->runController(Object(App\Controllers\Home))
 8 SYSTEMPATH\CodeIgniter.php(368): CodeIgniter\CodeIgniter->handleRequest(null, Object(Config\Cache), false)
 9 FCPATH\index.php(67): CodeIgniter\CodeIgniter->run()
10 SYSTEMPATH\Commands\Server\rewrite.php(47): require_once('FCPATH\\index.php')
CRITICAL - 2023-04-26 01:32:16 --> Invalid file: "pages/user/inputKriteria.php"
in SYSTEMPATH\Exceptions\FrameworkException.php on line 33.
 1 SYSTEMPATH\View\View.php(201): CodeIgniter\Exceptions\FrameworkException::forInvalidFile('pages/user/inputKriteria.php')
 2 SYSTEMPATH\Common.php(1177): CodeIgniter\View\View->render('pages/user/inputKriteria', [], true)
 3 APPPATH\Controllers\Home.php(66): view('pages/user/inputKriteria', [...])
 4 SYSTEMPATH\CodeIgniter.php(934): App\Controllers\Home->get_data()
 5 SYSTEMPATH\CodeIgniter.php(499): CodeIgniter\CodeIgniter->runController(Object(App\Controllers\Home))
 6 SYSTEMPATH\CodeIgniter.php(368): CodeIgniter\CodeIgniter->handleRequest(null, Object(Config\Cache), false)
 7 FCPATH\index.php(67): CodeIgniter\CodeIgniter->run()
 8 SYSTEMPATH\Commands\Server\rewrite.php(47): require_once('FCPATH\\index.php')
CRITICAL - 2023-04-26 08:31:28 --> view(): Argument #2 ($data) must be of type array, string given, called in C:\xampp\htdocs\ranu\app\Controllers\Home.php on line 94
in SYSTEMPATH\Common.php on line 1163.
 1 APPPATH\Controllers\Home.php(94): view('pages/user/pembayaran', 'ROOTPATH\\public')
 2 SYSTEMPATH\CodeIgniter.php(934): App\Controllers\Home->pembayaran('2')
 3 SYSTEMPATH\CodeIgniter.php(499): CodeIgniter\CodeIgniter->runController(Object(App\Controllers\Home))
 4 SYSTEMPATH\CodeIgniter.php(368): CodeIgniter\CodeIgniter->handleRequest(null, Object(Config\Cache), false)
 5 FCPATH\index.php(67): CodeIgniter\CodeIgniter->run()
 6 SYSTEMPATH\Commands\Server\rewrite.php(47): require_once('FCPATH\\index.php')
CRITICAL - 2023-04-26 08:31:52 --> view(): Argument #2 ($data) must be of type array, string given, called in C:\xampp\htdocs\ranu\app\Controllers\Home.php on line 94
in SYSTEMPATH\Common.php on line 1163.
 1 APPPATH\Controllers\Home.php(94): view('pages/user/pembayaran', 'ROOTPATH\\public')
 2 SYSTEMPATH\CodeIgniter.php(934): App\Controllers\Home->pembayaran('2')
 3 SYSTEMPATH\CodeIgniter.php(499): CodeIgniter\CodeIgniter->runController(Object(App\Controllers\Home))
 4 SYSTEMPATH\CodeIgniter.php(368): CodeIgniter\CodeIgniter->handleRequest(null, Object(Config\Cache), false)
 5 FCPATH\index.php(67): CodeIgniter\CodeIgniter->run()
 6 SYSTEMPATH\Commands\Server\rewrite.php(47): require_once('FCPATH\\index.php')
CRITICAL - 2023-04-26 08:40:39 --> Undefined array key 0
in APPPATH\Controllers\Home.php on line 158.
 1 APPPATH\Controllers\Home.php(158): CodeIgniter\Debug\Exceptions->errorHandler(2, 'Undefined array key 0', 'APPPATH\\Controllers\\Home.php', 158)
 2 SYSTEMPATH\CodeIgniter.php(934): App\Controllers\Home->smart()
 3 SYSTEMPATH\CodeIgniter.php(499): CodeIgniter\CodeIgniter->runController(Object(App\Controllers\Home))
 4 SYSTEMPATH\CodeIgniter.php(368): CodeIgniter\CodeIgniter->handleRequest(null, Object(Config\Cache), false)
 5 FCPATH\index.php(67): CodeIgniter\CodeIgniter->run()
 6 SYSTEMPATH\Commands\Server\rewrite.php(47): require_once('FCPATH\\index.php')
