INFO - 2023-03-21 14:09:54 --> Session: Class initialized using 'CodeIgniter\Session\Handlers\FileHandler' driver.
INFO - 2023-03-21 14:10:10 --> Session: Class initialized using 'CodeIgniter\Session\Handlers\FileHandler' driver.
CRITICAL - 2023-03-21 14:26:15 --> syntax error, unexpected variable "$this", expecting "("
in APPPATH\Controllers\admin\Kriteria.php on line 172.
 1 SYSTEMPATH\Autoloader\Autoloader.php(289): CodeIgniter\Autoloader\Autoloader->includeFile('APPPATH\\Controllers\\admin\\Kriteria.php')
 2 SYSTEMPATH\Autoloader\Autoloader.php(267): CodeIgniter\Autoloader\Autoloader->loadInNamespace('App\\Controllers\\admin\\kriteria')
 3 [internal function]: CodeIgniter\Autoloader\Autoloader->loadClass('App\\Controllers\\admin\\kriteria')
 4 SYSTEMPATH\CodeIgniter.php(892): class_exists('\\App\\Controllers\\admin\\kriteria', true)
 5 SYSTEMPATH\CodeIgniter.php(486): CodeIgniter\CodeIgniter->startController()
 6 SYSTEMPATH\CodeIgniter.php(368): CodeIgniter\CodeIgniter->handleRequest(null, Object(Config\Cache), false)
 7 FCPATH\index.php(67): CodeIgniter\CodeIgniter->run()
 8 SYSTEMPATH\Commands\Server\rewrite.php(47): require_once('FCPATH\\index.php')
CRITICAL - 2023-03-21 14:31:21 --> There is no data to update.
in SYSTEMPATH\BaseModel.php on line 1680.
 1 SYSTEMPATH\BaseModel.php(1680): CodeIgniter\Database\Exceptions\DataException::forEmptyDataset('update')
 2 SYSTEMPATH\BaseModel.php(910): CodeIgniter\BaseModel->transformDataToArray(null, 'update')
 3 SYSTEMPATH\Model.php(755): CodeIgniter\BaseModel->update([...], null)
 4 APPPATH\Controllers\admin\Kriteria.php(176): CodeIgniter\Model->update([...])
 5 SYSTEMPATH\CodeIgniter.php(934): App\Controllers\Admin\Kriteria->update_subkriteria()
 6 SYSTEMPATH\CodeIgniter.php(499): CodeIgniter\CodeIgniter->runController(Object(App\Controllers\Admin\Kriteria))
 7 SYSTEMPATH\CodeIgniter.php(368): CodeIgniter\CodeIgniter->handleRequest(null, Object(Config\Cache), false)
 8 FCPATH\index.php(67): CodeIgniter\CodeIgniter->run()
 9 SYSTEMPATH\Commands\Server\rewrite.php(47): require_once('FCPATH\\index.php')
CRITICAL - 2023-03-21 14:32:51 --> There is no data to update.
in SYSTEMPATH\BaseModel.php on line 1680.
 1 SYSTEMPATH\BaseModel.php(1680): CodeIgniter\Database\Exceptions\DataException::forEmptyDataset('update')
 2 SYSTEMPATH\BaseModel.php(910): CodeIgniter\BaseModel->transformDataToArray(null, 'update')
 3 SYSTEMPATH\Model.php(755): CodeIgniter\BaseModel->update([...], null)
 4 APPPATH\Controllers\admin\Kriteria.php(182): CodeIgniter\Model->update([...])
 5 SYSTEMPATH\CodeIgniter.php(934): App\Controllers\Admin\Kriteria->update_subkriteria()
 6 SYSTEMPATH\CodeIgniter.php(499): CodeIgniter\CodeIgniter->runController(Object(App\Controllers\Admin\Kriteria))
 7 SYSTEMPATH\CodeIgniter.php(368): CodeIgniter\CodeIgniter->handleRequest(null, Object(Config\Cache), false)
 8 FCPATH\index.php(67): CodeIgniter\CodeIgniter->run()
 9 SYSTEMPATH\Commands\Server\rewrite.php(47): require_once('FCPATH\\index.php')
ERROR - 2023-03-21 14:34:09 --> mysqli_sql_exception: Cannot add or update a child row: a foreign key constraint fails (`ranu`.`subkriteria`, CONSTRAINT `subkriteria_fkKriteria_foreign` FOREIGN KEY (`fkKriteria`) REFERENCES `kriteria` (`id`) ON DELETE CASCADE) in C:\Users\abiisaleh\Documents\ci4\CodeIgniter4\system\Database\MySQLi\Connection.php:295
Stack trace:
#0 C:\Users\abiisaleh\Documents\ci4\CodeIgniter4\system\Database\MySQLi\Connection.php(295): mysqli->query('INSERT INTO `su...', 0)
#1 C:\Users\abiisaleh\Documents\ci4\CodeIgniter4\system\Database\BaseConnection.php(691): CodeIgniter\Database\MySQLi\Connection->execute('INSERT INTO `su...')
#2 C:\Users\abiisaleh\Documents\ci4\CodeIgniter4\system\Database\BaseConnection.php(605): CodeIgniter\Database\BaseConnection->simpleQuery('INSERT INTO `su...')
#3 C:\Users\abiisaleh\Documents\ci4\CodeIgniter4\system\Database\BaseBuilder.php(2295): CodeIgniter\Database\BaseConnection->query('INSERT INTO `su...', Array, false)
#4 C:\Users\abiisaleh\Documents\ci4\CodeIgniter4\system\Model.php(329): CodeIgniter\Database\BaseBuilder->insert()
#5 C:\Users\abiisaleh\Documents\ci4\CodeIgniter4\system\BaseModel.php(782): CodeIgniter\Model->doInsert(Array)
#6 C:\Users\abiisaleh\Documents\ci4\CodeIgniter4\system\Model.php(729): CodeIgniter\BaseModel->insert(Array, false)
#7 C:\Users\abiisaleh\Documents\ci4\CodeIgniter4\system\BaseModel.php(692): CodeIgniter\Model->insert(Array, false)
#8 C:\Users\abiisaleh\Documents\ci4\ranu\app\Controllers\admin\Kriteria.php(182): CodeIgniter\BaseModel->save(Array)
#9 C:\Users\abiisaleh\Documents\ci4\CodeIgniter4\system\CodeIgniter.php(934): App\Controllers\Admin\Kriteria->update_subkriteria()
#10 C:\Users\abiisaleh\Documents\ci4\CodeIgniter4\system\CodeIgniter.php(499): CodeIgniter\CodeIgniter->runController(Object(App\Controllers\Admin\Kriteria))
#11 C:\Users\abiisaleh\Documents\ci4\CodeIgniter4\system\CodeIgniter.php(368): CodeIgniter\CodeIgniter->handleRequest(NULL, Object(Config\Cache), false)
#12 C:\Users\abiisaleh\Documents\ci4\ranu\public\index.php(67): CodeIgniter\CodeIgniter->run()
#13 C:\Users\abiisaleh\Documents\ci4\CodeIgniter4\system\Commands\Server\rewrite.php(47): require_once('C:\\Users\\abiisa...')
#14 {main}
CRITICAL - 2023-03-21 14:34:09 --> Cannot add or update a child row: a foreign key constraint fails (`ranu`.`subkriteria`, CONSTRAINT `subkriteria_fkKriteria_foreign` FOREIGN KEY (`fkKriteria`) REFERENCES `kriteria` (`id`) ON DELETE CASCADE)
in SYSTEMPATH\Database\BaseConnection.php on line 645.
 1 SYSTEMPATH\Database\BaseBuilder.php(2295): CodeIgniter\Database\BaseConnection->query('INSERT INTO `subkriteria` (`nama`, `nilai`) VALUES (:nama:, :nilai:)', [...], false)
 2 SYSTEMPATH\Model.php(329): CodeIgniter\Database\BaseBuilder->insert()
 3 SYSTEMPATH\BaseModel.php(782): CodeIgniter\Model->doInsert([...])
 4 SYSTEMPATH\Model.php(729): CodeIgniter\BaseModel->insert([...], false)
 5 SYSTEMPATH\BaseModel.php(692): CodeIgniter\Model->insert([...], false)
 6 APPPATH\Controllers\admin\Kriteria.php(182): CodeIgniter\BaseModel->save([...])
 7 SYSTEMPATH\CodeIgniter.php(934): App\Controllers\Admin\Kriteria->update_subkriteria()
 8 SYSTEMPATH\CodeIgniter.php(499): CodeIgniter\CodeIgniter->runController(Object(App\Controllers\Admin\Kriteria))
 9 SYSTEMPATH\CodeIgniter.php(368): CodeIgniter\CodeIgniter->handleRequest(null, Object(Config\Cache), false)
10 FCPATH\index.php(67): CodeIgniter\CodeIgniter->run()
11 SYSTEMPATH\Commands\Server\rewrite.php(47): require_once('FCPATH\\index.php')
CRITICAL - 2023-03-21 14:37:00 --> syntax error, unexpected token "echo"
in APPPATH\Controllers\admin\Kriteria.php on line 175.
 1 SYSTEMPATH\Autoloader\Autoloader.php(289): CodeIgniter\Autoloader\Autoloader->includeFile('APPPATH\\Controllers\\admin\\Kriteria.php')
 2 SYSTEMPATH\Autoloader\Autoloader.php(267): CodeIgniter\Autoloader\Autoloader->loadInNamespace('App\\Controllers\\admin\\kriteria')
 3 [internal function]: CodeIgniter\Autoloader\Autoloader->loadClass('App\\Controllers\\admin\\kriteria')
 4 SYSTEMPATH\CodeIgniter.php(892): class_exists('\\App\\Controllers\\admin\\kriteria', true)
 5 SYSTEMPATH\CodeIgniter.php(486): CodeIgniter\CodeIgniter->startController()
 6 SYSTEMPATH\CodeIgniter.php(368): CodeIgniter\CodeIgniter->handleRequest(null, Object(Config\Cache), false)
 7 FCPATH\index.php(67): CodeIgniter\CodeIgniter->run()
 8 SYSTEMPATH\Commands\Server\rewrite.php(47): require_once('FCPATH\\index.php')
CRITICAL - 2023-03-21 14:37:24 --> Unsupported operand types: string + string
in APPPATH\Controllers\admin\Kriteria.php on line 185.
 1 SYSTEMPATH\CodeIgniter.php(934): App\Controllers\Admin\Kriteria->update_subkriteria()
 2 SYSTEMPATH\CodeIgniter.php(499): CodeIgniter\CodeIgniter->runController(Object(App\Controllers\Admin\Kriteria))
 3 SYSTEMPATH\CodeIgniter.php(368): CodeIgniter\CodeIgniter->handleRequest(null, Object(Config\Cache), false)
 4 FCPATH\index.php(67): CodeIgniter\CodeIgniter->run()
 5 SYSTEMPATH\Commands\Server\rewrite.php(47): require_once('FCPATH\\index.php')
CRITICAL - 2023-03-21 21:53:37 --> Cannot use [] for reading
in APPPATH\Controllers\admin\Kriteria.php on line 57.
 1 [internal function]: CodeIgniter\Debug\Exceptions->shutdownHandler()
CRITICAL - 2023-03-21 21:57:33 --> Undefined array key "fkJenis"
in APPPATH\Views\pages\admin\kriteria\modal-edit.php on line 14.
 1 APPPATH\Views\pages\admin\kriteria\modal-edit.php(14): CodeIgniter\Debug\Exceptions->errorHandler(2, 'Undefined array key "fkJenis"', 'APPPATH\\Views\\pages\\admin\\kriteria\\modal-edit.php', 14)
 2 SYSTEMPATH\View\View.php(213): include('APPPATH\\Views\\pages\\admin\\kriteria\\modal-edit.php')
 3 SYSTEMPATH\View\View.php(216): CodeIgniter\View\View->CodeIgniter\View\{closure}()
 4 SYSTEMPATH\Common.php(1177): CodeIgniter\View\View->render('pages/admin/kriteria/modal-edit', [], true)
 5 APPPATH\Controllers\admin\Kriteria.php(79): view('pages/admin/kriteria/modal-edit', [...])
 6 SYSTEMPATH\CodeIgniter.php(934): App\Controllers\Admin\Kriteria->edit()
 7 SYSTEMPATH\CodeIgniter.php(499): CodeIgniter\CodeIgniter->runController(Object(App\Controllers\Admin\Kriteria))
 8 SYSTEMPATH\CodeIgniter.php(368): CodeIgniter\CodeIgniter->handleRequest(null, Object(Config\Cache), false)
 9 FCPATH\index.php(67): CodeIgniter\CodeIgniter->run()
10 SYSTEMPATH\Commands\Server\rewrite.php(47): require_once('FCPATH\\index.php')
