CRITICAL - 2023-02-27 11:01:54 --> Undefined variable $produk
in APPPATH\Controllers\Admin.php on line 18.
 1 APPPATH\Controllers\Admin.php(18): CodeIgniter\Debug\Exceptions->errorHandler(2, 'Undefined variable $produk', 'APPPATH\\Controllers\\Admin.php', 18)
 2 SYSTEMPATH\CodeIgniter.php(934): App\Controllers\Admin->produk()
 3 SYSTEMPATH\CodeIgniter.php(499): CodeIgniter\CodeIgniter->runController(Object(App\Controllers\Admin))
 4 SYSTEMPATH\CodeIgniter.php(368): CodeIgniter\CodeIgniter->handleRequest(null, Object(Config\Cache), false)
 5 FCPATH\index.php(67): CodeIgniter\CodeIgniter->run()
 6 SYSTEMPATH\Commands\Server\rewrite.php(47): require_once('FCPATH\\index.php')
CRITICAL - 2023-02-27 11:05:24 --> Invalid file: "pages/admin/produk.php"
in SYSTEMPATH\Exceptions\FrameworkException.php on line 33.
 1 SYSTEMPATH\View\View.php(201): CodeIgniter\Exceptions\FrameworkException::forInvalidFile('pages/admin/produk.php')
 2 SYSTEMPATH\Common.php(1177): CodeIgniter\View\View->render('pages/admin/produk', [], true)
 3 APPPATH\Controllers\Admin.php(29): view('pages/admin/produk', [...])
 4 SYSTEMPATH\CodeIgniter.php(934): App\Controllers\Admin->produk()
 5 SYSTEMPATH\CodeIgniter.php(499): CodeIgniter\CodeIgniter->runController(Object(App\Controllers\Admin))
 6 SYSTEMPATH\CodeIgniter.php(368): CodeIgniter\CodeIgniter->handleRequest(null, Object(Config\Cache), false)
 7 FCPATH\index.php(67): CodeIgniter\CodeIgniter->run()
 8 SYSTEMPATH\Commands\Server\rewrite.php(47): require_once('FCPATH\\index.php')
CRITICAL - 2023-02-27 11:06:53 --> Invalid file: "pages/admin/produk.php"
in SYSTEMPATH\Exceptions\FrameworkException.php on line 33.
 1 SYSTEMPATH\View\View.php(201): CodeIgniter\Exceptions\FrameworkException::forInvalidFile('pages/admin/produk.php')
 2 SYSTEMPATH\Common.php(1177): CodeIgniter\View\View->render('pages/admin/produk', [], true)
 3 APPPATH\Controllers\Admin.php(29): view('pages/admin/produk', [...])
 4 SYSTEMPATH\CodeIgniter.php(934): App\Controllers\Admin->produk()
 5 SYSTEMPATH\CodeIgniter.php(499): CodeIgniter\CodeIgniter->runController(Object(App\Controllers\Admin))
 6 SYSTEMPATH\CodeIgniter.php(368): CodeIgniter\CodeIgniter->handleRequest(null, Object(Config\Cache), false)
 7 FCPATH\index.php(67): CodeIgniter\CodeIgniter->run()
 8 SYSTEMPATH\Commands\Server\rewrite.php(47): require_once('FCPATH\\index.php')
CRITICAL - 2023-02-27 11:07:44 --> Undefined array key "nama"
in APPPATH\Views\pages\admin\produk.php on line 1.
 1 APPPATH\Views\pages\admin\produk.php(1): CodeIgniter\Debug\Exceptions->errorHandler(2, 'Undefined array key "nama"', 'APPPATH\\Views\\pages\\admin\\produk.php', 1)
 2 SYSTEMPATH\View\View.php(213): include('APPPATH\\Views\\pages\\admin\\produk.php')
 3 SYSTEMPATH\View\View.php(216): CodeIgniter\View\View->CodeIgniter\View\{closure}()
 4 SYSTEMPATH\Common.php(1177): CodeIgniter\View\View->render('pages/admin/produk', [], true)
 5 APPPATH\Controllers\Admin.php(29): view('pages/admin/produk', [...])
 6 SYSTEMPATH\CodeIgniter.php(934): App\Controllers\Admin->produk()
 7 SYSTEMPATH\CodeIgniter.php(499): CodeIgniter\CodeIgniter->runController(Object(App\Controllers\Admin))
 8 SYSTEMPATH\CodeIgniter.php(368): CodeIgniter\CodeIgniter->handleRequest(null, Object(Config\Cache), false)
 9 FCPATH\index.php(67): CodeIgniter\CodeIgniter->run()
10 SYSTEMPATH\Commands\Server\rewrite.php(47): require_once('FCPATH\\index.php')
CRITICAL - 2023-02-27 11:08:20 --> Undefined array key "model"
in APPPATH\Views\pages\admin\produk.php on line 1.
 1 APPPATH\Views\pages\admin\produk.php(1): CodeIgniter\Debug\Exceptions->errorHandler(2, 'Undefined array key "model"', 'APPPATH\\Views\\pages\\admin\\produk.php', 1)
 2 SYSTEMPATH\View\View.php(213): include('APPPATH\\Views\\pages\\admin\\produk.php')
 3 SYSTEMPATH\View\View.php(216): CodeIgniter\View\View->CodeIgniter\View\{closure}()
 4 SYSTEMPATH\Common.php(1177): CodeIgniter\View\View->render('pages/admin/produk', [], true)
 5 APPPATH\Controllers\Admin.php(29): view('pages/admin/produk', [...])
 6 SYSTEMPATH\CodeIgniter.php(934): App\Controllers\Admin->produk()
 7 SYSTEMPATH\CodeIgniter.php(499): CodeIgniter\CodeIgniter->runController(Object(App\Controllers\Admin))
 8 SYSTEMPATH\CodeIgniter.php(368): CodeIgniter\CodeIgniter->handleRequest(null, Object(Config\Cache), false)
 9 FCPATH\index.php(67): CodeIgniter\CodeIgniter->run()
10 SYSTEMPATH\Commands\Server\rewrite.php(47): require_once('FCPATH\\index.php')
CRITICAL - 2023-02-27 11:08:34 --> Undefined array key "model"
in APPPATH\Views\pages\admin\produk.php on line 1.
 1 APPPATH\Views\pages\admin\produk.php(1): CodeIgniter\Debug\Exceptions->errorHandler(2, 'Undefined array key "model"', 'APPPATH\\Views\\pages\\admin\\produk.php', 1)
 2 SYSTEMPATH\View\View.php(213): include('APPPATH\\Views\\pages\\admin\\produk.php')
 3 SYSTEMPATH\View\View.php(216): CodeIgniter\View\View->CodeIgniter\View\{closure}()
 4 SYSTEMPATH\Common.php(1177): CodeIgniter\View\View->render('pages/admin/produk', [], true)
 5 APPPATH\Controllers\Admin.php(29): view('pages/admin/produk', [...])
 6 SYSTEMPATH\CodeIgniter.php(934): App\Controllers\Admin->produk()
 7 SYSTEMPATH\CodeIgniter.php(499): CodeIgniter\CodeIgniter->runController(Object(App\Controllers\Admin))
 8 SYSTEMPATH\CodeIgniter.php(368): CodeIgniter\CodeIgniter->handleRequest(null, Object(Config\Cache), false)
 9 FCPATH\index.php(67): CodeIgniter\CodeIgniter->run()
10 SYSTEMPATH\Commands\Server\rewrite.php(47): require_once('FCPATH\\index.php')
CRITICAL - 2023-02-27 11:08:36 --> Undefined array key "model"
in APPPATH\Views\pages\admin\produk.php on line 1.
 1 APPPATH\Views\pages\admin\produk.php(1): CodeIgniter\Debug\Exceptions->errorHandler(2, 'Undefined array key "model"', 'APPPATH\\Views\\pages\\admin\\produk.php', 1)
 2 SYSTEMPATH\View\View.php(213): include('APPPATH\\Views\\pages\\admin\\produk.php')
 3 SYSTEMPATH\View\View.php(216): CodeIgniter\View\View->CodeIgniter\View\{closure}()
 4 SYSTEMPATH\Common.php(1177): CodeIgniter\View\View->render('pages/admin/produk', [], true)
 5 APPPATH\Controllers\Admin.php(29): view('pages/admin/produk', [...])
 6 SYSTEMPATH\CodeIgniter.php(934): App\Controllers\Admin->produk()
 7 SYSTEMPATH\CodeIgniter.php(499): CodeIgniter\CodeIgniter->runController(Object(App\Controllers\Admin))
 8 SYSTEMPATH\CodeIgniter.php(368): CodeIgniter\CodeIgniter->handleRequest(null, Object(Config\Cache), false)
 9 FCPATH\index.php(67): CodeIgniter\CodeIgniter->run()
10 SYSTEMPATH\Commands\Server\rewrite.php(47): require_once('FCPATH\\index.php')
CRITICAL - 2023-02-27 11:08:36 --> Undefined array key "model"
in APPPATH\Views\pages\admin\produk.php on line 1.
 1 APPPATH\Views\pages\admin\produk.php(1): CodeIgniter\Debug\Exceptions->errorHandler(2, 'Undefined array key "model"', 'APPPATH\\Views\\pages\\admin\\produk.php', 1)
 2 SYSTEMPATH\View\View.php(213): include('APPPATH\\Views\\pages\\admin\\produk.php')
 3 SYSTEMPATH\View\View.php(216): CodeIgniter\View\View->CodeIgniter\View\{closure}()
 4 SYSTEMPATH\Common.php(1177): CodeIgniter\View\View->render('pages/admin/produk', [], true)
 5 APPPATH\Controllers\Admin.php(29): view('pages/admin/produk', [...])
 6 SYSTEMPATH\CodeIgniter.php(934): App\Controllers\Admin->produk()
 7 SYSTEMPATH\CodeIgniter.php(499): CodeIgniter\CodeIgniter->runController(Object(App\Controllers\Admin))
 8 SYSTEMPATH\CodeIgniter.php(368): CodeIgniter\CodeIgniter->handleRequest(null, Object(Config\Cache), false)
 9 FCPATH\index.php(67): CodeIgniter\CodeIgniter->run()
10 SYSTEMPATH\Commands\Server\rewrite.php(47): require_once('FCPATH\\index.php')
CRITICAL - 2023-02-27 11:08:36 --> Undefined array key "model"
in APPPATH\Views\pages\admin\produk.php on line 1.
 1 APPPATH\Views\pages\admin\produk.php(1): CodeIgniter\Debug\Exceptions->errorHandler(2, 'Undefined array key "model"', 'APPPATH\\Views\\pages\\admin\\produk.php', 1)
 2 SYSTEMPATH\View\View.php(213): include('APPPATH\\Views\\pages\\admin\\produk.php')
 3 SYSTEMPATH\View\View.php(216): CodeIgniter\View\View->CodeIgniter\View\{closure}()
 4 SYSTEMPATH\Common.php(1177): CodeIgniter\View\View->render('pages/admin/produk', [], true)
 5 APPPATH\Controllers\Admin.php(29): view('pages/admin/produk', [...])
 6 SYSTEMPATH\CodeIgniter.php(934): App\Controllers\Admin->produk()
 7 SYSTEMPATH\CodeIgniter.php(499): CodeIgniter\CodeIgniter->runController(Object(App\Controllers\Admin))
 8 SYSTEMPATH\CodeIgniter.php(368): CodeIgniter\CodeIgniter->handleRequest(null, Object(Config\Cache), false)
 9 FCPATH\index.php(67): CodeIgniter\CodeIgniter->run()
10 SYSTEMPATH\Commands\Server\rewrite.php(47): require_once('FCPATH\\index.php')
CRITICAL - 2023-02-27 11:08:37 --> Undefined array key "model"
in APPPATH\Views\pages\admin\produk.php on line 1.
 1 APPPATH\Views\pages\admin\produk.php(1): CodeIgniter\Debug\Exceptions->errorHandler(2, 'Undefined array key "model"', 'APPPATH\\Views\\pages\\admin\\produk.php', 1)
 2 SYSTEMPATH\View\View.php(213): include('APPPATH\\Views\\pages\\admin\\produk.php')
 3 SYSTEMPATH\View\View.php(216): CodeIgniter\View\View->CodeIgniter\View\{closure}()
 4 SYSTEMPATH\Common.php(1177): CodeIgniter\View\View->render('pages/admin/produk', [], true)
 5 APPPATH\Controllers\Admin.php(29): view('pages/admin/produk', [...])
 6 SYSTEMPATH\CodeIgniter.php(934): App\Controllers\Admin->produk()
 7 SYSTEMPATH\CodeIgniter.php(499): CodeIgniter\CodeIgniter->runController(Object(App\Controllers\Admin))
 8 SYSTEMPATH\CodeIgniter.php(368): CodeIgniter\CodeIgniter->handleRequest(null, Object(Config\Cache), false)
 9 FCPATH\index.php(67): CodeIgniter\CodeIgniter->run()
10 SYSTEMPATH\Commands\Server\rewrite.php(47): require_once('FCPATH\\index.php')
CRITICAL - 2023-02-27 11:09:00 --> Array to string conversion
in APPPATH\Views\pages\admin\produk.php on line 1.
 1 APPPATH\Views\pages\admin\produk.php(1): CodeIgniter\Debug\Exceptions->errorHandler(2, 'Array to string conversion', 'APPPATH\\Views\\pages\\admin\\produk.php', 1)
 2 SYSTEMPATH\View\View.php(213): include('APPPATH\\Views\\pages\\admin\\produk.php')
 3 SYSTEMPATH\View\View.php(216): CodeIgniter\View\View->CodeIgniter\View\{closure}()
 4 SYSTEMPATH\Common.php(1177): CodeIgniter\View\View->render('pages/admin/produk', [], true)
 5 APPPATH\Controllers\Admin.php(29): view('pages/admin/produk', [...])
 6 SYSTEMPATH\CodeIgniter.php(934): App\Controllers\Admin->produk()
 7 SYSTEMPATH\CodeIgniter.php(499): CodeIgniter\CodeIgniter->runController(Object(App\Controllers\Admin))
 8 SYSTEMPATH\CodeIgniter.php(368): CodeIgniter\CodeIgniter->handleRequest(null, Object(Config\Cache), false)
 9 FCPATH\index.php(67): CodeIgniter\CodeIgniter->run()
10 SYSTEMPATH\Commands\Server\rewrite.php(47): require_once('FCPATH\\index.php')
ERROR - 2023-02-27 11:13:46 --> mysqli_sql_exception: You have an error in your SQL syntax; check the manual that corresponds to your MariaDB server version for the right syntax to use near '`listrik`, `model`, `harga`, `jenisKulkas`, `kd_jenisProduk`, `fungsi`) VALUE...' at line 1 in C:\xampp\htdocs\ci4\CodeIgniter4\system\Database\MySQLi\Connection.php:295
Stack trace:
#0 C:\xampp\htdocs\ci4\CodeIgniter4\system\Database\MySQLi\Connection.php(295): mysqli->query('INSERT INTO `pr...', 0)
#1 C:\xampp\htdocs\ci4\CodeIgniter4\system\Database\BaseConnection.php(691): CodeIgniter\Database\MySQLi\Connection->execute('INSERT INTO `pr...')
#2 C:\xampp\htdocs\ci4\CodeIgniter4\system\Database\BaseConnection.php(605): CodeIgniter\Database\BaseConnection->simpleQuery('INSERT INTO `pr...')
#3 C:\xampp\htdocs\ci4\CodeIgniter4\system\Database\BaseBuilder.php(2295): CodeIgniter\Database\BaseConnection->query('INSERT INTO `pr...', Array, false)
#4 C:\xampp\htdocs\ci4\ranu\app\Database\Seeds\Produk.php(22): CodeIgniter\Database\BaseBuilder->insert(Array)
#5 C:\xampp\htdocs\ci4\CodeIgniter4\system\Database\Seeder.php(146): App\Database\Seeds\Produk->run()
#6 C:\xampp\htdocs\ci4\CodeIgniter4\system\Commands\Database\Seed.php(77): CodeIgniter\Database\Seeder->call('App\\Database\\Se...')
#7 C:\xampp\htdocs\ci4\CodeIgniter4\system\CLI\Commands.php(65): CodeIgniter\Commands\Database\Seed->run(Array)
#8 C:\xampp\htdocs\ci4\CodeIgniter4\system\CLI\Console.php(37): CodeIgniter\CLI\Commands->run('db:seed', Array)
#9 C:\xampp\htdocs\ci4\ranu\spark(97): CodeIgniter\CLI\Console->run()
#10 {main}
ERROR - 2023-02-27 11:23:56 --> mysqli_sql_exception: Unknown column 'kd_jenisPorduk' in 'field list' in C:\xampp\htdocs\ci4\CodeIgniter4\system\Database\MySQLi\Connection.php:295
Stack trace:
#0 C:\xampp\htdocs\ci4\CodeIgniter4\system\Database\MySQLi\Connection.php(295): mysqli->query('INSERT INTO `je...', 0)
#1 C:\xampp\htdocs\ci4\CodeIgniter4\system\Database\BaseConnection.php(691): CodeIgniter\Database\MySQLi\Connection->execute('INSERT INTO `je...')
#2 C:\xampp\htdocs\ci4\CodeIgniter4\system\Database\BaseConnection.php(605): CodeIgniter\Database\BaseConnection->simpleQuery('INSERT INTO `je...')
#3 C:\xampp\htdocs\ci4\CodeIgniter4\system\Database\BaseBuilder.php(2295): CodeIgniter\Database\BaseConnection->query('INSERT INTO `je...', Array, false)
#4 C:\xampp\htdocs\ci4\ranu\app\Database\Seeds\JenisProduk.php(16): CodeIgniter\Database\BaseBuilder->insert(Array)
#5 C:\xampp\htdocs\ci4\CodeIgniter4\system\Database\Seeder.php(146): App\Database\Seeds\JenisProduk->run()
#6 C:\xampp\htdocs\ci4\CodeIgniter4\system\Commands\Database\Seed.php(77): CodeIgniter\Database\Seeder->call('App\\Database\\Se...')
#7 C:\xampp\htdocs\ci4\CodeIgniter4\system\CLI\Commands.php(65): CodeIgniter\Commands\Database\Seed->run(Array)
#8 C:\xampp\htdocs\ci4\CodeIgniter4\system\CLI\Console.php(37): CodeIgniter\CLI\Commands->run('db:seed', Array)
#9 C:\xampp\htdocs\ci4\ranu\spark(97): CodeIgniter\CLI\Console->run()
#10 {main}
ERROR - 2023-02-27 11:24:24 --> mysqli_sql_exception: Unknown column 'kd_jenisPorduk' in 'field list' in C:\xampp\htdocs\ci4\CodeIgniter4\system\Database\MySQLi\Connection.php:295
Stack trace:
#0 C:\xampp\htdocs\ci4\CodeIgniter4\system\Database\MySQLi\Connection.php(295): mysqli->query('INSERT INTO `je...', 0)
#1 C:\xampp\htdocs\ci4\CodeIgniter4\system\Database\BaseConnection.php(691): CodeIgniter\Database\MySQLi\Connection->execute('INSERT INTO `je...')
#2 C:\xampp\htdocs\ci4\CodeIgniter4\system\Database\BaseConnection.php(605): CodeIgniter\Database\BaseConnection->simpleQuery('INSERT INTO `je...')
#3 C:\xampp\htdocs\ci4\CodeIgniter4\system\Database\BaseBuilder.php(2295): CodeIgniter\Database\BaseConnection->query('INSERT INTO `je...', Array, false)
#4 C:\xampp\htdocs\ci4\ranu\app\Database\Seeds\JenisProduk.php(16): CodeIgniter\Database\BaseBuilder->insert(Array)
#5 C:\xampp\htdocs\ci4\CodeIgniter4\system\Database\Seeder.php(146): App\Database\Seeds\JenisProduk->run()
#6 C:\xampp\htdocs\ci4\CodeIgniter4\system\Commands\Database\Seed.php(77): CodeIgniter\Database\Seeder->call('App\\Database\\Se...')
#7 C:\xampp\htdocs\ci4\CodeIgniter4\system\CLI\Commands.php(65): CodeIgniter\Commands\Database\Seed->run(Array)
#8 C:\xampp\htdocs\ci4\CodeIgniter4\system\CLI\Console.php(37): CodeIgniter\CLI\Commands->run('db:seed', Array)
#9 C:\xampp\htdocs\ci4\ranu\spark(97): CodeIgniter\CLI\Console->run()
#10 {main}
ERROR - 2023-02-27 11:29:22 --> mysqli_sql_exception: Duplicate entry 'J-001' for key 'PRIMARY' in C:\xampp\htdocs\ci4\CodeIgniter4\system\Database\MySQLi\Connection.php:295
Stack trace:
#0 C:\xampp\htdocs\ci4\CodeIgniter4\system\Database\MySQLi\Connection.php(295): mysqli->query('INSERT INTO `je...', 0)
#1 C:\xampp\htdocs\ci4\CodeIgniter4\system\Database\BaseConnection.php(691): CodeIgniter\Database\MySQLi\Connection->execute('INSERT INTO `je...')
#2 C:\xampp\htdocs\ci4\CodeIgniter4\system\Database\BaseConnection.php(605): CodeIgniter\Database\BaseConnection->simpleQuery('INSERT INTO `je...')
#3 C:\xampp\htdocs\ci4\CodeIgniter4\system\Database\BaseBuilder.php(1787): CodeIgniter\Database\BaseConnection->query('INSERT INTO `je...', NULL, false)
#4 C:\xampp\htdocs\ci4\CodeIgniter4\system\Database\BaseBuilder.php(2178): CodeIgniter\Database\BaseBuilder->batchExecute('_insertBatch', 100)
#5 C:\xampp\htdocs\ci4\ranu\app\Database\Seeds\JenisProduk.php(26): CodeIgniter\Database\BaseBuilder->insertBatch(Array)
#6 C:\xampp\htdocs\ci4\CodeIgniter4\system\Database\Seeder.php(146): App\Database\Seeds\JenisProduk->run()
#7 C:\xampp\htdocs\ci4\CodeIgniter4\system\Commands\Database\Seed.php(77): CodeIgniter\Database\Seeder->call('App\\Database\\Se...')
#8 C:\xampp\htdocs\ci4\CodeIgniter4\system\CLI\Commands.php(65): CodeIgniter\Commands\Database\Seed->run(Array)
#9 C:\xampp\htdocs\ci4\CodeIgniter4\system\CLI\Console.php(37): CodeIgniter\CLI\Commands->run('db:seed', Array)
#10 C:\xampp\htdocs\ci4\ranu\spark(97): CodeIgniter\CLI\Console->run()
#11 {main}
CRITICAL - 2023-02-27 11:31:33 --> Undefined array key "nama"
in APPPATH\Views\pages\admin\produk.php on line 5.
 1 APPPATH\Views\pages\admin\produk.php(5): CodeIgniter\Debug\Exceptions->errorHandler(2, 'Undefined array key "nama"', 'APPPATH\\Views\\pages\\admin\\produk.php', 5)
 2 SYSTEMPATH\View\View.php(213): include('APPPATH\\Views\\pages\\admin\\produk.php')
 3 SYSTEMPATH\View\View.php(216): CodeIgniter\View\View->CodeIgniter\View\{closure}()
 4 SYSTEMPATH\Common.php(1177): CodeIgniter\View\View->render('pages/admin/produk', [], true)
 5 APPPATH\Controllers\Admin.php(32): view('pages/admin/produk', [...])
 6 SYSTEMPATH\CodeIgniter.php(934): App\Controllers\Admin->produk()
 7 SYSTEMPATH\CodeIgniter.php(499): CodeIgniter\CodeIgniter->runController(Object(App\Controllers\Admin))
 8 SYSTEMPATH\CodeIgniter.php(368): CodeIgniter\CodeIgniter->handleRequest(null, Object(Config\Cache), false)
 9 FCPATH\index.php(67): CodeIgniter\CodeIgniter->run()
10 SYSTEMPATH\Commands\Server\rewrite.php(47): require_once('FCPATH\\index.php')
