CRITICAL - 2023-03-19 01:51:32 --> Undefined variable $subkriteria
in APPPATH\Views\pages\admin\kriteria\subkriteria\index.php on line 87.
 1 APPPATH\Views\pages\admin\kriteria\subkriteria\index.php(87): CodeIgniter\Debug\Exceptions->errorHandler(2, 'Undefined variable $subkriteria', 'APPPATH\\Views\\pages\\admin\\kriteria\\subkriteria\\index.php', 87)
 2 SYSTEMPATH\View\View.php(213): include('APPPATH\\Views\\pages\\admin\\kriteria\\subkriteria\\index.php')
 3 SYSTEMPATH\View\View.php(216): CodeIgniter\View\View->CodeIgniter\View\{closure}()
 4 SYSTEMPATH\Common.php(1177): CodeIgniter\View\View->render('pages/admin/kriteria/subkriteria/index', [], true)
 5 APPPATH\Controllers\admin\Kriteria.php(89): view('pages/admin/kriteria/subkriteria/index', [...])
 6 SYSTEMPATH\CodeIgniter.php(934): App\Controllers\Admin\Kriteria->subkriteria('1')
 7 SYSTEMPATH\CodeIgniter.php(499): CodeIgniter\CodeIgniter->runController(Object(App\Controllers\Admin\Kriteria))
 8 SYSTEMPATH\CodeIgniter.php(368): CodeIgniter\CodeIgniter->handleRequest(null, Object(Config\Cache), false)
 9 FCPATH\index.php(67): CodeIgniter\CodeIgniter->run()
10 SYSTEMPATH\Commands\Server\rewrite.php(47): require_once('FCPATH\\index.php')
CRITICAL - 2023-03-19 02:10:32 --> Undefined variable $jenis
in APPPATH\Views\pages\admin\kriteria\subkriteria\modal-edit.php on line 6.
 1 APPPATH\Views\pages\admin\kriteria\subkriteria\modal-edit.php(6): CodeIgniter\Debug\Exceptions->errorHandler(2, 'Undefined variable $jenis', 'APPPATH\\Views\\pages\\admin\\kriteria\\subkriteria\\modal-edit.php', 6)
 2 SYSTEMPATH\View\View.php(213): include('APPPATH\\Views\\pages\\admin\\kriteria\\subkriteria\\modal-edit.php')
 3 SYSTEMPATH\View\View.php(216): CodeIgniter\View\View->CodeIgniter\View\{closure}()
 4 SYSTEMPATH\Common.php(1177): CodeIgniter\View\View->render('pages/admin/kriteria/subkriteria/modal-edit', [], true)
 5 APPPATH\Controllers\admin\Kriteria.php(166): view('pages/admin/kriteria/subkriteria/modal-edit', [...])
 6 SYSTEMPATH\CodeIgniter.php(934): App\Controllers\Admin\Kriteria->get_modalEdit()
 7 SYSTEMPATH\CodeIgniter.php(499): CodeIgniter\CodeIgniter->runController(Object(App\Controllers\Admin\Kriteria))
 8 SYSTEMPATH\CodeIgniter.php(368): CodeIgniter\CodeIgniter->handleRequest(null, Object(Config\Cache), false)
 9 FCPATH\index.php(67): CodeIgniter\CodeIgniter->run()
10 SYSTEMPATH\Commands\Server\rewrite.php(47): require_once('FCPATH\\index.php')
CRITICAL - 2023-03-19 02:11:23 --> Call to undefined function form_open()
in APPPATH\Views\pages\admin\kriteria\subkriteria\modal-edit.php on line 12.
 1 SYSTEMPATH\View\View.php(213): include()
 2 SYSTEMPATH\View\View.php(216): CodeIgniter\View\View->CodeIgniter\View\{closure}()
 3 SYSTEMPATH\Common.php(1177): CodeIgniter\View\View->render('pages/admin/kriteria/subkriteria/modal-edit', [], true)
 4 APPPATH\Controllers\admin\Kriteria.php(166): view('pages/admin/kriteria/subkriteria/modal-edit', [...])
 5 SYSTEMPATH\CodeIgniter.php(934): App\Controllers\Admin\Kriteria->get_modalEdit()
 6 SYSTEMPATH\CodeIgniter.php(499): CodeIgniter\CodeIgniter->runController(Object(App\Controllers\Admin\Kriteria))
 7 SYSTEMPATH\CodeIgniter.php(368): CodeIgniter\CodeIgniter->handleRequest(null, Object(Config\Cache), false)
 8 FCPATH\index.php(67): CodeIgniter\CodeIgniter->run()
 9 SYSTEMPATH\Commands\Server\rewrite.php(47): require_once('FCPATH\\index.php')
CRITICAL - 2023-03-19 02:12:24 --> Undefined variable $subkriteria
in APPPATH\Views\pages\admin\kriteria\subkriteria\modal-edit.php on line 14.
 1 APPPATH\Views\pages\admin\kriteria\subkriteria\modal-edit.php(14): CodeIgniter\Debug\Exceptions->errorHandler(2, 'Undefined variable $subkriteria', 'APPPATH\\Views\\pages\\admin\\kriteria\\subkriteria\\modal-edit.php', 14)
 2 SYSTEMPATH\View\View.php(213): include('APPPATH\\Views\\pages\\admin\\kriteria\\subkriteria\\modal-edit.php')
 3 SYSTEMPATH\View\View.php(216): CodeIgniter\View\View->CodeIgniter\View\{closure}()
 4 SYSTEMPATH\Common.php(1177): CodeIgniter\View\View->render('pages/admin/kriteria/subkriteria/modal-edit', [], true)
 5 APPPATH\Controllers\admin\Kriteria.php(168): view('pages/admin/kriteria/subkriteria/modal-edit', [...])
 6 SYSTEMPATH\CodeIgniter.php(934): App\Controllers\Admin\Kriteria->get_modalEdit()
 7 SYSTEMPATH\CodeIgniter.php(499): CodeIgniter\CodeIgniter->runController(Object(App\Controllers\Admin\Kriteria))
 8 SYSTEMPATH\CodeIgniter.php(368): CodeIgniter\CodeIgniter->handleRequest(null, Object(Config\Cache), false)
 9 FCPATH\index.php(67): CodeIgniter\CodeIgniter->run()
10 SYSTEMPATH\Commands\Server\rewrite.php(47): require_once('FCPATH\\index.php')
CRITICAL - 2023-03-19 02:13:27 --> Undefined variable $data
in APPPATH\Views\pages\admin\kriteria\subkriteria\modal-edit.php on line 14.
 1 APPPATH\Views\pages\admin\kriteria\subkriteria\modal-edit.php(14): CodeIgniter\Debug\Exceptions->errorHandler(2, 'Undefined variable $data', 'APPPATH\\Views\\pages\\admin\\kriteria\\subkriteria\\modal-edit.php', 14)
 2 SYSTEMPATH\View\View.php(213): include('APPPATH\\Views\\pages\\admin\\kriteria\\subkriteria\\modal-edit.php')
 3 SYSTEMPATH\View\View.php(216): CodeIgniter\View\View->CodeIgniter\View\{closure}()
 4 SYSTEMPATH\Common.php(1177): CodeIgniter\View\View->render('pages/admin/kriteria/subkriteria/modal-edit', [], true)
 5 APPPATH\Controllers\admin\Kriteria.php(168): view('pages/admin/kriteria/subkriteria/modal-edit', [...])
 6 SYSTEMPATH\CodeIgniter.php(934): App\Controllers\Admin\Kriteria->get_modalEdit()
 7 SYSTEMPATH\CodeIgniter.php(499): CodeIgniter\CodeIgniter->runController(Object(App\Controllers\Admin\Kriteria))
 8 SYSTEMPATH\CodeIgniter.php(368): CodeIgniter\CodeIgniter->handleRequest(null, Object(Config\Cache), false)
 9 FCPATH\index.php(67): CodeIgniter\CodeIgniter->run()
10 SYSTEMPATH\Commands\Server\rewrite.php(47): require_once('FCPATH\\index.php')
