CRITICAL - 2023-04-02 10:59:26 --> Undefined array key "id"
in APPPATH\Views\pages\admin\pesanan\tabel.php on line 23.
 1 APPPATH\Views\pages\admin\pesanan\tabel.php(23): CodeIgniter\Debug\Exceptions->errorHandler(2, 'Undefined array key "id"', 'APPPATH\\Views\\pages\\admin\\pesanan\\tabel.php', 23)
 2 SYSTEMPATH\View\View.php(213): include('APPPATH\\Views\\pages\\admin\\pesanan\\tabel.php')
 3 SYSTEMPATH\View\View.php(216): CodeIgniter\View\View->CodeIgniter\View\{closure}()
 4 SYSTEMPATH\Common.php(1177): CodeIgniter\View\View->render('pages/admin/pesanan/tabel', [], true)
 5 APPPATH\Controllers\admin\Pesanan.php(33): view('pages/admin/pesanan/tabel', [...])
 6 SYSTEMPATH\CodeIgniter.php(934): App\Controllers\Admin\Pesanan->get_data()
 7 SYSTEMPATH\CodeIgniter.php(499): CodeIgniter\CodeIgniter->runController(Object(App\Controllers\Admin\Pesanan))
 8 SYSTEMPATH\CodeIgniter.php(368): CodeIgniter\CodeIgniter->handleRequest(null, Object(Config\Cache), false)
 9 FCPATH\index.php(67): CodeIgniter\CodeIgniter->run()
10 SYSTEMPATH\Commands\Server\rewrite.php(47): require_once('FCPATH\\index.php')
CRITICAL - 2023-04-02 11:20:23 --> Undefined array key 0
in APPPATH\Views\pages\admin\produk\form.php on line 27.
 1 APPPATH\Views\pages\admin\produk\form.php(27): CodeIgniter\Debug\Exceptions->errorHandler(2, 'Undefined array key 0', 'APPPATH\\Views\\pages\\admin\\produk\\form.php', 27)
 2 SYSTEMPATH\View\View.php(213): include('APPPATH\\Views\\pages\\admin\\produk\\form.php')
 3 SYSTEMPATH\View\View.php(216): CodeIgniter\View\View->CodeIgniter\View\{closure}()
 4 SYSTEMPATH\Common.php(1177): CodeIgniter\View\View->render('pages/admin/produk/form', [], true)
 5 APPPATH\Controllers\admin\Produk.php(59): view('pages/admin/produk/form', [...])
 6 SYSTEMPATH\CodeIgniter.php(934): App\Controllers\Admin\Produk->form('1', [...])
 7 SYSTEMPATH\CodeIgniter.php(499): CodeIgniter\CodeIgniter->runController(Object(App\Controllers\Admin\Produk))
 8 SYSTEMPATH\CodeIgniter.php(368): CodeIgniter\CodeIgniter->handleRequest(null, Object(Config\Cache), false)
 9 FCPATH\index.php(67): CodeIgniter\CodeIgniter->run()
10 SYSTEMPATH\Commands\Server\rewrite.php(47): require_once('FCPATH\\index.php')
CRITICAL - 2023-04-02 11:41:34 --> Undefined variable $Kriteria
in APPPATH\Views\pages\admin\kriteria\modal-edit.php on line 32.
 1 APPPATH\Views\pages\admin\kriteria\modal-edit.php(32): CodeIgniter\Debug\Exceptions->errorHandler(2, 'Undefined variable $Kriteria', 'APPPATH\\Views\\pages\\admin\\kriteria\\modal-edit.php', 32)
 2 SYSTEMPATH\View\View.php(213): include('APPPATH\\Views\\pages\\admin\\kriteria\\modal-edit.php')
 3 SYSTEMPATH\View\View.php(216): CodeIgniter\View\View->CodeIgniter\View\{closure}()
 4 SYSTEMPATH\Common.php(1177): CodeIgniter\View\View->render('pages/admin/kriteria/modal-edit', [], true)
 5 APPPATH\Controllers\admin\Kriteria.php(79): view('pages/admin/kriteria/modal-edit', [...])
 6 SYSTEMPATH\CodeIgniter.php(934): App\Controllers\Admin\Kriteria->edit()
 7 SYSTEMPATH\CodeIgniter.php(499): CodeIgniter\CodeIgniter->runController(Object(App\Controllers\Admin\Kriteria))
 8 SYSTEMPATH\CodeIgniter.php(368): CodeIgniter\CodeIgniter->handleRequest(null, Object(Config\Cache), false)
 9 FCPATH\index.php(67): CodeIgniter\CodeIgniter->run()
10 SYSTEMPATH\Commands\Server\rewrite.php(47): require_once('FCPATH\\index.php')
CRITICAL - 2023-04-02 11:41:44 --> Undefined variable $Kriteria
in APPPATH\Views\pages\admin\kriteria\modal-edit.php on line 32.
 1 APPPATH\Views\pages\admin\kriteria\modal-edit.php(32): CodeIgniter\Debug\Exceptions->errorHandler(2, 'Undefined variable $Kriteria', 'APPPATH\\Views\\pages\\admin\\kriteria\\modal-edit.php', 32)
 2 SYSTEMPATH\View\View.php(213): include('APPPATH\\Views\\pages\\admin\\kriteria\\modal-edit.php')
 3 SYSTEMPATH\View\View.php(216): CodeIgniter\View\View->CodeIgniter\View\{closure}()
 4 SYSTEMPATH\Common.php(1177): CodeIgniter\View\View->render('pages/admin/kriteria/modal-edit', [], true)
 5 APPPATH\Controllers\admin\Kriteria.php(79): view('pages/admin/kriteria/modal-edit', [...])
 6 SYSTEMPATH\CodeIgniter.php(934): App\Controllers\Admin\Kriteria->edit()
 7 SYSTEMPATH\CodeIgniter.php(499): CodeIgniter\CodeIgniter->runController(Object(App\Controllers\Admin\Kriteria))
 8 SYSTEMPATH\CodeIgniter.php(368): CodeIgniter\CodeIgniter->handleRequest(null, Object(Config\Cache), false)
 9 FCPATH\index.php(67): CodeIgniter\CodeIgniter->run()
10 SYSTEMPATH\Commands\Server\rewrite.php(47): require_once('FCPATH\\index.php')
CRITICAL - 2023-04-02 11:41:52 --> Undefined variable $Kriteria
in APPPATH\Views\pages\admin\kriteria\modal-edit.php on line 32.
 1 APPPATH\Views\pages\admin\kriteria\modal-edit.php(32): CodeIgniter\Debug\Exceptions->errorHandler(2, 'Undefined variable $Kriteria', 'APPPATH\\Views\\pages\\admin\\kriteria\\modal-edit.php', 32)
 2 SYSTEMPATH\View\View.php(213): include('APPPATH\\Views\\pages\\admin\\kriteria\\modal-edit.php')
 3 SYSTEMPATH\View\View.php(216): CodeIgniter\View\View->CodeIgniter\View\{closure}()
 4 SYSTEMPATH\Common.php(1177): CodeIgniter\View\View->render('pages/admin/kriteria/modal-edit', [], true)
 5 APPPATH\Controllers\admin\Kriteria.php(79): view('pages/admin/kriteria/modal-edit', [...])
 6 SYSTEMPATH\CodeIgniter.php(934): App\Controllers\Admin\Kriteria->edit()
 7 SYSTEMPATH\CodeIgniter.php(499): CodeIgniter\CodeIgniter->runController(Object(App\Controllers\Admin\Kriteria))
 8 SYSTEMPATH\CodeIgniter.php(368): CodeIgniter\CodeIgniter->handleRequest(null, Object(Config\Cache), false)
 9 FCPATH\index.php(67): CodeIgniter\CodeIgniter->run()
10 SYSTEMPATH\Commands\Server\rewrite.php(47): require_once('FCPATH\\index.php')
CRITICAL - 2023-04-02 11:42:19 --> syntax error, unexpected token ";"
in APPPATH\Views\pages\admin\kriteria\modal-edit.php on line 32.
 1 SYSTEMPATH\View\View.php(216): CodeIgniter\View\View->CodeIgniter\View\{closure}()
 2 SYSTEMPATH\Common.php(1177): CodeIgniter\View\View->render('pages/admin/kriteria/modal-edit', [], true)
 3 APPPATH\Controllers\admin\Kriteria.php(79): view('pages/admin/kriteria/modal-edit', [...])
 4 SYSTEMPATH\CodeIgniter.php(934): App\Controllers\Admin\Kriteria->edit()
 5 SYSTEMPATH\CodeIgniter.php(499): CodeIgniter\CodeIgniter->runController(Object(App\Controllers\Admin\Kriteria))
 6 SYSTEMPATH\CodeIgniter.php(368): CodeIgniter\CodeIgniter->handleRequest(null, Object(Config\Cache), false)
 7 FCPATH\index.php(67): CodeIgniter\CodeIgniter->run()
 8 SYSTEMPATH\Commands\Server\rewrite.php(47): require_once('FCPATH\\index.php')
