ERROR - 2023-04-20 01:35:45 --> mysqli_sql_exception: You have an error in your SQL syntax; check the manual that corresponds to your MariaDB server version for the right syntax to use near '8 kg)
AND (SELECT COUNT(*) FROM fitur WHERE fkProduk = `produk`.`id` AND `fkK...' at line 5 in C:\xampp\htdocs\ranu\CodeIgniter4\system\Database\MySQLi\Connection.php:295
Stack trace:
#0 C:\xampp\htdocs\ranu\CodeIgniter4\system\Database\MySQLi\Connection.php(295): mysqli->query('SELECT `id`, `m...', 0)
#1 C:\xampp\htdocs\ranu\CodeIgniter4\system\Database\BaseConnection.php(691): CodeIgniter\Database\MySQLi\Connection->execute('SELECT `id`, `m...')
#2 C:\xampp\htdocs\ranu\CodeIgniter4\system\Database\BaseConnection.php(605): CodeIgniter\Database\BaseConnection->simpleQuery('SELECT `id`, `m...')
#3 C:\xampp\htdocs\ranu\CodeIgniter4\system\Database\BaseBuilder.php(1602): CodeIgniter\Database\BaseConnection->query('SELECT `id`, `m...', Array, false)
#4 C:\xampp\htdocs\ranu\app\Controllers\Home.php(123): CodeIgniter\Database\BaseBuilder->get()
#5 C:\xampp\htdocs\ranu\CodeIgniter4\system\CodeIgniter.php(934): App\Controllers\Home->smart()
#6 C:\xampp\htdocs\ranu\CodeIgniter4\system\CodeIgniter.php(499): CodeIgniter\CodeIgniter->runController(Object(App\Controllers\Home))
#7 C:\xampp\htdocs\ranu\CodeIgniter4\system\CodeIgniter.php(368): CodeIgniter\CodeIgniter->handleRequest(NULL, Object(Config\Cache), false)
#8 C:\xampp\htdocs\ranu\public\index.php(67): CodeIgniter\CodeIgniter->run()
#9 C:\xampp\htdocs\ranu\CodeIgniter4\system\Commands\Server\rewrite.php(47): require_once('C:\\xampp\\htdocs...')
#10 {main}
CRITICAL - 2023-04-20 01:35:45 --> You have an error in your SQL syntax; check the manual that corresponds to your MariaDB server version for the right syntax to use near '8 kg)
AND (SELECT COUNT(*) FROM fitur WHERE fkProduk = `produk`.`id` AND `fkK...' at line 5
in SYSTEMPATH\Database\BaseConnection.php on line 645.
 1 SYSTEMPATH\Database\BaseBuilder.php(1602): CodeIgniter\Database\BaseConnection->query('SELECT `id`, `model`, (SELECT nilai FROM fitur WHERE fkProduk = produk.id AND fkKriteria = 10) AS Fungsi, (SELECT nilai FROM fitur WHERE fkProduk = produk.id AND fkKriteria = 11) AS Harga, (SELECT nilai FROM fitur WHERE fkProduk = produk.id AND fkKriteria = 12) AS Kapasitas, (SELECT nilai FROM fitur WHERE fkProduk = produk.id AND fkKriteria = 13) AS Ukuran, (SELECT nilai FROM fitur WHERE fkProduk = produk.id AND fkKriteria = 14) AS DayaListrik, (SELECT nilai FROM fitur WHERE fkProduk = produk.id AND fkKriteria = 15) AS Merek
FROM `produk`
WHERE (SELECT COUNT(*) FROM fitur WHERE fkProduk = `produk`.`id` AND `fkKriteria` = 10 AND `nilai` = \'otomatis\')
AND (SELECT COUNT(*) FROM fitur WHERE fkProduk = `produk`.`id` AND `fkKriteria` = 11 AND `nilai` < 3000000)
AND (SELECT COUNT(*) FROM fitur WHERE fkProduk = `produk`.`id` AND `fkKriteria` = 12 AND nilai 8 kg)
AND (SELECT COUNT(*) FROM fitur WHERE fkProduk = `produk`.`id` AND `fkKriteria` = 13 AND `nilai` = \'kecil\')', [], false)
 2 APPPATH\Controllers\Home.php(123): CodeIgniter\Database\BaseBuilder->get()
 3 SYSTEMPATH\CodeIgniter.php(934): App\Controllers\Home->smart()
 4 SYSTEMPATH\CodeIgniter.php(499): CodeIgniter\CodeIgniter->runController(Object(App\Controllers\Home))
 5 SYSTEMPATH\CodeIgniter.php(368): CodeIgniter\CodeIgniter->handleRequest(null, Object(Config\Cache), false)
 6 FCPATH\index.php(67): CodeIgniter\CodeIgniter->run()
 7 SYSTEMPATH\Commands\Server\rewrite.php(47): require_once('FCPATH\\index.php')
