ERROR - 2023-04-04 04:29:07 --> mysqli_sql_exception: Unknown column 'fkKriteria' in 'where clause' in C:\Users\abiisaleh\Documents\ci4\CodeIgniter4\system\Database\MySQLi\Connection.php:295
Stack trace:
#0 C:\Users\abiisaleh\Documents\ci4\CodeIgniter4\system\Database\MySQLi\Connection.php(295): mysqli->query('SELECT *\nFROM `...', 0)
#1 C:\Users\abiisaleh\Documents\ci4\CodeIgniter4\system\Database\BaseConnection.php(691): CodeIgniter\Database\MySQLi\Connection->execute('SELECT *\nFROM `...')
#2 C:\Users\abiisaleh\Documents\ci4\CodeIgniter4\system\Database\BaseConnection.php(605): CodeIgniter\Database\BaseConnection->simpleQuery('SELECT *\nFROM `...')
#3 C:\Users\abiisaleh\Documents\ci4\CodeIgniter4\system\Database\BaseBuilder.php(1602): CodeIgniter\Database\BaseConnection->query('SELECT *\nFROM `...', Array, false)
#4 C:\Users\abiisaleh\Documents\ci4\CodeIgniter4\system\Model.php(202): CodeIgniter\Database\BaseBuilder->get()
#5 C:\Users\abiisaleh\Documents\ci4\CodeIgniter4\system\BaseModel.php(557): CodeIgniter\Model->doFind(false, NULL)
#6 C:\Users\abiisaleh\Documents\ci4\ranu\app\Views\pages\user\inputKriteria.php(6): CodeIgniter\BaseModel->find()
#7 C:\Users\abiisaleh\Documents\ci4\CodeIgniter4\system\View\View.php(213): include('C:\\Users\\abiisa...')
#8 C:\Users\abiisaleh\Documents\ci4\CodeIgniter4\system\View\View.php(216): CodeIgniter\View\View->CodeIgniter\View\{closure}()
#9 C:\Users\abiisaleh\Documents\ci4\CodeIgniter4\system\Common.php(1177): CodeIgniter\View\View->render('pages/user/inpu...', Array, true)
#10 C:\Users\abiisaleh\Documents\ci4\ranu\app\Controllers\Home.php(63): view('pages/user/inpu...', Array)
#11 C:\Users\abiisaleh\Documents\ci4\CodeIgniter4\system\CodeIgniter.php(934): App\Controllers\Home->get_data()
#12 C:\Users\abiisaleh\Documents\ci4\CodeIgniter4\system\CodeIgniter.php(499): CodeIgniter\CodeIgniter->runController(Object(App\Controllers\Home))
#13 C:\Users\abiisaleh\Documents\ci4\CodeIgniter4\system\CodeIgniter.php(368): CodeIgniter\CodeIgniter->handleRequest(NULL, Object(Config\Cache), false)
#14 C:\Users\abiisaleh\Documents\ci4\ranu\public\index.php(67): CodeIgniter\CodeIgniter->run()
#15 C:\Users\abiisaleh\Documents\ci4\CodeIgniter4\system\Commands\Server\rewrite.php(47): require_once('C:\\Users\\abiisa...')
#16 {main}
CRITICAL - 2023-04-04 04:29:07 --> Unknown column 'fkKriteria' in 'where clause'
in SYSTEMPATH\Database\BaseConnection.php on line 645.
 1 SYSTEMPATH\Database\BaseBuilder.php(1602): CodeIgniter\Database\BaseConnection->query('SELECT *
FROM `produk`
WHERE `fkKriteria` = :fkKriteria:', [...], false)
 2 SYSTEMPATH\Model.php(202): CodeIgniter\Database\BaseBuilder->get()
 3 SYSTEMPATH\BaseModel.php(557): CodeIgniter\Model->doFind(false, null)
 4 APPPATH\Views\pages\user\inputKriteria.php(6): CodeIgniter\BaseModel->find()
 5 SYSTEMPATH\View\View.php(213): include('APPPATH\\Views\\pages\\user\\inputKriteria.php')
 6 SYSTEMPATH\View\View.php(216): CodeIgniter\View\View->CodeIgniter\View\{closure}()
 7 SYSTEMPATH\Common.php(1177): CodeIgniter\View\View->render('pages/user/inputKriteria', [], true)
 8 APPPATH\Controllers\Home.php(63): view('pages/user/inputKriteria', [...])
 9 SYSTEMPATH\CodeIgniter.php(934): App\Controllers\Home->get_data()
10 SYSTEMPATH\CodeIgniter.php(499): CodeIgniter\CodeIgniter->runController(Object(App\Controllers\Home))
11 SYSTEMPATH\CodeIgniter.php(368): CodeIgniter\CodeIgniter->handleRequest(null, Object(Config\Cache), false)
12 FCPATH\index.php(67): CodeIgniter\CodeIgniter->run()
13 SYSTEMPATH\Commands\Server\rewrite.php(47): require_once('FCPATH\\index.php')
CRITICAL - 2023-04-04 04:54:34 --> Call to undefined function form_open_multipart()
in APPPATH\Views\pages\admin\produk\form.php on line 12.
 1 SYSTEMPATH\View\View.php(213): include()
 2 SYSTEMPATH\View\View.php(216): CodeIgniter\View\View->CodeIgniter\View\{closure}()
 3 SYSTEMPATH\Common.php(1177): CodeIgniter\View\View->render('pages/admin/produk/form', [], true)
 4 APPPATH\Controllers\admin\Produk.php(59): view('pages/admin/produk/form', [...])
 5 SYSTEMPATH\CodeIgniter.php(934): App\Controllers\Admin\Produk->form('1', [...])
 6 SYSTEMPATH\CodeIgniter.php(499): CodeIgniter\CodeIgniter->runController(Object(App\Controllers\Admin\Produk))
 7 SYSTEMPATH\CodeIgniter.php(368): CodeIgniter\CodeIgniter->handleRequest(null, Object(Config\Cache), false)
 8 FCPATH\index.php(67): CodeIgniter\CodeIgniter->run()
 9 SYSTEMPATH\Commands\Server\rewrite.php(47): require_once('FCPATH\\index.php')
INFO - 2023-04-04 04:55:24 --> Session: Class initialized using 'CodeIgniter\Session\Handlers\FileHandler' driver.
CRITICAL - 2023-04-04 04:56:45 --> Undefined array key 0
in APPPATH\Views\pages\admin\produk\form.php on line 27.
 1 APPPATH\Views\pages\admin\produk\form.php(27): CodeIgniter\Debug\Exceptions->errorHandler(2, 'Undefined array key 0', 'APPPATH\\Views\\pages\\admin\\produk\\form.php', 27)
 2 SYSTEMPATH\View\View.php(213): include('APPPATH\\Views\\pages\\admin\\produk\\form.php')
 3 SYSTEMPATH\View\View.php(216): CodeIgniter\View\View->CodeIgniter\View\{closure}()
 4 SYSTEMPATH\Common.php(1177): CodeIgniter\View\View->render('pages/admin/produk/form', [], true)
 5 APPPATH\Controllers\admin\Produk.php(60): view('pages/admin/produk/form', [...])
 6 SYSTEMPATH\CodeIgniter.php(934): App\Controllers\Admin\Produk->form('1', [...])
 7 SYSTEMPATH\CodeIgniter.php(499): CodeIgniter\CodeIgniter->runController(Object(App\Controllers\Admin\Produk))
 8 SYSTEMPATH\CodeIgniter.php(368): CodeIgniter\CodeIgniter->handleRequest(null, Object(Config\Cache), false)
 9 FCPATH\index.php(67): CodeIgniter\CodeIgniter->run()
10 SYSTEMPATH\Commands\Server\rewrite.php(47): require_once('FCPATH\\index.php')
