CRITICAL - 2023-03-20 01:07:39 --> Undefined array key "utility"
in APPPATH\Views\pages\admin\kriteria\tabel.php on line 23.
 1 APPPATH\Views\pages\admin\kriteria\tabel.php(23): CodeIgniter\Debug\Exceptions->errorHandler(2, 'Undefined array key "utility"', 'APPPATH\\Views\\pages\\admin\\kriteria\\tabel.php', 23)
 2 SYSTEMPATH\View\View.php(213): include('APPPATH\\Views\\pages\\admin\\kriteria\\tabel.php')
 3 SYSTEMPATH\View\View.php(216): CodeIgniter\View\View->CodeIgniter\View\{closure}()
 4 SYSTEMPATH\Common.php(1177): CodeIgniter\View\View->render('pages/admin/kriteria/tabel', [], true)
 5 APPPATH\Controllers\admin\Kriteria.php(44): view('pages/admin/kriteria/tabel', [...])
 6 SYSTEMPATH\CodeIgniter.php(934): App\Controllers\Admin\Kriteria->get_data()
 7 SYSTEMPATH\CodeIgniter.php(499): CodeIgniter\CodeIgniter->runController(Object(App\Controllers\Admin\Kriteria))
 8 SYSTEMPATH\CodeIgniter.php(368): CodeIgniter\CodeIgniter->handleRequest(null, Object(Config\Cache), false)
 9 FCPATH\index.php(67): CodeIgniter\CodeIgniter->run()
10 SYSTEMPATH\Commands\Server\rewrite.php(47): require_once('FCPATH\\index.php')
ERROR - 2023-03-20 01:08:40 --> mysqli_sql_exception: Unknown table 'ranu.pilihan' in C:\Users\abiisaleh\Documents\ci4\CodeIgniter4\system\Database\MySQLi\Connection.php:295
Stack trace:
#0 C:\Users\abiisaleh\Documents\ci4\CodeIgniter4\system\Database\MySQLi\Connection.php(295): mysqli->query('DROP TABLE `pil...', 0)
#1 C:\Users\abiisaleh\Documents\ci4\CodeIgniter4\system\Database\BaseConnection.php(691): CodeIgniter\Database\MySQLi\Connection->execute('DROP TABLE `pil...')
#2 C:\Users\abiisaleh\Documents\ci4\CodeIgniter4\system\Database\BaseConnection.php(605): CodeIgniter\Database\BaseConnection->simpleQuery('DROP TABLE `pil...')
#3 C:\Users\abiisaleh\Documents\ci4\CodeIgniter4\system\Database\Forge.php(637): CodeIgniter\Database\BaseConnection->query('DROP TABLE `pil...')
#4 C:\Users\abiisaleh\Documents\ci4\ranu\app\Database\Migrations\2023-02-28-033912_Spkv2.php(216): CodeIgniter\Database\Forge->dropTable('pilihan')
#5 C:\Users\abiisaleh\Documents\ci4\CodeIgniter4\system\Database\MigrationRunner.php(877): App\Database\Migrations\Spkv2->down()
#6 C:\Users\abiisaleh\Documents\ci4\CodeIgniter4\system\Database\MigrationRunner.php(299): CodeIgniter\Database\MigrationRunner->migrate('down', Object(stdClass))
#7 C:\Users\abiisaleh\Documents\ci4\CodeIgniter4\system\Commands\Database\MigrateRollback.php(92): CodeIgniter\Database\MigrationRunner->regress(0)
#8 C:\Users\abiisaleh\Documents\ci4\CodeIgniter4\system\CLI\Commands.php(65): CodeIgniter\Commands\Database\MigrateRollback->run(Array)
#9 C:\Users\abiisaleh\Documents\ci4\CodeIgniter4\system\CLI\Console.php(37): CodeIgniter\CLI\Commands->run('migrate:rollbac...', Array)
#10 C:\Users\abiisaleh\Documents\ci4\ranu\spark(97): CodeIgniter\CLI\Console->run()
#11 {main}
ERROR - 2023-03-20 01:09:20 --> mysqli_sql_exception: Unknown table 'ranu.jenis' in C:\Users\abiisaleh\Documents\ci4\CodeIgniter4\system\Database\MySQLi\Connection.php:295
Stack trace:
#0 C:\Users\abiisaleh\Documents\ci4\CodeIgniter4\system\Database\MySQLi\Connection.php(295): mysqli->query('DROP TABLE `jen...', 0)
#1 C:\Users\abiisaleh\Documents\ci4\CodeIgniter4\system\Database\BaseConnection.php(691): CodeIgniter\Database\MySQLi\Connection->execute('DROP TABLE `jen...')
#2 C:\Users\abiisaleh\Documents\ci4\CodeIgniter4\system\Database\BaseConnection.php(605): CodeIgniter\Database\BaseConnection->simpleQuery('DROP TABLE `jen...')
#3 C:\Users\abiisaleh\Documents\ci4\CodeIgniter4\system\Database\Forge.php(637): CodeIgniter\Database\BaseConnection->query('DROP TABLE `jen...')
#4 C:\Users\abiisaleh\Documents\ci4\ranu\app\Database\Migrations\2023-02-28-033912_Spkv2.php(210): CodeIgniter\Database\Forge->dropTable('jenis')
#5 C:\Users\abiisaleh\Documents\ci4\CodeIgniter4\system\Database\MigrationRunner.php(877): App\Database\Migrations\Spkv2->down()
#6 C:\Users\abiisaleh\Documents\ci4\CodeIgniter4\system\Database\MigrationRunner.php(299): CodeIgniter\Database\MigrationRunner->migrate('down', Object(stdClass))
#7 C:\Users\abiisaleh\Documents\ci4\CodeIgniter4\system\Commands\Database\MigrateRollback.php(92): CodeIgniter\Database\MigrationRunner->regress(0)
#8 C:\Users\abiisaleh\Documents\ci4\CodeIgniter4\system\CLI\Commands.php(65): CodeIgniter\Commands\Database\MigrateRollback->run(Array)
#9 C:\Users\abiisaleh\Documents\ci4\CodeIgniter4\system\CLI\Console.php(37): CodeIgniter\CLI\Commands->run('migrate:rollbac...', Array)
#10 C:\Users\abiisaleh\Documents\ci4\ranu\spark(97): CodeIgniter\CLI\Console->run()
#11 {main}
ERROR - 2023-03-20 01:11:24 --> mysqli_sql_exception: Table 'ranu.jenis' doesn't exist in C:\Users\abiisaleh\Documents\ci4\CodeIgniter4\system\Database\MySQLi\Connection.php:295
Stack trace:
#0 C:\Users\abiisaleh\Documents\ci4\CodeIgniter4\system\Database\MySQLi\Connection.php(295): mysqli->query('SELECT *\nFROM `...', 0)
#1 C:\Users\abiisaleh\Documents\ci4\CodeIgniter4\system\Database\BaseConnection.php(691): CodeIgniter\Database\MySQLi\Connection->execute('SELECT *\nFROM `...')
#2 C:\Users\abiisaleh\Documents\ci4\CodeIgniter4\system\Database\BaseConnection.php(605): CodeIgniter\Database\BaseConnection->simpleQuery('SELECT *\nFROM `...')
#3 C:\Users\abiisaleh\Documents\ci4\CodeIgniter4\system\Database\BaseBuilder.php(1602): CodeIgniter\Database\BaseConnection->query('SELECT *\nFROM `...', Array, false)
#4 C:\Users\abiisaleh\Documents\ci4\CodeIgniter4\system\Model.php(240): CodeIgniter\Database\BaseBuilder->get()
#5 C:\Users\abiisaleh\Documents\ci4\CodeIgniter4\system\BaseModel.php(618): CodeIgniter\Model->doFindAll(0, 0)
#6 C:\Users\abiisaleh\Documents\ci4\ranu\app\Controllers\admin\Kriteria.php(28): CodeIgniter\BaseModel->findAll()
#7 C:\Users\abiisaleh\Documents\ci4\CodeIgniter4\system\CodeIgniter.php(934): App\Controllers\Admin\Kriteria->index()
#8 C:\Users\abiisaleh\Documents\ci4\CodeIgniter4\system\CodeIgniter.php(499): CodeIgniter\CodeIgniter->runController(Object(App\Controllers\Admin\Kriteria))
#9 C:\Users\abiisaleh\Documents\ci4\CodeIgniter4\system\CodeIgniter.php(368): CodeIgniter\CodeIgniter->handleRequest(NULL, Object(Config\Cache), false)
#10 C:\Users\abiisaleh\Documents\ci4\ranu\public\index.php(67): CodeIgniter\CodeIgniter->run()
#11 C:\Users\abiisaleh\Documents\ci4\CodeIgniter4\system\Commands\Server\rewrite.php(47): require_once('C:\\Users\\abiisa...')
#12 {main}
CRITICAL - 2023-03-20 01:11:24 --> Table 'ranu.jenis' doesn't exist
in SYSTEMPATH\Database\BaseConnection.php on line 645.
 1 SYSTEMPATH\Database\BaseBuilder.php(1602): CodeIgniter\Database\BaseConnection->query('SELECT *
FROM `jenis`', [], false)
 2 SYSTEMPATH\Model.php(240): CodeIgniter\Database\BaseBuilder->get()
 3 SYSTEMPATH\BaseModel.php(618): CodeIgniter\Model->doFindAll(0, 0)
 4 APPPATH\Controllers\admin\Kriteria.php(28): CodeIgniter\BaseModel->findAll()
 5 SYSTEMPATH\CodeIgniter.php(934): App\Controllers\Admin\Kriteria->index()
 6 SYSTEMPATH\CodeIgniter.php(499): CodeIgniter\CodeIgniter->runController(Object(App\Controllers\Admin\Kriteria))
 7 SYSTEMPATH\CodeIgniter.php(368): CodeIgniter\CodeIgniter->handleRequest(null, Object(Config\Cache), false)
 8 FCPATH\index.php(67): CodeIgniter\CodeIgniter->run()
 9 SYSTEMPATH\Commands\Server\rewrite.php(47): require_once('FCPATH\\index.php')
ERROR - 2023-03-20 01:13:16 --> mysqli_sql_exception: Unknown table 'ranu.jenis' in C:\Users\abiisaleh\Documents\ci4\CodeIgniter4\system\Database\MySQLi\Connection.php:295
Stack trace:
#0 C:\Users\abiisaleh\Documents\ci4\CodeIgniter4\system\Database\MySQLi\Connection.php(295): mysqli->query('DROP TABLE `jen...', 0)
#1 C:\Users\abiisaleh\Documents\ci4\CodeIgniter4\system\Database\BaseConnection.php(691): CodeIgniter\Database\MySQLi\Connection->execute('DROP TABLE `jen...')
#2 C:\Users\abiisaleh\Documents\ci4\CodeIgniter4\system\Database\BaseConnection.php(605): CodeIgniter\Database\BaseConnection->simpleQuery('DROP TABLE `jen...')
#3 C:\Users\abiisaleh\Documents\ci4\CodeIgniter4\system\Database\Forge.php(637): CodeIgniter\Database\BaseConnection->query('DROP TABLE `jen...')
#4 C:\Users\abiisaleh\Documents\ci4\ranu\app\Database\Migrations\2023-02-28-033912_Spkv2.php(214): CodeIgniter\Database\Forge->dropTable('jenis')
#5 C:\Users\abiisaleh\Documents\ci4\CodeIgniter4\system\Database\MigrationRunner.php(877): App\Database\Migrations\Spkv2->down()
#6 C:\Users\abiisaleh\Documents\ci4\CodeIgniter4\system\Database\MigrationRunner.php(299): CodeIgniter\Database\MigrationRunner->migrate('down', Object(stdClass))
#7 C:\Users\abiisaleh\Documents\ci4\CodeIgniter4\system\Commands\Database\MigrateRollback.php(92): CodeIgniter\Database\MigrationRunner->regress(0)
#8 C:\Users\abiisaleh\Documents\ci4\CodeIgniter4\system\CLI\Commands.php(65): CodeIgniter\Commands\Database\MigrateRollback->run(Array)
#9 C:\Users\abiisaleh\Documents\ci4\CodeIgniter4\system\CLI\Console.php(37): CodeIgniter\CLI\Commands->run('migrate:rollbac...', Array)
#10 C:\Users\abiisaleh\Documents\ci4\ranu\spark(97): CodeIgniter\CLI\Console->run()
#11 {main}
ERROR - 2023-03-20 01:14:15 --> mysqli_sql_exception: Unknown table 'ranu.pilihan' in C:\Users\abiisaleh\Documents\ci4\CodeIgniter4\system\Database\MySQLi\Connection.php:295
Stack trace:
#0 C:\Users\abiisaleh\Documents\ci4\CodeIgniter4\system\Database\MySQLi\Connection.php(295): mysqli->query('DROP TABLE `pil...', 0)
#1 C:\Users\abiisaleh\Documents\ci4\CodeIgniter4\system\Database\BaseConnection.php(691): CodeIgniter\Database\MySQLi\Connection->execute('DROP TABLE `pil...')
#2 C:\Users\abiisaleh\Documents\ci4\CodeIgniter4\system\Database\BaseConnection.php(605): CodeIgniter\Database\BaseConnection->simpleQuery('DROP TABLE `pil...')
#3 C:\Users\abiisaleh\Documents\ci4\CodeIgniter4\system\Database\Forge.php(637): CodeIgniter\Database\BaseConnection->query('DROP TABLE `pil...')
#4 C:\Users\abiisaleh\Documents\ci4\ranu\app\Database\Migrations\2023-02-28-033912_Spkv2.php(220): CodeIgniter\Database\Forge->dropTable('pilihan')
#5 C:\Users\abiisaleh\Documents\ci4\CodeIgniter4\system\Database\MigrationRunner.php(877): App\Database\Migrations\Spkv2->down()
#6 C:\Users\abiisaleh\Documents\ci4\CodeIgniter4\system\Database\MigrationRunner.php(299): CodeIgniter\Database\MigrationRunner->migrate('down', Object(stdClass))
#7 C:\Users\abiisaleh\Documents\ci4\CodeIgniter4\system\Commands\Database\MigrateRollback.php(92): CodeIgniter\Database\MigrationRunner->regress(0)
#8 C:\Users\abiisaleh\Documents\ci4\CodeIgniter4\system\CLI\Commands.php(65): CodeIgniter\Commands\Database\MigrateRollback->run(Array)
#9 C:\Users\abiisaleh\Documents\ci4\CodeIgniter4\system\CLI\Console.php(37): CodeIgniter\CLI\Commands->run('migrate:rollbac...', Array)
#10 C:\Users\abiisaleh\Documents\ci4\ranu\spark(97): CodeIgniter\CLI\Console->run()
#11 {main}
CRITICAL - 2023-03-20 01:41:47 --> syntax error, unexpected token ";", expecting "]"
in APPPATH\Controllers\admin\Kriteria.php on line 41.
 1 SYSTEMPATH\Autoloader\Autoloader.php(289): CodeIgniter\Autoloader\Autoloader->includeFile('APPPATH\\Controllers\\admin\\Kriteria.php')
 2 SYSTEMPATH\Autoloader\Autoloader.php(267): CodeIgniter\Autoloader\Autoloader->loadInNamespace('App\\Controllers\\admin\\kriteria')
 3 [internal function]: CodeIgniter\Autoloader\Autoloader->loadClass('App\\Controllers\\admin\\kriteria')
 4 SYSTEMPATH\CodeIgniter.php(892): class_exists('\\App\\Controllers\\admin\\kriteria', true)
 5 SYSTEMPATH\CodeIgniter.php(486): CodeIgniter\CodeIgniter->startController()
 6 SYSTEMPATH\CodeIgniter.php(368): CodeIgniter\CodeIgniter->handleRequest(null, Object(Config\Cache), false)
 7 FCPATH\index.php(67): CodeIgniter\CodeIgniter->run()
 8 SYSTEMPATH\Commands\Server\rewrite.php(47): require_once('FCPATH\\index.php')
CRITICAL - 2023-03-20 01:42:11 --> Undefined property: App\Controllers\Admin\Kriteria::$subkriteria
in APPPATH\Controllers\admin\Kriteria.php on line 41.
 1 APPPATH\Controllers\admin\Kriteria.php(41): CodeIgniter\Debug\Exceptions->errorHandler(2, 'Undefined property: App\\Controllers\\Admin\\Kriteria::$subkriteria', 'APPPATH\\Controllers\\admin\\Kriteria.php', 41)
 2 SYSTEMPATH\CodeIgniter.php(934): App\Controllers\Admin\Kriteria->get_data()
 3 SYSTEMPATH\CodeIgniter.php(499): CodeIgniter\CodeIgniter->runController(Object(App\Controllers\Admin\Kriteria))
 4 SYSTEMPATH\CodeIgniter.php(368): CodeIgniter\CodeIgniter->handleRequest(null, Object(Config\Cache), false)
 5 FCPATH\index.php(67): CodeIgniter\CodeIgniter->run()
 6 SYSTEMPATH\Commands\Server\rewrite.php(47): require_once('FCPATH\\index.php')
CRITICAL - 2023-03-20 01:43:02 --> Trying to access array offset on value of type null
in APPPATH\Views\pages\admin\kriteria\tabel.php on line 23.
 1 APPPATH\Views\pages\admin\kriteria\tabel.php(23): CodeIgniter\Debug\Exceptions->errorHandler(2, 'Trying to access array offset on value of type null', 'APPPATH\\Views\\pages\\admin\\kriteria\\tabel.php', 23)
 2 SYSTEMPATH\View\View.php(213): include('APPPATH\\Views\\pages\\admin\\kriteria\\tabel.php')
 3 SYSTEMPATH\View\View.php(216): CodeIgniter\View\View->CodeIgniter\View\{closure}()
 4 SYSTEMPATH\Common.php(1177): CodeIgniter\View\View->render('pages/admin/kriteria/tabel', [], true)
 5 APPPATH\Controllers\admin\Kriteria.php(45): view('pages/admin/kriteria/tabel', [...])
 6 SYSTEMPATH\CodeIgniter.php(934): App\Controllers\Admin\Kriteria->get_data()
 7 SYSTEMPATH\CodeIgniter.php(499): CodeIgniter\CodeIgniter->runController(Object(App\Controllers\Admin\Kriteria))
 8 SYSTEMPATH\CodeIgniter.php(368): CodeIgniter\CodeIgniter->handleRequest(null, Object(Config\Cache), false)
 9 FCPATH\index.php(67): CodeIgniter\CodeIgniter->run()
10 SYSTEMPATH\Commands\Server\rewrite.php(47): require_once('FCPATH\\index.php')
CRITICAL - 2023-03-20 01:47:23 --> syntax error, unexpected token "endif"
in APPPATH\Views\pages\admin\kriteria\tabel.php on line 26.
 1 SYSTEMPATH\View\View.php(216): CodeIgniter\View\View->CodeIgniter\View\{closure}()
 2 SYSTEMPATH\Common.php(1177): CodeIgniter\View\View->render('pages/admin/kriteria/tabel', [], true)
 3 APPPATH\Controllers\admin\Kriteria.php(45): view('pages/admin/kriteria/tabel', [...])
 4 SYSTEMPATH\CodeIgniter.php(934): App\Controllers\Admin\Kriteria->get_data()
 5 SYSTEMPATH\CodeIgniter.php(499): CodeIgniter\CodeIgniter->runController(Object(App\Controllers\Admin\Kriteria))
 6 SYSTEMPATH\CodeIgniter.php(368): CodeIgniter\CodeIgniter->handleRequest(null, Object(Config\Cache), false)
 7 FCPATH\index.php(67): CodeIgniter\CodeIgniter->run()
 8 SYSTEMPATH\Commands\Server\rewrite.php(47): require_once('FCPATH\\index.php')
CRITICAL - 2023-03-20 01:56:30 --> Array to string conversion
in APPPATH\Views\pages\admin\kriteria\tabel.php on line 23.
 1 APPPATH\Views\pages\admin\kriteria\tabel.php(23): CodeIgniter\Debug\Exceptions->errorHandler(2, 'Array to string conversion', 'APPPATH\\Views\\pages\\admin\\kriteria\\tabel.php', 23)
 2 SYSTEMPATH\View\View.php(213): include('APPPATH\\Views\\pages\\admin\\kriteria\\tabel.php')
 3 SYSTEMPATH\View\View.php(216): CodeIgniter\View\View->CodeIgniter\View\{closure}()
 4 SYSTEMPATH\Common.php(1177): CodeIgniter\View\View->render('pages/admin/kriteria/tabel', [], true)
 5 APPPATH\Controllers\admin\Kriteria.php(45): view('pages/admin/kriteria/tabel', [...])
 6 SYSTEMPATH\CodeIgniter.php(934): App\Controllers\Admin\Kriteria->get_data()
 7 SYSTEMPATH\CodeIgniter.php(499): CodeIgniter\CodeIgniter->runController(Object(App\Controllers\Admin\Kriteria))
 8 SYSTEMPATH\CodeIgniter.php(368): CodeIgniter\CodeIgniter->handleRequest(null, Object(Config\Cache), false)
 9 FCPATH\index.php(67): CodeIgniter\CodeIgniter->run()
10 SYSTEMPATH\Commands\Server\rewrite.php(47): require_once('FCPATH\\index.php')
